[0.096s] DEBUG:colcon:Command line arguments: ['/usr/bin/colcon', 'build']
[0.096s] DEBUG:colcon:Parsed command line arguments: Namespace(log_base=None, log_level=None, verb_name='build', build_base='build', install_base='install', merge_install=False, symlink_install=False, test_result_base=None, continue_on_error=False, executor='parallel', parallel_workers=20, event_handlers=None, ignore_user_meta=False, metas=['./colcon.meta'], base_paths=['.'], packages_ignore=None, packages_ignore_regex=None, paths=None, packages_up_to=None, packages_up_to_regex=None, packages_above=None, packages_above_and_dependencies=None, packages_above_depth=None, packages_select_by_dep=None, packages_skip_by_dep=None, packages_skip_up_to=None, packages_select_build_failed=False, packages_skip_build_finished=False, packages_select_test_failures=False, packages_skip_test_passed=False, packages_select=None, packages_skip=None, packages_select_regex=None, packages_skip_regex=None, packages_start=None, packages_end=None, allow_overriding=[], cmake_args=None, cmake_target=None, cmake_target_skip_unavailable=False, cmake_clean_cache=False, cmake_clean_first=False, cmake_force_configure=False, ament_cmake_args=None, catkin_cmake_args=None, catkin_skip_building_tests=False, mixin_files=None, mixin=None, verb_parser=<colcon_mixin.mixin.mixin_argument.MixinArgumentDecorator object at 0x771b07851990>, verb_extension=<colcon_core.verb.build.BuildVerb object at 0x771b079d32e0>, main=<bound method BuildVerb.main of <colcon_core.verb.build.BuildVerb object at 0x771b079d32e0>>, mixin_verb=('build',))
[0.229s] Level 1:colcon.colcon_core.package_discovery:discover_packages(colcon_meta) check parameters
[0.229s] Level 1:colcon.colcon_core.package_discovery:discover_packages(recursive) check parameters
[0.229s] Level 1:colcon.colcon_core.package_discovery:discover_packages(ignore) check parameters
[0.229s] Level 1:colcon.colcon_core.package_discovery:discover_packages(path) check parameters
[0.230s] Level 1:colcon.colcon_core.package_discovery:discover_packages(colcon_meta) discover
[0.230s] Level 1:colcon.colcon_core.package_discovery:discover_packages(recursive) discover
[0.230s] INFO:colcon.colcon_core.package_discovery:Crawling recursively for packages in '/home/sshyuk/ros2_ws'
[0.230s] Level 1:colcon.colcon_core.package_identification:_identify(.) by extensions ['ignore', 'ignore_ament_install']
[0.230s] Level 1:colcon.colcon_core.package_identification:_identify(.) by extension 'ignore'
[0.230s] Level 1:colcon.colcon_core.package_identification:_identify(.) by extension 'ignore_ament_install'
[0.230s] Level 1:colcon.colcon_core.package_identification:_identify(.) by extensions ['colcon_pkg']
[0.230s] Level 1:colcon.colcon_core.package_identification:_identify(.) by extension 'colcon_pkg'
[0.230s] Level 1:colcon.colcon_core.package_identification:_identify(.) by extensions ['colcon_meta']
[0.230s] Level 1:colcon.colcon_core.package_identification:_identify(.) by extension 'colcon_meta'
[0.230s] Level 1:colcon.colcon_core.package_identification:_identify(.) by extensions ['ros']
[0.230s] Level 1:colcon.colcon_core.package_identification:_identify(.) by extension 'ros'
[0.237s] Level 1:colcon.colcon_core.package_identification:_identify(.) by extensions ['cmake', 'python']
[0.237s] Level 1:colcon.colcon_core.package_identification:_identify(.) by extension 'cmake'
[0.237s] Level 1:colcon.colcon_core.package_identification:_identify(.) by extension 'python'
[0.237s] Level 1:colcon.colcon_core.package_identification:_identify(.) by extensions ['python_setup_py']
[0.237s] Level 1:colcon.colcon_core.package_identification:_identify(.) by extension 'python_setup_py'
[0.237s] Level 1:colcon.colcon_core.package_identification:_identify(build) by extensions ['ignore', 'ignore_ament_install']
[0.237s] Level 1:colcon.colcon_core.package_identification:_identify(build) by extension 'ignore'
[0.237s] Level 1:colcon.colcon_core.package_identification:_identify(build) ignored
[0.237s] Level 1:colcon.colcon_core.package_identification:_identify(install) by extensions ['ignore', 'ignore_ament_install']
[0.237s] Level 1:colcon.colcon_core.package_identification:_identify(install) by extension 'ignore'
[0.237s] Level 1:colcon.colcon_core.package_identification:_identify(install) ignored
[0.237s] Level 1:colcon.colcon_core.package_identification:_identify(log) by extensions ['ignore', 'ignore_ament_install']
[0.237s] Level 1:colcon.colcon_core.package_identification:_identify(log) by extension 'ignore'
[0.237s] Level 1:colcon.colcon_core.package_identification:_identify(log) ignored
[0.237s] Level 1:colcon.colcon_core.package_identification:_identify(src) by extensions ['ignore', 'ignore_ament_install']
[0.237s] Level 1:colcon.colcon_core.package_identification:_identify(src) by extension 'ignore'
[0.237s] Level 1:colcon.colcon_core.package_identification:_identify(src) by extension 'ignore_ament_install'
[0.237s] Level 1:colcon.colcon_core.package_identification:_identify(src) by extensions ['colcon_pkg']
[0.237s] Level 1:colcon.colcon_core.package_identification:_identify(src) by extension 'colcon_pkg'
[0.237s] Level 1:colcon.colcon_core.package_identification:_identify(src) by extensions ['colcon_meta']
[0.237s] Level 1:colcon.colcon_core.package_identification:_identify(src) by extension 'colcon_meta'
[0.237s] Level 1:colcon.colcon_core.package_identification:_identify(src) by extensions ['ros']
[0.237s] Level 1:colcon.colcon_core.package_identification:_identify(src) by extension 'ros'
[0.238s] Level 1:colcon.colcon_core.package_identification:_identify(src) by extensions ['cmake', 'python']
[0.238s] Level 1:colcon.colcon_core.package_identification:_identify(src) by extension 'cmake'
[0.238s] Level 1:colcon.colcon_core.package_identification:_identify(src) by extension 'python'
[0.238s] Level 1:colcon.colcon_core.package_identification:_identify(src) by extensions ['python_setup_py']
[0.238s] Level 1:colcon.colcon_core.package_identification:_identify(src) by extension 'python_setup_py'
[0.238s] Level 1:colcon.colcon_core.package_identification:_identify(src/crawling_robot_controller) by extensions ['ignore', 'ignore_ament_install']
[0.238s] Level 1:colcon.colcon_core.package_identification:_identify(src/crawling_robot_controller) by extension 'ignore'
[0.238s] Level 1:colcon.colcon_core.package_identification:_identify(src/crawling_robot_controller) by extension 'ignore_ament_install'
[0.238s] Level 1:colcon.colcon_core.package_identification:_identify(src/crawling_robot_controller) by extensions ['colcon_pkg']
[0.238s] Level 1:colcon.colcon_core.package_identification:_identify(src/crawling_robot_controller) by extension 'colcon_pkg'
[0.238s] Level 1:colcon.colcon_core.package_identification:_identify(src/crawling_robot_controller) by extensions ['colcon_meta']
[0.238s] Level 1:colcon.colcon_core.package_identification:_identify(src/crawling_robot_controller) by extension 'colcon_meta'
[0.238s] Level 1:colcon.colcon_core.package_identification:_identify(src/crawling_robot_controller) by extensions ['ros']
[0.238s] Level 1:colcon.colcon_core.package_identification:_identify(src/crawling_robot_controller) by extension 'ros'
[0.240s] DEBUG:colcon.colcon_core.package_identification:Package 'src/crawling_robot_controller' with type 'ros.ament_cmake' and name 'crawling_robot_controller'
[0.240s] Level 1:colcon.colcon_core.package_identification:_identify(src/crawling_sunghyuk) by extensions ['ignore', 'ignore_ament_install']
[0.240s] Level 1:colcon.colcon_core.package_identification:_identify(src/crawling_sunghyuk) by extension 'ignore'
[0.240s] Level 1:colcon.colcon_core.package_identification:_identify(src/crawling_sunghyuk) by extension 'ignore_ament_install'
[0.240s] Level 1:colcon.colcon_core.package_identification:_identify(src/crawling_sunghyuk) by extensions ['colcon_pkg']
[0.240s] Level 1:colcon.colcon_core.package_identification:_identify(src/crawling_sunghyuk) by extension 'colcon_pkg'
[0.240s] Level 1:colcon.colcon_core.package_identification:_identify(src/crawling_sunghyuk) by extensions ['colcon_meta']
[0.240s] Level 1:colcon.colcon_core.package_identification:_identify(src/crawling_sunghyuk) by extension 'colcon_meta'
[0.240s] Level 1:colcon.colcon_core.package_identification:_identify(src/crawling_sunghyuk) by extensions ['ros']
[0.240s] Level 1:colcon.colcon_core.package_identification:_identify(src/crawling_sunghyuk) by extension 'ros'
[0.241s] DEBUG:colcon.colcon_core.package_identification:Package 'src/crawling_sunghyuk' with type 'ros.ament_python' and name 'crawling_sunghyuk'
[0.241s] Level 1:colcon.colcon_core.package_identification:_identify(src/keyboard) by extensions ['ignore', 'ignore_ament_install']
[0.241s] Level 1:colcon.colcon_core.package_identification:_identify(src/keyboard) by extension 'ignore'
[0.241s] Level 1:colcon.colcon_core.package_identification:_identify(src/keyboard) by extension 'ignore_ament_install'
[0.241s] Level 1:colcon.colcon_core.package_identification:_identify(src/keyboard) by extensions ['colcon_pkg']
[0.241s] Level 1:colcon.colcon_core.package_identification:_identify(src/keyboard) by extension 'colcon_pkg'
[0.241s] Level 1:colcon.colcon_core.package_identification:_identify(src/keyboard) by extensions ['colcon_meta']
[0.241s] Level 1:colcon.colcon_core.package_identification:_identify(src/keyboard) by extension 'colcon_meta'
[0.241s] Level 1:colcon.colcon_core.package_identification:_identify(src/keyboard) by extensions ['ros']
[0.241s] Level 1:colcon.colcon_core.package_identification:_identify(src/keyboard) by extension 'ros'
[0.241s] DEBUG:colcon.colcon_core.package_identification:Package 'src/keyboard' with type 'ros.ament_python' and name 'keyboard'
[0.241s] Level 1:colcon.colcon_core.package_discovery:discover_packages(recursive) using defaults
[0.241s] Level 1:colcon.colcon_core.package_discovery:discover_packages(ignore) discover
[0.241s] Level 1:colcon.colcon_core.package_discovery:discover_packages(ignore) using defaults
[0.241s] Level 1:colcon.colcon_core.package_discovery:discover_packages(path) discover
[0.241s] Level 1:colcon.colcon_core.package_discovery:discover_packages(path) using defaults
[0.274s] Level 1:colcon.colcon_core.package_discovery:discover_packages(prefix_path) check parameters
[0.275s] Level 1:colcon.colcon_core.package_discovery:discover_packages(prefix_path) discover
[0.278s] DEBUG:colcon.colcon_installed_package_information.package_discovery:Found 3 installed packages in /home/sshyuk/ros2_ws/install
[0.279s] DEBUG:colcon.colcon_installed_package_information.package_discovery:Found 296 installed packages in /opt/ros/humble
[0.281s] Level 1:colcon.colcon_core.package_discovery:discover_packages(prefix_path) using defaults
[0.309s] Level 5:colcon.colcon_core.verb:set package 'crawling_robot_controller' build argument 'cmake_args' from command line to 'None'
[0.309s] Level 5:colcon.colcon_core.verb:set package 'crawling_robot_controller' build argument 'cmake_target' from command line to 'None'
[0.309s] Level 5:colcon.colcon_core.verb:set package 'crawling_robot_controller' build argument 'cmake_target_skip_unavailable' from command line to 'False'
[0.309s] Level 5:colcon.colcon_core.verb:set package 'crawling_robot_controller' build argument 'cmake_clean_cache' from command line to 'False'
[0.309s] Level 5:colcon.colcon_core.verb:set package 'crawling_robot_controller' build argument 'cmake_clean_first' from command line to 'False'
[0.309s] Level 5:colcon.colcon_core.verb:set package 'crawling_robot_controller' build argument 'cmake_force_configure' from command line to 'False'
[0.309s] Level 5:colcon.colcon_core.verb:set package 'crawling_robot_controller' build argument 'ament_cmake_args' from command line to 'None'
[0.309s] Level 5:colcon.colcon_core.verb:set package 'crawling_robot_controller' build argument 'catkin_cmake_args' from command line to 'None'
[0.309s] Level 5:colcon.colcon_core.verb:set package 'crawling_robot_controller' build argument 'catkin_skip_building_tests' from command line to 'False'
[0.309s] DEBUG:colcon.colcon_core.verb:Building package 'crawling_robot_controller' with the following arguments: {'ament_cmake_args': None, 'build_base': '/home/sshyuk/ros2_ws/build/crawling_robot_controller', 'catkin_cmake_args': None, 'catkin_skip_building_tests': False, 'cmake_args': None, 'cmake_clean_cache': False, 'cmake_clean_first': False, 'cmake_force_configure': False, 'cmake_target': None, 'cmake_target_skip_unavailable': False, 'install_base': '/home/sshyuk/ros2_ws/install/crawling_robot_controller', 'merge_install': False, 'path': '/home/sshyuk/ros2_ws/src/crawling_robot_controller', 'symlink_install': False, 'test_result_base': None}
[0.309s] Level 5:colcon.colcon_core.verb:set package 'crawling_sunghyuk' build argument 'cmake_args' from command line to 'None'
[0.309s] Level 5:colcon.colcon_core.verb:set package 'crawling_sunghyuk' build argument 'cmake_target' from command line to 'None'
[0.309s] Level 5:colcon.colcon_core.verb:set package 'crawling_sunghyuk' build argument 'cmake_target_skip_unavailable' from command line to 'False'
[0.309s] Level 5:colcon.colcon_core.verb:set package 'crawling_sunghyuk' build argument 'cmake_clean_cache' from command line to 'False'
[0.309s] Level 5:colcon.colcon_core.verb:set package 'crawling_sunghyuk' build argument 'cmake_clean_first' from command line to 'False'
[0.309s] Level 5:colcon.colcon_core.verb:set package 'crawling_sunghyuk' build argument 'cmake_force_configure' from command line to 'False'
[0.309s] Level 5:colcon.colcon_core.verb:set package 'crawling_sunghyuk' build argument 'ament_cmake_args' from command line to 'None'
[0.309s] Level 5:colcon.colcon_core.verb:set package 'crawling_sunghyuk' build argument 'catkin_cmake_args' from command line to 'None'
[0.309s] Level 5:colcon.colcon_core.verb:set package 'crawling_sunghyuk' build argument 'catkin_skip_building_tests' from command line to 'False'
[0.310s] DEBUG:colcon.colcon_core.verb:Building package 'crawling_sunghyuk' with the following arguments: {'ament_cmake_args': None, 'build_base': '/home/sshyuk/ros2_ws/build/crawling_sunghyuk', 'catkin_cmake_args': None, 'catkin_skip_building_tests': False, 'cmake_args': None, 'cmake_clean_cache': False, 'cmake_clean_first': False, 'cmake_force_configure': False, 'cmake_target': None, 'cmake_target_skip_unavailable': False, 'install_base': '/home/sshyuk/ros2_ws/install/crawling_sunghyuk', 'merge_install': False, 'path': '/home/sshyuk/ros2_ws/src/crawling_sunghyuk', 'symlink_install': False, 'test_result_base': None}
[0.310s] Level 5:colcon.colcon_core.verb:set package 'keyboard' build argument 'cmake_args' from command line to 'None'
[0.310s] Level 5:colcon.colcon_core.verb:set package 'keyboard' build argument 'cmake_target' from command line to 'None'
[0.310s] Level 5:colcon.colcon_core.verb:set package 'keyboard' build argument 'cmake_target_skip_unavailable' from command line to 'False'
[0.310s] Level 5:colcon.colcon_core.verb:set package 'keyboard' build argument 'cmake_clean_cache' from command line to 'False'
[0.310s] Level 5:colcon.colcon_core.verb:set package 'keyboard' build argument 'cmake_clean_first' from command line to 'False'
[0.310s] Level 5:colcon.colcon_core.verb:set package 'keyboard' build argument 'cmake_force_configure' from command line to 'False'
[0.310s] Level 5:colcon.colcon_core.verb:set package 'keyboard' build argument 'ament_cmake_args' from command line to 'None'
[0.310s] Level 5:colcon.colcon_core.verb:set package 'keyboard' build argument 'catkin_cmake_args' from command line to 'None'
[0.310s] Level 5:colcon.colcon_core.verb:set package 'keyboard' build argument 'catkin_skip_building_tests' from command line to 'False'
[0.310s] DEBUG:colcon.colcon_core.verb:Building package 'keyboard' with the following arguments: {'ament_cmake_args': None, 'build_base': '/home/sshyuk/ros2_ws/build/keyboard', 'catkin_cmake_args': None, 'catkin_skip_building_tests': False, 'cmake_args': None, 'cmake_clean_cache': False, 'cmake_clean_first': False, 'cmake_force_configure': False, 'cmake_target': None, 'cmake_target_skip_unavailable': False, 'install_base': '/home/sshyuk/ros2_ws/install/keyboard', 'merge_install': False, 'path': '/home/sshyuk/ros2_ws/src/keyboard', 'symlink_install': False, 'test_result_base': None}
[0.310s] INFO:colcon.colcon_core.executor:Executing jobs using 'parallel' executor
[0.311s] DEBUG:colcon.colcon_parallel_executor.executor.parallel:run_until_complete
[0.311s] INFO:colcon.colcon_ros.task.ament_cmake.build:Building ROS package in '/home/sshyuk/ros2_ws/src/crawling_robot_controller' with build type 'ament_cmake'
[0.311s] INFO:colcon.colcon_cmake.task.cmake.build:Building CMake package in '/home/sshyuk/ros2_ws/src/crawling_robot_controller'
[0.313s] INFO:colcon.colcon_core.plugin_system:Skipping extension 'colcon_core.shell.bat': Not used on non-Windows systems
[0.313s] INFO:colcon.colcon_core.shell:Skip shell extension 'powershell' for command environment: Not usable outside of PowerShell
[0.314s] DEBUG:colcon.colcon_core.shell:Skip shell extension 'dsv' for command environment
[0.316s] INFO:colcon.colcon_ros.task.ament_python.build:Building ROS package in '/home/sshyuk/ros2_ws/src/crawling_sunghyuk' with build type 'ament_python'
[0.316s] Level 1:colcon.colcon_core.shell:create_environment_hook('crawling_sunghyuk', 'ament_prefix_path')
[0.316s] INFO:colcon.colcon_core.shell:Creating environment hook '/home/sshyuk/ros2_ws/install/crawling_sunghyuk/share/crawling_sunghyuk/hook/ament_prefix_path.ps1'
[0.317s] INFO:colcon.colcon_core.shell:Creating environment descriptor '/home/sshyuk/ros2_ws/install/crawling_sunghyuk/share/crawling_sunghyuk/hook/ament_prefix_path.dsv'
[0.317s] INFO:colcon.colcon_core.shell:Creating environment hook '/home/sshyuk/ros2_ws/install/crawling_sunghyuk/share/crawling_sunghyuk/hook/ament_prefix_path.sh'
[0.317s] INFO:colcon.colcon_core.shell:Skip shell extension 'powershell' for command environment: Not usable outside of PowerShell
[0.317s] DEBUG:colcon.colcon_core.shell:Skip shell extension 'dsv' for command environment
[0.319s] INFO:colcon.colcon_ros.task.ament_python.build:Building ROS package in '/home/sshyuk/ros2_ws/src/keyboard' with build type 'ament_python'
[0.319s] Level 1:colcon.colcon_core.shell:create_environment_hook('keyboard', 'ament_prefix_path')
[0.319s] INFO:colcon.colcon_core.shell:Creating environment hook '/home/sshyuk/ros2_ws/install/keyboard/share/keyboard/hook/ament_prefix_path.ps1'
[0.320s] INFO:colcon.colcon_core.shell:Creating environment descriptor '/home/sshyuk/ros2_ws/install/keyboard/share/keyboard/hook/ament_prefix_path.dsv'
[0.320s] INFO:colcon.colcon_core.shell:Creating environment hook '/home/sshyuk/ros2_ws/install/keyboard/share/keyboard/hook/ament_prefix_path.sh'
[0.320s] INFO:colcon.colcon_core.shell:Skip shell extension 'powershell' for command environment: Not usable outside of PowerShell
[0.320s] DEBUG:colcon.colcon_core.shell:Skip shell extension 'dsv' for command environment
[0.324s] DEBUG:colcon.colcon_core.event_handler.log_command:Invoking command in '/home/sshyuk/ros2_ws/build/crawling_robot_controller': CMAKE_PREFIX_PATH=${CMAKE_PREFIX_PATH}:/home/sshyuk/ros2_ws/install/keyboard:/home/sshyuk/ros2_ws/install/crawling_sunghyuk:/opt/ros/humble /usr/bin/cmake --build /home/sshyuk/ros2_ws/build/crawling_robot_controller -- -j20 -l20
[0.475s] INFO:colcon.colcon_core.task.python.build:Building Python package in '/home/sshyuk/ros2_ws/src/crawling_sunghyuk'
[0.476s] INFO:colcon.colcon_core.shell:Skip shell extension 'powershell' for command environment: Not usable outside of PowerShell
[0.476s] DEBUG:colcon.colcon_core.shell:Skip shell extension 'dsv' for command environment
[0.629s] INFO:colcon.colcon_core.task.python.build:Building Python package in '/home/sshyuk/ros2_ws/src/keyboard'
[0.630s] INFO:colcon.colcon_core.shell:Skip shell extension 'powershell' for command environment: Not usable outside of PowerShell
[0.630s] DEBUG:colcon.colcon_core.shell:Skip shell extension 'dsv' for command environment
[0.851s] DEBUG:colcon.colcon_core.event_handler.log_command:Invoking command in '/home/sshyuk/ros2_ws/src/crawling_sunghyuk': PYTHONPATH=/home/sshyuk/ros2_ws/build/crawling_sunghyuk/prefix_override:/usr/lib/python3/dist-packages/colcon_core/task/python/colcon_distutils_commands:/home/sshyuk/ros2_ws/install/crawling_sunghyuk/lib/python3.10/site-packages:${PYTHONPATH} /usr/bin/python3 -W ignore:setup.py install is deprecated -W ignore:easy_install command is deprecated setup.py egg_info --egg-base ../../build/crawling_sunghyuk build --build-base /home/sshyuk/ros2_ws/build/crawling_sunghyuk/build install --record /home/sshyuk/ros2_ws/build/crawling_sunghyuk/install.log --single-version-externally-managed install_data
[0.852s] DEBUG:colcon.colcon_core.event_handler.log_command:Invoking command in '/home/sshyuk/ros2_ws/src/keyboard': PYTHONPATH=/home/sshyuk/ros2_ws/build/keyboard/prefix_override:/usr/lib/python3/dist-packages/colcon_core/task/python/colcon_distutils_commands:/home/sshyuk/ros2_ws/install/keyboard/lib/python3.10/site-packages:${PYTHONPATH} /usr/bin/python3 -W ignore:setup.py install is deprecated -W ignore:easy_install command is deprecated setup.py egg_info --egg-base ../../build/keyboard build --build-base /home/sshyuk/ros2_ws/build/keyboard/build install --record /home/sshyuk/ros2_ws/build/keyboard/install.log --single-version-externally-managed install_data
[1.026s] DEBUG:colcon.colcon_core.event_handler.log_command:Invoked command in '/home/sshyuk/ros2_ws/src/crawling_sunghyuk' returned '0': PYTHONPATH=/home/sshyuk/ros2_ws/build/crawling_sunghyuk/prefix_override:/usr/lib/python3/dist-packages/colcon_core/task/python/colcon_distutils_commands:/home/sshyuk/ros2_ws/install/crawling_sunghyuk/lib/python3.10/site-packages:${PYTHONPATH} /usr/bin/python3 -W ignore:setup.py install is deprecated -W ignore:easy_install command is deprecated setup.py egg_info --egg-base ../../build/crawling_sunghyuk build --build-base /home/sshyuk/ros2_ws/build/crawling_sunghyuk/build install --record /home/sshyuk/ros2_ws/build/crawling_sunghyuk/install.log --single-version-externally-managed install_data
[1.029s] Level 1:colcon.colcon_core.environment:checking '/home/sshyuk/ros2_ws/install/crawling_sunghyuk' for CMake module files
[1.030s] Level 1:colcon.colcon_core.environment:checking '/home/sshyuk/ros2_ws/install/crawling_sunghyuk' for CMake config files
[1.030s] Level 1:colcon.colcon_core.environment:checking '/home/sshyuk/ros2_ws/install/crawling_sunghyuk/lib'
[1.030s] Level 1:colcon.colcon_core.environment:checking '/home/sshyuk/ros2_ws/install/crawling_sunghyuk/bin'
[1.030s] Level 1:colcon.colcon_core.environment:checking '/home/sshyuk/ros2_ws/install/crawling_sunghyuk/lib/pkgconfig/crawling_sunghyuk.pc'
[1.030s] Level 1:colcon.colcon_core.environment:checking '/home/sshyuk/ros2_ws/install/crawling_sunghyuk/lib/python3.10/site-packages'
[1.030s] Level 1:colcon.colcon_core.shell:create_environment_hook('crawling_sunghyuk', 'pythonpath')
[1.030s] INFO:colcon.colcon_core.shell:Creating environment hook '/home/sshyuk/ros2_ws/install/crawling_sunghyuk/share/crawling_sunghyuk/hook/pythonpath.ps1'
[1.031s] INFO:colcon.colcon_core.shell:Creating environment descriptor '/home/sshyuk/ros2_ws/install/crawling_sunghyuk/share/crawling_sunghyuk/hook/pythonpath.dsv'
[1.031s] INFO:colcon.colcon_core.shell:Creating environment hook '/home/sshyuk/ros2_ws/install/crawling_sunghyuk/share/crawling_sunghyuk/hook/pythonpath.sh'
[1.031s] Level 1:colcon.colcon_core.environment:checking '/home/sshyuk/ros2_ws/install/crawling_sunghyuk/bin'
[1.031s] Level 1:colcon.colcon_core.environment:create_environment_scripts_only(crawling_sunghyuk)
[1.032s] INFO:colcon.colcon_core.shell:Creating package script '/home/sshyuk/ros2_ws/install/crawling_sunghyuk/share/crawling_sunghyuk/package.ps1'
[1.032s] INFO:colcon.colcon_core.shell:Creating package descriptor '/home/sshyuk/ros2_ws/install/crawling_sunghyuk/share/crawling_sunghyuk/package.dsv'
[1.033s] INFO:colcon.colcon_core.shell:Creating package script '/home/sshyuk/ros2_ws/install/crawling_sunghyuk/share/crawling_sunghyuk/package.sh'
[1.033s] INFO:colcon.colcon_core.shell:Creating package script '/home/sshyuk/ros2_ws/install/crawling_sunghyuk/share/crawling_sunghyuk/package.bash'
[1.034s] INFO:colcon.colcon_core.shell:Creating package script '/home/sshyuk/ros2_ws/install/crawling_sunghyuk/share/crawling_sunghyuk/package.zsh'
[1.034s] Level 1:colcon.colcon_core.environment:create_file_with_runtime_dependencies(/home/sshyuk/ros2_ws/install/crawling_sunghyuk/share/colcon-core/packages/crawling_sunghyuk)
[1.049s] Level 1:colcon.colcon_core.environment:checking '/home/sshyuk/ros2_ws/install/keyboard' for CMake module files
[1.050s] DEBUG:colcon.colcon_core.event_handler.log_command:Invoked command in '/home/sshyuk/ros2_ws/src/keyboard' returned '0': PYTHONPATH=/home/sshyuk/ros2_ws/build/keyboard/prefix_override:/usr/lib/python3/dist-packages/colcon_core/task/python/colcon_distutils_commands:/home/sshyuk/ros2_ws/install/keyboard/lib/python3.10/site-packages:${PYTHONPATH} /usr/bin/python3 -W ignore:setup.py install is deprecated -W ignore:easy_install command is deprecated setup.py egg_info --egg-base ../../build/keyboard build --build-base /home/sshyuk/ros2_ws/build/keyboard/build install --record /home/sshyuk/ros2_ws/build/keyboard/install.log --single-version-externally-managed install_data
[1.050s] Level 1:colcon.colcon_core.environment:checking '/home/sshyuk/ros2_ws/install/keyboard' for CMake config files
[1.050s] Level 1:colcon.colcon_core.environment:checking '/home/sshyuk/ros2_ws/install/keyboard/lib'
[1.050s] Level 1:colcon.colcon_core.environment:checking '/home/sshyuk/ros2_ws/install/keyboard/bin'
[1.050s] Level 1:colcon.colcon_core.environment:checking '/home/sshyuk/ros2_ws/install/keyboard/lib/pkgconfig/keyboard.pc'
[1.050s] Level 1:colcon.colcon_core.environment:checking '/home/sshyuk/ros2_ws/install/keyboard/lib/python3.10/site-packages'
[1.050s] Level 1:colcon.colcon_core.shell:create_environment_hook('keyboard', 'pythonpath')
[1.051s] INFO:colcon.colcon_core.shell:Creating environment hook '/home/sshyuk/ros2_ws/install/keyboard/share/keyboard/hook/pythonpath.ps1'
[1.051s] INFO:colcon.colcon_core.shell:Creating environment descriptor '/home/sshyuk/ros2_ws/install/keyboard/share/keyboard/hook/pythonpath.dsv'
[1.051s] INFO:colcon.colcon_core.shell:Creating environment hook '/home/sshyuk/ros2_ws/install/keyboard/share/keyboard/hook/pythonpath.sh'
[1.052s] Level 1:colcon.colcon_core.environment:checking '/home/sshyuk/ros2_ws/install/keyboard/bin'
[1.052s] Level 1:colcon.colcon_core.environment:create_environment_scripts_only(keyboard)
[1.052s] INFO:colcon.colcon_core.shell:Creating package script '/home/sshyuk/ros2_ws/install/keyboard/share/keyboard/package.ps1'
[1.052s] INFO:colcon.colcon_core.shell:Creating package descriptor '/home/sshyuk/ros2_ws/install/keyboard/share/keyboard/package.dsv'
[1.052s] INFO:colcon.colcon_core.shell:Creating package script '/home/sshyuk/ros2_ws/install/keyboard/share/keyboard/package.sh'
[1.053s] INFO:colcon.colcon_core.shell:Creating package script '/home/sshyuk/ros2_ws/install/keyboard/share/keyboard/package.bash'
[1.053s] INFO:colcon.colcon_core.shell:Creating package script '/home/sshyuk/ros2_ws/install/keyboard/share/keyboard/package.zsh'
[1.053s] Level 1:colcon.colcon_core.environment:create_file_with_runtime_dependencies(/home/sshyuk/ros2_ws/install/keyboard/share/colcon-core/packages/keyboard)
[5.970s] DEBUG:colcon.colcon_core.event_handler.log_command:Invoked command in '/home/sshyuk/ros2_ws/build/crawling_robot_controller' returned '0': CMAKE_PREFIX_PATH=${CMAKE_PREFIX_PATH}:/home/sshyuk/ros2_ws/install/keyboard:/home/sshyuk/ros2_ws/install/crawling_sunghyuk:/opt/ros/humble /usr/bin/cmake --build /home/sshyuk/ros2_ws/build/crawling_robot_controller -- -j20 -l20
[5.979s] DEBUG:colcon.colcon_core.event_handler.log_command:Invoking command in '/home/sshyuk/ros2_ws/build/crawling_robot_controller': CMAKE_PREFIX_PATH=${CMAKE_PREFIX_PATH}:/home/sshyuk/ros2_ws/install/keyboard:/home/sshyuk/ros2_ws/install/crawling_sunghyuk:/opt/ros/humble /usr/bin/cmake --install /home/sshyuk/ros2_ws/build/crawling_robot_controller
[5.996s] Level 1:colcon.colcon_core.environment:create_environment_scripts_only(crawling_robot_controller)
[5.996s] Level 1:colcon.colcon_core.environment:checking '/home/sshyuk/ros2_ws/install/crawling_robot_controller' for CMake module files
[5.997s] DEBUG:colcon.colcon_core.event_handler.log_command:Invoked command in '/home/sshyuk/ros2_ws/build/crawling_robot_controller' returned '0': CMAKE_PREFIX_PATH=${CMAKE_PREFIX_PATH}:/home/sshyuk/ros2_ws/install/keyboard:/home/sshyuk/ros2_ws/install/crawling_sunghyuk:/opt/ros/humble /usr/bin/cmake --install /home/sshyuk/ros2_ws/build/crawling_robot_controller
[5.997s] Level 1:colcon.colcon_core.environment:checking '/home/sshyuk/ros2_ws/install/crawling_robot_controller' for CMake config files
[5.998s] Level 1:colcon.colcon_core.shell:create_environment_hook('crawling_robot_controller', 'cmake_prefix_path')
[5.998s] INFO:colcon.colcon_core.shell:Creating environment hook '/home/sshyuk/ros2_ws/install/crawling_robot_controller/share/crawling_robot_controller/hook/cmake_prefix_path.ps1'
[5.999s] INFO:colcon.colcon_core.shell:Creating environment descriptor '/home/sshyuk/ros2_ws/install/crawling_robot_controller/share/crawling_robot_controller/hook/cmake_prefix_path.dsv'
[5.999s] INFO:colcon.colcon_core.shell:Creating environment hook '/home/sshyuk/ros2_ws/install/crawling_robot_controller/share/crawling_robot_controller/hook/cmake_prefix_path.sh'
[6.000s] Level 1:colcon.colcon_core.environment:checking '/home/sshyuk/ros2_ws/install/crawling_robot_controller/lib'
[6.000s] Level 1:colcon.colcon_core.environment:checking '/home/sshyuk/ros2_ws/install/crawling_robot_controller/bin'
[6.000s] Level 1:colcon.colcon_core.environment:checking '/home/sshyuk/ros2_ws/install/crawling_robot_controller/lib/pkgconfig/crawling_robot_controller.pc'
[6.001s] Level 1:colcon.colcon_core.environment:checking '/home/sshyuk/ros2_ws/install/crawling_robot_controller/lib/python3.10/site-packages'
[6.001s] Level 1:colcon.colcon_core.environment:checking '/home/sshyuk/ros2_ws/install/crawling_robot_controller/bin'
[6.001s] INFO:colcon.colcon_core.shell:Creating package script '/home/sshyuk/ros2_ws/install/crawling_robot_controller/share/crawling_robot_controller/package.ps1'
[6.002s] INFO:colcon.colcon_core.shell:Creating package descriptor '/home/sshyuk/ros2_ws/install/crawling_robot_controller/share/crawling_robot_controller/package.dsv'
[6.003s] INFO:colcon.colcon_core.shell:Creating package script '/home/sshyuk/ros2_ws/install/crawling_robot_controller/share/crawling_robot_controller/package.sh'
[6.003s] INFO:colcon.colcon_core.shell:Creating package script '/home/sshyuk/ros2_ws/install/crawling_robot_controller/share/crawling_robot_controller/package.bash'
[6.003s] INFO:colcon.colcon_core.shell:Creating package script '/home/sshyuk/ros2_ws/install/crawling_robot_controller/share/crawling_robot_controller/package.zsh'
[6.004s] Level 1:colcon.colcon_core.environment:create_file_with_runtime_dependencies(/home/sshyuk/ros2_ws/install/crawling_robot_controller/share/colcon-core/packages/crawling_robot_controller)
[6.004s] Level 1:colcon.colcon_core.environment:create_environment_scripts_only(crawling_robot_controller)
[6.005s] Level 1:colcon.colcon_core.environment:checking '/home/sshyuk/ros2_ws/install/crawling_robot_controller' for CMake module files
[6.005s] Level 1:colcon.colcon_core.environment:checking '/home/sshyuk/ros2_ws/install/crawling_robot_controller' for CMake config files
[6.005s] Level 1:colcon.colcon_core.shell:create_environment_hook('crawling_robot_controller', 'cmake_prefix_path')
[6.006s] INFO:colcon.colcon_core.shell:Creating environment hook '/home/sshyuk/ros2_ws/install/crawling_robot_controller/share/crawling_robot_controller/hook/cmake_prefix_path.ps1'
[6.006s] INFO:colcon.colcon_core.shell:Creating environment descriptor '/home/sshyuk/ros2_ws/install/crawling_robot_controller/share/crawling_robot_controller/hook/cmake_prefix_path.dsv'
[6.006s] INFO:colcon.colcon_core.shell:Creating environment hook '/home/sshyuk/ros2_ws/install/crawling_robot_controller/share/crawling_robot_controller/hook/cmake_prefix_path.sh'
[6.007s] Level 1:colcon.colcon_core.environment:checking '/home/sshyuk/ros2_ws/install/crawling_robot_controller/lib'
[6.007s] Level 1:colcon.colcon_core.environment:checking '/home/sshyuk/ros2_ws/install/crawling_robot_controller/bin'
[6.007s] Level 1:colcon.colcon_core.environment:checking '/home/sshyuk/ros2_ws/install/crawling_robot_controller/lib/pkgconfig/crawling_robot_controller.pc'
[6.008s] Level 1:colcon.colcon_core.environment:checking '/home/sshyuk/ros2_ws/install/crawling_robot_controller/lib/python3.10/site-packages'
[6.008s] Level 1:colcon.colcon_core.environment:checking '/home/sshyuk/ros2_ws/install/crawling_robot_controller/bin'
[6.008s] INFO:colcon.colcon_core.shell:Creating package script '/home/sshyuk/ros2_ws/install/crawling_robot_controller/share/crawling_robot_controller/package.ps1'
[6.009s] INFO:colcon.colcon_core.shell:Creating package descriptor '/home/sshyuk/ros2_ws/install/crawling_robot_controller/share/crawling_robot_controller/package.dsv'
[6.009s] INFO:colcon.colcon_core.shell:Creating package script '/home/sshyuk/ros2_ws/install/crawling_robot_controller/share/crawling_robot_controller/package.sh'
[6.009s] INFO:colcon.colcon_core.shell:Creating package script '/home/sshyuk/ros2_ws/install/crawling_robot_controller/share/crawling_robot_controller/package.bash'
[6.010s] INFO:colcon.colcon_core.shell:Creating package script '/home/sshyuk/ros2_ws/install/crawling_robot_controller/share/crawling_robot_controller/package.zsh'
[6.010s] Level 1:colcon.colcon_core.environment:create_file_with_runtime_dependencies(/home/sshyuk/ros2_ws/install/crawling_robot_controller/share/colcon-core/packages/crawling_robot_controller)
[6.010s] DEBUG:colcon.colcon_parallel_executor.executor.parallel:closing loop
[6.010s] DEBUG:colcon.colcon_parallel_executor.executor.parallel:loop closed
[6.010s] DEBUG:colcon.colcon_parallel_executor.executor.parallel:run_until_complete finished with '0'
[6.010s] DEBUG:colcon.colcon_core.event_reactor:joining thread
[6.016s] INFO:colcon.colcon_core.plugin_system:Skipping extension 'colcon_notification.desktop_notification.terminal_notifier': Not used on non-Darwin systems
[6.017s] INFO:colcon.colcon_core.plugin_system:Skipping extension 'colcon_notification.desktop_notification.win32': Not used on non-Windows systems
[6.017s] INFO:colcon.colcon_notification.desktop_notification:Sending desktop notification using 'notify2'
[6.048s] DEBUG:colcon.colcon_core.event_reactor:joined thread
[6.048s] INFO:colcon.colcon_core.shell:Creating prefix script '/home/sshyuk/ros2_ws/install/local_setup.ps1'
[6.049s] INFO:colcon.colcon_core.shell:Creating prefix util module '/home/sshyuk/ros2_ws/install/_local_setup_util_ps1.py'
[6.050s] INFO:colcon.colcon_core.shell:Creating prefix chain script '/home/sshyuk/ros2_ws/install/setup.ps1'
[6.051s] INFO:colcon.colcon_core.shell:Creating prefix script '/home/sshyuk/ros2_ws/install/local_setup.sh'
[6.051s] INFO:colcon.colcon_core.shell:Creating prefix util module '/home/sshyuk/ros2_ws/install/_local_setup_util_sh.py'
[6.052s] INFO:colcon.colcon_core.shell:Creating prefix chain script '/home/sshyuk/ros2_ws/install/setup.sh'
[6.052s] INFO:colcon.colcon_core.shell:Creating prefix script '/home/sshyuk/ros2_ws/install/local_setup.bash'
[6.053s] INFO:colcon.colcon_core.shell:Creating prefix chain script '/home/sshyuk/ros2_ws/install/setup.bash'
[6.053s] INFO:colcon.colcon_core.shell:Creating prefix script '/home/sshyuk/ros2_ws/install/local_setup.zsh'
[6.054s] INFO:colcon.colcon_core.shell:Creating prefix chain script '/home/sshyuk/ros2_ws/install/setup.zsh'
