[0.068s] DEBUG:colcon:Command line arguments: ['/usr/bin/colcon', 'build', '--symlink-install']
[0.069s] DEBUG:colcon:Parsed command line arguments: Namespace(log_base=None, log_level=None, verb_name='build', build_base='build', install_base='install', merge_install=False, symlink_install=True, test_result_base=None, continue_on_error=False, executor='parallel', parallel_workers=20, event_handlers=None, ignore_user_meta=False, metas=['./colcon.meta'], base_paths=['.'], packages_ignore=None, packages_ignore_regex=None, paths=None, packages_up_to=None, packages_up_to_regex=None, packages_above=None, packages_above_and_dependencies=None, packages_above_depth=None, packages_select_by_dep=None, packages_skip_by_dep=None, packages_skip_up_to=None, packages_select_build_failed=False, packages_skip_build_finished=False, packages_select_test_failures=False, packages_skip_test_passed=False, packages_select=None, packages_skip=None, packages_select_regex=None, packages_skip_regex=None, packages_start=None, packages_end=None, allow_overriding=[], cmake_args=None, cmake_target=None, cmake_target_skip_unavailable=False, cmake_clean_cache=False, cmake_clean_first=False, cmake_force_configure=False, ament_cmake_args=None, catkin_cmake_args=None, catkin_skip_building_tests=False, mixin_files=None, mixin=None, verb_parser=<colcon_mixin.mixin.mixin_argument.MixinArgumentDecorator object at 0x7080f1f49960>, verb_extension=<colcon_core.verb.build.BuildVerb object at 0x7080f20c72b0>, main=<bound method BuildVerb.main of <colcon_core.verb.build.BuildVerb object at 0x7080f20c72b0>>, mixin_verb=('build',))
[0.162s] Level 1:colcon.colcon_core.package_discovery:discover_packages(colcon_meta) check parameters
[0.162s] Level 1:colcon.colcon_core.package_discovery:discover_packages(recursive) check parameters
[0.162s] Level 1:colcon.colcon_core.package_discovery:discover_packages(ignore) check parameters
[0.163s] Level 1:colcon.colcon_core.package_discovery:discover_packages(path) check parameters
[0.163s] Level 1:colcon.colcon_core.package_discovery:discover_packages(colcon_meta) discover
[0.163s] Level 1:colcon.colcon_core.package_discovery:discover_packages(recursive) discover
[0.163s] INFO:colcon.colcon_core.package_discovery:Crawling recursively for packages in '/home/sshyuk/ros2_ws/src/crawling_robot_controller'
[0.163s] Level 1:colcon.colcon_core.package_identification:_identify(.) by extensions ['ignore', 'ignore_ament_install']
[0.163s] Level 1:colcon.colcon_core.package_identification:_identify(.) by extension 'ignore'
[0.163s] Level 1:colcon.colcon_core.package_identification:_identify(.) by extension 'ignore_ament_install'
[0.163s] Level 1:colcon.colcon_core.package_identification:_identify(.) by extensions ['colcon_pkg']
[0.163s] Level 1:colcon.colcon_core.package_identification:_identify(.) by extension 'colcon_pkg'
[0.163s] Level 1:colcon.colcon_core.package_identification:_identify(.) by extensions ['colcon_meta']
[0.163s] Level 1:colcon.colcon_core.package_identification:_identify(.) by extension 'colcon_meta'
[0.163s] Level 1:colcon.colcon_core.package_identification:_identify(.) by extensions ['ros']
[0.163s] Level 1:colcon.colcon_core.package_identification:_identify(.) by extension 'ros'
[0.171s] DEBUG:colcon.colcon_core.package_identification:Package '.' with type 'ros.ament_cmake' and name 'crawling_robot_controller'
[0.171s] Level 1:colcon.colcon_core.package_discovery:discover_packages(recursive) using defaults
[0.171s] Level 1:colcon.colcon_core.package_discovery:discover_packages(ignore) discover
[0.171s] Level 1:colcon.colcon_core.package_discovery:discover_packages(ignore) using defaults
[0.171s] Level 1:colcon.colcon_core.package_discovery:discover_packages(path) discover
[0.172s] Level 1:colcon.colcon_core.package_discovery:discover_packages(path) using defaults
[0.190s] Level 1:colcon.colcon_core.package_discovery:discover_packages(prefix_path) check parameters
[0.190s] Level 1:colcon.colcon_core.package_discovery:discover_packages(prefix_path) discover
[0.191s] DEBUG:colcon.colcon_installed_package_information.package_discovery:Found 3 installed packages in /home/sshyuk/ros2_ws/install
[0.192s] DEBUG:colcon.colcon_installed_package_information.package_discovery:Found 296 installed packages in /opt/ros/humble
[0.193s] Level 1:colcon.colcon_core.package_discovery:discover_packages(prefix_path) using defaults
[0.216s] Level 5:colcon.colcon_core.verb:set package 'crawling_robot_controller' build argument 'cmake_args' from command line to 'None'
[0.216s] Level 5:colcon.colcon_core.verb:set package 'crawling_robot_controller' build argument 'cmake_target' from command line to 'None'
[0.216s] Level 5:colcon.colcon_core.verb:set package 'crawling_robot_controller' build argument 'cmake_target_skip_unavailable' from command line to 'False'
[0.216s] Level 5:colcon.colcon_core.verb:set package 'crawling_robot_controller' build argument 'cmake_clean_cache' from command line to 'False'
[0.216s] Level 5:colcon.colcon_core.verb:set package 'crawling_robot_controller' build argument 'cmake_clean_first' from command line to 'False'
[0.216s] Level 5:colcon.colcon_core.verb:set package 'crawling_robot_controller' build argument 'cmake_force_configure' from command line to 'False'
[0.216s] Level 5:colcon.colcon_core.verb:set package 'crawling_robot_controller' build argument 'ament_cmake_args' from command line to 'None'
[0.216s] Level 5:colcon.colcon_core.verb:set package 'crawling_robot_controller' build argument 'catkin_cmake_args' from command line to 'None'
[0.216s] Level 5:colcon.colcon_core.verb:set package 'crawling_robot_controller' build argument 'catkin_skip_building_tests' from command line to 'False'
[0.216s] DEBUG:colcon.colcon_core.verb:Building package 'crawling_robot_controller' with the following arguments: {'ament_cmake_args': None, 'build_base': '/home/sshyuk/ros2_ws/src/crawling_robot_controller/build/crawling_robot_controller', 'catkin_cmake_args': None, 'catkin_skip_building_tests': False, 'cmake_args': None, 'cmake_clean_cache': False, 'cmake_clean_first': False, 'cmake_force_configure': False, 'cmake_target': None, 'cmake_target_skip_unavailable': False, 'install_base': '/home/sshyuk/ros2_ws/src/crawling_robot_controller/install/crawling_robot_controller', 'merge_install': False, 'path': '/home/sshyuk/ros2_ws/src/crawling_robot_controller', 'symlink_install': True, 'test_result_base': None}
[0.216s] INFO:colcon.colcon_core.executor:Executing jobs using 'parallel' executor
[0.217s] DEBUG:colcon.colcon_parallel_executor.executor.parallel:run_until_complete
[0.217s] INFO:colcon.colcon_ros.task.ament_cmake.build:Building ROS package in '/home/sshyuk/ros2_ws/src/crawling_robot_controller' with build type 'ament_cmake'
[0.217s] INFO:colcon.colcon_cmake.task.cmake.build:Building CMake package in '/home/sshyuk/ros2_ws/src/crawling_robot_controller'
[0.219s] INFO:colcon.colcon_core.plugin_system:Skipping extension 'colcon_core.shell.bat': Not used on non-Windows systems
[0.219s] INFO:colcon.colcon_core.shell:Skip shell extension 'powershell' for command environment: Not usable outside of PowerShell
[0.219s] DEBUG:colcon.colcon_core.shell:Skip shell extension 'dsv' for command environment
[0.225s] DEBUG:colcon.colcon_core.event_handler.log_command:Invoking command in '/home/sshyuk/ros2_ws/src/crawling_robot_controller/build/crawling_robot_controller': CMAKE_PREFIX_PATH=${CMAKE_PREFIX_PATH}:/home/sshyuk/ros2_ws/install/keyboard:/home/sshyuk/ros2_ws/install/crawling_sunghyuk:/opt/ros/humble /usr/bin/cmake /home/sshyuk/ros2_ws/src/crawling_robot_controller -DAMENT_CMAKE_SYMLINK_INSTALL=1 -DCMAKE_INSTALL_PREFIX=/home/sshyuk/ros2_ws/src/crawling_robot_controller/install/crawling_robot_controller
[1.287s] DEBUG:colcon.colcon_core.event_handler.log_command:Invoked command in '/home/sshyuk/ros2_ws/src/crawling_robot_controller/build/crawling_robot_controller' returned '0': CMAKE_PREFIX_PATH=${CMAKE_PREFIX_PATH}:/home/sshyuk/ros2_ws/install/keyboard:/home/sshyuk/ros2_ws/install/crawling_sunghyuk:/opt/ros/humble /usr/bin/cmake /home/sshyuk/ros2_ws/src/crawling_robot_controller -DAMENT_CMAKE_SYMLINK_INSTALL=1 -DCMAKE_INSTALL_PREFIX=/home/sshyuk/ros2_ws/src/crawling_robot_controller/install/crawling_robot_controller
[1.289s] DEBUG:colcon.colcon_core.event_handler.log_command:Invoking command in '/home/sshyuk/ros2_ws/src/crawling_robot_controller/build/crawling_robot_controller': CMAKE_PREFIX_PATH=${CMAKE_PREFIX_PATH}:/home/sshyuk/ros2_ws/install/keyboard:/home/sshyuk/ros2_ws/install/crawling_sunghyuk:/opt/ros/humble /usr/bin/cmake --build /home/sshyuk/ros2_ws/src/crawling_robot_controller/build/crawling_robot_controller -- -j20 -l20
[7.083s] DEBUG:colcon.colcon_core.event_handler.log_command:Invoked command in '/home/sshyuk/ros2_ws/src/crawling_robot_controller/build/crawling_robot_controller' returned '0': CMAKE_PREFIX_PATH=${CMAKE_PREFIX_PATH}:/home/sshyuk/ros2_ws/install/keyboard:/home/sshyuk/ros2_ws/install/crawling_sunghyuk:/opt/ros/humble /usr/bin/cmake --build /home/sshyuk/ros2_ws/src/crawling_robot_controller/build/crawling_robot_controller -- -j20 -l20
[7.094s] DEBUG:colcon.colcon_core.event_handler.log_command:Invoking command in '/home/sshyuk/ros2_ws/src/crawling_robot_controller/build/crawling_robot_controller': CMAKE_PREFIX_PATH=${CMAKE_PREFIX_PATH}:/home/sshyuk/ros2_ws/install/keyboard:/home/sshyuk/ros2_ws/install/crawling_sunghyuk:/opt/ros/humble /usr/bin/cmake --install /home/sshyuk/ros2_ws/src/crawling_robot_controller/build/crawling_robot_controller
[7.282s] Level 1:colcon.colcon_core.environment:create_environment_scripts_only(crawling_robot_controller)
[7.283s] DEBUG:colcon.colcon_core.event_handler.log_command:Invoked command in '/home/sshyuk/ros2_ws/src/crawling_robot_controller/build/crawling_robot_controller' returned '0': CMAKE_PREFIX_PATH=${CMAKE_PREFIX_PATH}:/home/sshyuk/ros2_ws/install/keyboard:/home/sshyuk/ros2_ws/install/crawling_sunghyuk:/opt/ros/humble /usr/bin/cmake --install /home/sshyuk/ros2_ws/src/crawling_robot_controller/build/crawling_robot_controller
[7.285s] Level 1:colcon.colcon_core.environment:checking '/home/sshyuk/ros2_ws/src/crawling_robot_controller/install/crawling_robot_controller' for CMake module files
[7.286s] Level 1:colcon.colcon_core.environment:checking '/home/sshyuk/ros2_ws/src/crawling_robot_controller/install/crawling_robot_controller' for CMake config files
[7.287s] Level 1:colcon.colcon_core.shell:create_environment_hook('crawling_robot_controller', 'cmake_prefix_path')
[7.287s] INFO:colcon.colcon_core.shell:Creating environment hook '/home/sshyuk/ros2_ws/src/crawling_robot_controller/install/crawling_robot_controller/share/crawling_robot_controller/hook/cmake_prefix_path.ps1'
[7.288s] INFO:colcon.colcon_core.shell:Creating environment descriptor '/home/sshyuk/ros2_ws/src/crawling_robot_controller/install/crawling_robot_controller/share/crawling_robot_controller/hook/cmake_prefix_path.dsv'
[7.288s] INFO:colcon.colcon_core.shell:Creating environment hook '/home/sshyuk/ros2_ws/src/crawling_robot_controller/install/crawling_robot_controller/share/crawling_robot_controller/hook/cmake_prefix_path.sh'
[7.289s] Level 1:colcon.colcon_core.environment:checking '/home/sshyuk/ros2_ws/src/crawling_robot_controller/install/crawling_robot_controller/lib'
[7.290s] Level 1:colcon.colcon_core.environment:checking '/home/sshyuk/ros2_ws/src/crawling_robot_controller/install/crawling_robot_controller/bin'
[7.290s] Level 1:colcon.colcon_core.environment:checking '/home/sshyuk/ros2_ws/src/crawling_robot_controller/install/crawling_robot_controller/lib/pkgconfig/crawling_robot_controller.pc'
[7.290s] Level 1:colcon.colcon_core.environment:checking '/home/sshyuk/ros2_ws/src/crawling_robot_controller/install/crawling_robot_controller/lib/python3.10/site-packages'
[7.290s] Level 1:colcon.colcon_core.environment:checking '/home/sshyuk/ros2_ws/src/crawling_robot_controller/install/crawling_robot_controller/bin'
[7.291s] INFO:colcon.colcon_core.shell:Creating package script '/home/sshyuk/ros2_ws/src/crawling_robot_controller/install/crawling_robot_controller/share/crawling_robot_controller/package.ps1'
[7.292s] INFO:colcon.colcon_core.shell:Creating package descriptor '/home/sshyuk/ros2_ws/src/crawling_robot_controller/install/crawling_robot_controller/share/crawling_robot_controller/package.dsv'
[7.292s] INFO:colcon.colcon_core.shell:Creating package script '/home/sshyuk/ros2_ws/src/crawling_robot_controller/install/crawling_robot_controller/share/crawling_robot_controller/package.sh'
[7.293s] INFO:colcon.colcon_core.shell:Creating package script '/home/sshyuk/ros2_ws/src/crawling_robot_controller/install/crawling_robot_controller/share/crawling_robot_controller/package.bash'
[7.294s] INFO:colcon.colcon_core.shell:Creating package script '/home/sshyuk/ros2_ws/src/crawling_robot_controller/install/crawling_robot_controller/share/crawling_robot_controller/package.zsh'
[7.295s] Level 1:colcon.colcon_core.environment:create_file_with_runtime_dependencies(/home/sshyuk/ros2_ws/src/crawling_robot_controller/install/crawling_robot_controller/share/colcon-core/packages/crawling_robot_controller)
[7.295s] Level 1:colcon.colcon_core.environment:create_environment_scripts_only(crawling_robot_controller)
[7.296s] Level 1:colcon.colcon_core.environment:checking '/home/sshyuk/ros2_ws/src/crawling_robot_controller/install/crawling_robot_controller' for CMake module files
[7.296s] Level 1:colcon.colcon_core.environment:checking '/home/sshyuk/ros2_ws/src/crawling_robot_controller/install/crawling_robot_controller' for CMake config files
[7.296s] Level 1:colcon.colcon_core.shell:create_environment_hook('crawling_robot_controller', 'cmake_prefix_path')
[7.296s] INFO:colcon.colcon_core.shell:Creating environment hook '/home/sshyuk/ros2_ws/src/crawling_robot_controller/install/crawling_robot_controller/share/crawling_robot_controller/hook/cmake_prefix_path.ps1'
[7.297s] INFO:colcon.colcon_core.shell:Creating environment descriptor '/home/sshyuk/ros2_ws/src/crawling_robot_controller/install/crawling_robot_controller/share/crawling_robot_controller/hook/cmake_prefix_path.dsv'
[7.297s] INFO:colcon.colcon_core.shell:Creating environment hook '/home/sshyuk/ros2_ws/src/crawling_robot_controller/install/crawling_robot_controller/share/crawling_robot_controller/hook/cmake_prefix_path.sh'
[7.298s] Level 1:colcon.colcon_core.environment:checking '/home/sshyuk/ros2_ws/src/crawling_robot_controller/install/crawling_robot_controller/lib'
[7.298s] Level 1:colcon.colcon_core.environment:checking '/home/sshyuk/ros2_ws/src/crawling_robot_controller/install/crawling_robot_controller/bin'
[7.298s] Level 1:colcon.colcon_core.environment:checking '/home/sshyuk/ros2_ws/src/crawling_robot_controller/install/crawling_robot_controller/lib/pkgconfig/crawling_robot_controller.pc'
[7.298s] Level 1:colcon.colcon_core.environment:checking '/home/sshyuk/ros2_ws/src/crawling_robot_controller/install/crawling_robot_controller/lib/python3.10/site-packages'
[7.298s] Level 1:colcon.colcon_core.environment:checking '/home/sshyuk/ros2_ws/src/crawling_robot_controller/install/crawling_robot_controller/bin'
[7.298s] INFO:colcon.colcon_core.shell:Creating package script '/home/sshyuk/ros2_ws/src/crawling_robot_controller/install/crawling_robot_controller/share/crawling_robot_controller/package.ps1'
[7.299s] INFO:colcon.colcon_core.shell:Creating package descriptor '/home/sshyuk/ros2_ws/src/crawling_robot_controller/install/crawling_robot_controller/share/crawling_robot_controller/package.dsv'
[7.299s] INFO:colcon.colcon_core.shell:Creating package script '/home/sshyuk/ros2_ws/src/crawling_robot_controller/install/crawling_robot_controller/share/crawling_robot_controller/package.sh'
[7.299s] INFO:colcon.colcon_core.shell:Creating package script '/home/sshyuk/ros2_ws/src/crawling_robot_controller/install/crawling_robot_controller/share/crawling_robot_controller/package.bash'
[7.300s] INFO:colcon.colcon_core.shell:Creating package script '/home/sshyuk/ros2_ws/src/crawling_robot_controller/install/crawling_robot_controller/share/crawling_robot_controller/package.zsh'
[7.300s] Level 1:colcon.colcon_core.environment:create_file_with_runtime_dependencies(/home/sshyuk/ros2_ws/src/crawling_robot_controller/install/crawling_robot_controller/share/colcon-core/packages/crawling_robot_controller)
[7.300s] DEBUG:colcon.colcon_parallel_executor.executor.parallel:closing loop
[7.300s] DEBUG:colcon.colcon_parallel_executor.executor.parallel:loop closed
[7.300s] DEBUG:colcon.colcon_parallel_executor.executor.parallel:run_until_complete finished with '0'
[7.300s] DEBUG:colcon.colcon_core.event_reactor:joining thread
[7.307s] INFO:colcon.colcon_core.plugin_system:Skipping extension 'colcon_notification.desktop_notification.terminal_notifier': Not used on non-Darwin systems
[7.307s] INFO:colcon.colcon_core.plugin_system:Skipping extension 'colcon_notification.desktop_notification.win32': Not used on non-Windows systems
[7.307s] INFO:colcon.colcon_notification.desktop_notification:Sending desktop notification using 'notify2'
[7.324s] DEBUG:colcon.colcon_core.event_reactor:joined thread
[7.324s] INFO:colcon.colcon_core.shell:Creating prefix script '/home/sshyuk/ros2_ws/src/crawling_robot_controller/install/local_setup.ps1'
[7.325s] INFO:colcon.colcon_core.shell:Creating prefix util module '/home/sshyuk/ros2_ws/src/crawling_robot_controller/install/_local_setup_util_ps1.py'
[7.327s] INFO:colcon.colcon_core.shell:Creating prefix chain script '/home/sshyuk/ros2_ws/src/crawling_robot_controller/install/setup.ps1'
[7.328s] INFO:colcon.colcon_core.shell:Creating prefix script '/home/sshyuk/ros2_ws/src/crawling_robot_controller/install/local_setup.sh'
[7.329s] INFO:colcon.colcon_core.shell:Creating prefix util module '/home/sshyuk/ros2_ws/src/crawling_robot_controller/install/_local_setup_util_sh.py'
[7.329s] INFO:colcon.colcon_core.shell:Creating prefix chain script '/home/sshyuk/ros2_ws/src/crawling_robot_controller/install/setup.sh'
[7.330s] INFO:colcon.colcon_core.shell:Creating prefix script '/home/sshyuk/ros2_ws/src/crawling_robot_controller/install/local_setup.bash'
[7.331s] INFO:colcon.colcon_core.shell:Creating prefix chain script '/home/sshyuk/ros2_ws/src/crawling_robot_controller/install/setup.bash'
[7.332s] INFO:colcon.colcon_core.shell:Creating prefix script '/home/sshyuk/ros2_ws/src/crawling_robot_controller/install/local_setup.zsh'
[7.332s] INFO:colcon.colcon_core.shell:Creating prefix chain script '/home/sshyuk/ros2_ws/src/crawling_robot_controller/install/setup.zsh'
