[0.532s] Invoking command in '/home/sshyuk/ros2_ws/src/keyboard': PYTHONPATH=/home/sshyuk/ros2_ws/build/keyboard/prefix_override:/usr/lib/python3/dist-packages/colcon_core/task/python/colcon_distutils_commands:/home/sshyuk/ros2_ws/install/keyboard/lib/python3.10/site-packages:${PYTHONPATH} /usr/bin/python3 -W ignore:setup.py install is deprecated -W ignore:easy_install command is deprecated setup.py egg_info --egg-base ../../build/keyboard build --build-base /home/sshyuk/ros2_ws/build/keyboard/build install --record /home/sshyuk/ros2_ws/build/keyboard/install.log --single-version-externally-managed install_data
[0.678s] running egg_info
[0.678s] writing ../../build/keyboard/keyboard.egg-info/PKG-INFO
[0.678s] writing dependency_links to ../../build/keyboard/keyboard.egg-info/dependency_links.txt
[0.679s] writing entry points to ../../build/keyboard/keyboard.egg-info/entry_points.txt
[0.679s] writing requirements to ../../build/keyboard/keyboard.egg-info/requires.txt
[0.679s] writing top-level names to ../../build/keyboard/keyboard.egg-info/top_level.txt
[0.680s] reading manifest file '../../build/keyboard/keyboard.egg-info/SOURCES.txt'
[0.680s] writing manifest file '../../build/keyboard/keyboard.egg-info/SOURCES.txt'
[0.680s] running build
[0.680s] running build_py
[0.680s] copying keyboard/keyboard.py -> /home/sshyuk/ros2_ws/build/keyboard/build/lib/keyboard
[0.680s] running install
[0.680s] running install_lib
[0.681s] copying /home/sshyuk/ros2_ws/build/keyboard/build/lib/keyboard/keyboard.py -> /home/sshyuk/ros2_ws/install/keyboard/lib/python3.10/site-packages/keyboard
[0.681s] byte-compiling /home/sshyuk/ros2_ws/install/keyboard/lib/python3.10/site-packages/keyboard/keyboard.py to keyboard.cpython-310.pyc
[0.682s] running install_data
[0.682s] running install_egg_info
[0.683s] removing '/home/sshyuk/ros2_ws/install/keyboard/lib/python3.10/site-packages/keyboard-0.0.0-py3.10.egg-info' (and everything under it)
[0.683s] Copying ../../build/keyboard/keyboard.egg-info to /home/sshyuk/ros2_ws/install/keyboard/lib/python3.10/site-packages/keyboard-0.0.0-py3.10.egg-info
[0.683s] running install_scripts
[0.697s] Installing keyboard_teleop script to /home/sshyuk/ros2_ws/install/keyboard/lib/keyboard
[0.697s] writing list of installed files to '/home/sshyuk/ros2_ws/build/keyboard/install.log'
[0.714s] Invoked command in '/home/sshyuk/ros2_ws/src/keyboard' returned '0': PYTHONPATH=/home/sshyuk/ros2_ws/build/keyboard/prefix_override:/usr/lib/python3/dist-packages/colcon_core/task/python/colcon_distutils_commands:/home/sshyuk/ros2_ws/install/keyboard/lib/python3.10/site-packages:${PYTHONPATH} /usr/bin/python3 -W ignore:setup.py install is deprecated -W ignore:easy_install command is deprecated setup.py egg_info --egg-base ../../build/keyboard build --build-base /home/sshyuk/ros2_ws/build/keyboard/build install --record /home/sshyuk/ros2_ws/build/keyboard/install.log --single-version-externally-managed install_data
