[35m[1mConsolidate compiler generated dependencies of target position_control[0m
[ 50%] [32mBuilding CXX object CMakeFiles/position_control.dir/src/position_control.cpp.o[0m
[01m[K/home/sshyuk/ros2_ws/src/crawling_robot_controller/src/position_control.cpp:[m[K In function ‘[01m[Kvoid keyboard_callback(std_msgs::msg::Int8_<std::allocator<void> >::SharedPtr)[m[K’:
[01m[K/home/sshyuk/ros2_ws/src/crawling_robot_controller/src/position_control.cpp:25:13:[m[K [01;31m[Kerror: [m[K‘[01m[Kfree_theta1[m[K’ was not declared in this scope
   25 |             [01;31m[Kfree_theta1[m[K += delta;
      |             [01;31m[K^~~~~~~~~~~[m[K
[01m[K/home/sshyuk/ros2_ws/src/crawling_robot_controller/src/position_control.cpp:25:28:[m[K [01;31m[Kerror: [m[K‘[01m[Kdelta[m[K’ was not declared in this scope
   25 |             free_theta1 += [01;31m[Kdelta[m[K;
      |                            [01;31m[K^~~~~[m[K
[01m[K/home/sshyuk/ros2_ws/src/crawling_robot_controller/src/position_control.cpp:27:13:[m[K [01;31m[Kerror: [m[K‘[01m[Kfree_theta1[m[K’ was not declared in this scope
   27 |             [01;31m[Kfree_theta1[m[K -= delta;
      |             [01;31m[K^~~~~~~~~~~[m[K
[01m[K/home/sshyuk/ros2_ws/src/crawling_robot_controller/src/position_control.cpp:27:28:[m[K [01;31m[Kerror: [m[K‘[01m[Kdelta[m[K’ was not declared in this scope
   27 |             free_theta1 -= [01;31m[Kdelta[m[K;
      |                            [01;31m[K^~~~~[m[K
[01m[K/home/sshyuk/ros2_ws/src/crawling_robot_controller/src/position_control.cpp:29:13:[m[K [01;31m[Kerror: [m[K‘[01m[Kfree_theta2[m[K’ was not declared in this scope
   29 |             [01;31m[Kfree_theta2[m[K += delta;
      |             [01;31m[K^~~~~~~~~~~[m[K
[01m[K/home/sshyuk/ros2_ws/src/crawling_robot_controller/src/position_control.cpp:29:28:[m[K [01;31m[Kerror: [m[K‘[01m[Kdelta[m[K’ was not declared in this scope
   29 |             free_theta2 += [01;31m[Kdelta[m[K;
      |                            [01;31m[K^~~~~[m[K
[01m[K/home/sshyuk/ros2_ws/src/crawling_robot_controller/src/position_control.cpp:31:13:[m[K [01;31m[Kerror: [m[K‘[01m[Kfree_theta2[m[K’ was not declared in this scope
   31 |             [01;31m[Kfree_theta2[m[K -= delta;
      |             [01;31m[K^~~~~~~~~~~[m[K
[01m[K/home/sshyuk/ros2_ws/src/crawling_robot_controller/src/position_control.cpp:31:28:[m[K [01;31m[Kerror: [m[K‘[01m[Kdelta[m[K’ was not declared in this scope
   31 |             free_theta2 -= [01;31m[Kdelta[m[K;
      |                            [01;31m[K^~~~~[m[K
[01m[K/home/sshyuk/ros2_ws/src/crawling_robot_controller/src/position_control.cpp:35:9:[m[K [01;31m[Kerror: [m[K‘[01m[Kfree_theta3[m[K’ was not declared in this scope
   35 |         [01;31m[Kfree_theta3[m[K = -(free_theta1 + free_theta2);
      |         [01;31m[K^~~~~~~~~~~[m[K
[01m[K/home/sshyuk/ros2_ws/src/crawling_robot_controller/src/position_control.cpp:35:25:[m[K [01;31m[Kerror: [m[K‘[01m[Kfree_theta1[m[K’ was not declared in this scope
   35 |         free_theta3 = -([01;31m[Kfree_theta1[m[K + free_theta2);
      |                         [01;31m[K^~~~~~~~~~~[m[K
[01m[K/home/sshyuk/ros2_ws/src/crawling_robot_controller/src/position_control.cpp:35:39:[m[K [01;31m[Kerror: [m[K‘[01m[Kfree_theta2[m[K’ was not declared in this scope
   35 |         free_theta3 = -(free_theta1 + [01;31m[Kfree_theta2[m[K);
      |                                       [01;31m[K^~~~~~~~~~~[m[K
[01m[K/home/sshyuk/ros2_ws/src/crawling_robot_controller/src/position_control.cpp:[m[K In function ‘[01m[Kvoid path_free()[m[K’:
[01m[K/home/sshyuk/ros2_ws/src/crawling_robot_controller/src/position_control.cpp:93:29:[m[K [01;31m[Kerror: [m[K‘[01m[Kfree_theta1[m[K’ was not declared in this scope
   93 |     base_A_ref_pos = M_PI + [01;31m[Kfree_theta1[m[K;
      |                             [01;31m[K^~~~~~~~~~~[m[K
[01m[K/home/sshyuk/ros2_ws/src/crawling_robot_controller/src/position_control.cpp:94:30:[m[K [01;31m[Kerror: [m[K‘[01m[Kfree_theta2[m[K’ was not declared in this scope
   94 |     elbow_ref_pos   = M_PI + [01;31m[Kfree_theta2[m[K;
      |                              [01;31m[K^~~~~~~~~~~[m[K
[01m[K/home/sshyuk/ros2_ws/src/crawling_robot_controller/src/position_control.cpp:95:30:[m[K [01;31m[Kerror: [m[K‘[01m[Kfree_theta3[m[K’ was not declared in this scope
   95 |     ee_A_ref_pos    = M_PI + [01;31m[Kfree_theta3[m[K;
      |                              [01;31m[K^~~~~~~~~~~[m[K
In file included from [01m[K/opt/ros/humble/include/rclcpp/rclcpp/logging.hpp:24[m[K,
                 from [01m[K/opt/ros/humble/include/rclcpp/rclcpp/client.hpp:40[m[K,
                 from [01m[K/opt/ros/humble/include/rclcpp/rclcpp/callback_group.hpp:24[m[K,
                 from [01m[K/opt/ros/humble/include/rclcpp/rclcpp/any_executable.hpp:20[m[K,
                 from [01m[K/opt/ros/humble/include/rclcpp/rclcpp/memory_strategy.hpp:25[m[K,
                 from [01m[K/opt/ros/humble/include/rclcpp/rclcpp/memory_strategies.hpp:18[m[K,
                 from [01m[K/opt/ros/humble/include/rclcpp/rclcpp/executor_options.hpp:20[m[K,
                 from [01m[K/opt/ros/humble/include/rclcpp/rclcpp/executor.hpp:37[m[K,
                 from [01m[K/opt/ros/humble/include/rclcpp/rclcpp/executors/multi_threaded_executor.hpp:25[m[K,
                 from [01m[K/opt/ros/humble/include/rclcpp/rclcpp/executors.hpp:21[m[K,
                 from [01m[K/opt/ros/humble/include/rclcpp/rclcpp/rclcpp.hpp:155[m[K,
                 from [01m[K/home/sshyuk/ros2_ws/src/crawling_robot_controller/include/crawling_robot_controller/define.h:4[m[K,
                 from [01m[K/home/sshyuk/ros2_ws/src/crawling_robot_controller/src/position_control.cpp:1[m[K:
[01m[K/home/sshyuk/ros2_ws/src/crawling_robot_controller/src/position_control.cpp:[m[K In function ‘[01m[Kint main(int, char**)[m[K’:
[01m[K/home/sshyuk/ros2_ws/src/crawling_robot_controller/src/position_control.cpp:199:94:[m[K [01;31m[Kerror: [m[K‘[01m[Kmsg[m[K’ was not declared in this scope
  199 |         RCLCPP_INFO(rclcpp::get_logger("position_control"), "Received keyboard command: %d", [01;31m[Kmsg[m[K->data);
      |                                                                                              [01;31m[K^~~[m[K
[01m[K/home/sshyuk/ros2_ws/src/crawling_robot_controller/src/position_control.cpp:199:94:[m[K [01;36m[Knote: [m[Ksuggested alternatives:
In file included from [01m[K/opt/ros/humble/include/builtin_interfaces/builtin_interfaces/msg/duration.hpp:7[m[K,
                 from [01m[K/opt/ros/humble/include/rclcpp/rclcpp/duration.hpp:20[m[K,
                 from [01m[K/opt/ros/humble/include/rclcpp/rclcpp/qos.hpp:20[m[K,
                 from [01m[K/opt/ros/humble/include/rclcpp/rclcpp/node_interfaces/node_graph_interface.hpp:32[m[K,
                 from [01m[K/opt/ros/humble/include/rclcpp/rclcpp/client.hpp:42[m[K,
                 from [01m[K/opt/ros/humble/include/rclcpp/rclcpp/callback_group.hpp:24[m[K,
                 from [01m[K/opt/ros/humble/include/rclcpp/rclcpp/any_executable.hpp:20[m[K,
                 from [01m[K/opt/ros/humble/include/rclcpp/rclcpp/memory_strategy.hpp:25[m[K,
                 from [01m[K/opt/ros/humble/include/rclcpp/rclcpp/memory_strategies.hpp:18[m[K,
                 from [01m[K/opt/ros/humble/include/rclcpp/rclcpp/executor_options.hpp:20[m[K,
                 from [01m[K/opt/ros/humble/include/rclcpp/rclcpp/executor.hpp:37[m[K,
                 from [01m[K/opt/ros/humble/include/rclcpp/rclcpp/executors/multi_threaded_executor.hpp:25[m[K,
                 from [01m[K/opt/ros/humble/include/rclcpp/rclcpp/executors.hpp:21[m[K,
                 from [01m[K/opt/ros/humble/include/rclcpp/rclcpp/rclcpp.hpp:155[m[K,
                 from [01m[K/home/sshyuk/ros2_ws/src/crawling_robot_controller/include/crawling_robot_controller/define.h:4[m[K,
                 from [01m[K/home/sshyuk/ros2_ws/src/crawling_robot_controller/src/position_control.cpp:1[m[K:
[01m[K/opt/ros/humble/include/builtin_interfaces/builtin_interfaces/msg/detail/duration__struct.hpp:27:11:[m[K [01;36m[Knote: [m[K  ‘[01m[Kbuiltin_interfaces::msg[m[K’
   27 | namespace [01;36m[Kmsg[m[K
      |           [01;36m[K^~~[m[K
In file included from [01m[K/opt/ros/humble/include/rcl_interfaces/rcl_interfaces/msg/set_parameters_result.hpp:7[m[K,
                 from [01m[K/opt/ros/humble/include/rclcpp/rclcpp/qos_overriding_options.hpp:28[m[K,
                 from [01m[K/opt/ros/humble/include/rclcpp/rclcpp/subscription_options.hpp:30[m[K,
                 from [01m[K/opt/ros/humble/include/rclcpp/rclcpp/subscription.hpp:45[m[K,
                 from [01m[K/opt/ros/humble/include/rclcpp/rclcpp/any_executable.hpp:25[m[K,
                 from [01m[K/opt/ros/humble/include/rclcpp/rclcpp/memory_strategy.hpp:25[m[K,
                 from [01m[K/opt/ros/humble/include/rclcpp/rclcpp/memory_strategies.hpp:18[m[K,
                 from [01m[K/opt/ros/humble/include/rclcpp/rclcpp/executor_options.hpp:20[m[K,
                 from [01m[K/opt/ros/humble/include/rclcpp/rclcpp/executor.hpp:37[m[K,
                 from [01m[K/opt/ros/humble/include/rclcpp/rclcpp/executors/multi_threaded_executor.hpp:25[m[K,
                 from [01m[K/opt/ros/humble/include/rclcpp/rclcpp/executors.hpp:21[m[K,
                 from [01m[K/opt/ros/humble/include/rclcpp/rclcpp/rclcpp.hpp:155[m[K,
                 from [01m[K/home/sshyuk/ros2_ws/src/crawling_robot_controller/include/crawling_robot_controller/define.h:4[m[K,
                 from [01m[K/home/sshyuk/ros2_ws/src/crawling_robot_controller/src/position_control.cpp:1[m[K:
[01m[K/opt/ros/humble/include/rcl_interfaces/rcl_interfaces/msg/detail/set_parameters_result__struct.hpp:27:11:[m[K [01;36m[Knote: [m[K  ‘[01m[Krcl_interfaces::msg[m[K’
   27 | namespace [01;36m[Kmsg[m[K
      |           [01;36m[K^~~[m[K
In file included from [01m[K/opt/ros/humble/include/statistics_msgs/statistics_msgs/msg/detail/metrics_message__struct.hpp:23[m[K,
                 from [01m[K/opt/ros/humble/include/statistics_msgs/statistics_msgs/msg/metrics_message.hpp:7[m[K,
                 from [01m[K/opt/ros/humble/include/libstatistics_collector/libstatistics_collector/collector/generate_statistics_message.hpp:21[m[K,
                 from [01m[K/opt/ros/humble/include/rclcpp/rclcpp/topic_statistics/subscription_topic_statistics.hpp:23[m[K,
                 from [01m[K/opt/ros/humble/include/rclcpp/rclcpp/subscription.hpp:50[m[K,
                 from [01m[K/opt/ros/humble/include/rclcpp/rclcpp/any_executable.hpp:25[m[K,
                 from [01m[K/opt/ros/humble/include/rclcpp/rclcpp/memory_strategy.hpp:25[m[K,
                 from [01m[K/opt/ros/humble/include/rclcpp/rclcpp/memory_strategies.hpp:18[m[K,
                 from [01m[K/opt/ros/humble/include/rclcpp/rclcpp/executor_options.hpp:20[m[K,
                 from [01m[K/opt/ros/humble/include/rclcpp/rclcpp/executor.hpp:37[m[K,
                 from [01m[K/opt/ros/humble/include/rclcpp/rclcpp/executors/multi_threaded_executor.hpp:25[m[K,
                 from [01m[K/opt/ros/humble/include/rclcpp/rclcpp/executors.hpp:21[m[K,
                 from [01m[K/opt/ros/humble/include/rclcpp/rclcpp/rclcpp.hpp:155[m[K,
                 from [01m[K/home/sshyuk/ros2_ws/src/crawling_robot_controller/include/crawling_robot_controller/define.h:4[m[K,
                 from [01m[K/home/sshyuk/ros2_ws/src/crawling_robot_controller/src/position_control.cpp:1[m[K:
[01m[K/opt/ros/humble/include/statistics_msgs/statistics_msgs/msg/detail/statistic_data_point__struct.hpp:27:11:[m[K [01;36m[Knote: [m[K  ‘[01m[Kstatistics_msgs::msg[m[K’
   27 | namespace [01;36m[Kmsg[m[K
      |           [01;36m[K^~~[m[K
In file included from [01m[K/opt/ros/humble/include/geometry_msgs/geometry_msgs/msg/detail/twist__struct.hpp:21[m[K,
                 from [01m[K/opt/ros/humble/include/geometry_msgs/geometry_msgs/msg/twist.hpp:7[m[K,
                 from [01m[K/home/sshyuk/ros2_ws/src/crawling_robot_controller/include/crawling_robot_controller/define.h:5[m[K,
                 from [01m[K/home/sshyuk/ros2_ws/src/crawling_robot_controller/src/position_control.cpp:1[m[K:
[01m[K/opt/ros/humble/include/geometry_msgs/geometry_msgs/msg/detail/vector3__struct.hpp:27:11:[m[K [01;36m[Knote: [m[K  ‘[01m[Kgeometry_msgs::msg[m[K’
   27 | namespace [01;36m[Kmsg[m[K
      |           [01;36m[K^~~[m[K
In file included from [01m[K/opt/ros/humble/include/std_msgs/std_msgs/msg/detail/multi_array_layout__struct.hpp:20[m[K,
                 from [01m[K/opt/ros/humble/include/std_msgs/std_msgs/msg/detail/int8_multi_array__struct.hpp:20[m[K,
                 from [01m[K/opt/ros/humble/include/std_msgs/std_msgs/msg/int8_multi_array.hpp:7[m[K,
                 from [01m[K/home/sshyuk/ros2_ws/src/crawling_robot_controller/src/position_control.cpp:4[m[K:
[01m[K/opt/ros/humble/include/std_msgs/std_msgs/msg/detail/multi_array_dimension__struct.hpp:27:11:[m[K [01;36m[Knote: [m[K  ‘[01m[Kstd_msgs::msg[m[K’
   27 | namespace [01;36m[Kmsg[m[K
      |           [01;36m[K^~~[m[K
[01m[K/home/sshyuk/ros2_ws/src/crawling_robot_controller/src/position_control.cpp:200:13:[m[K [01;31m[Kerror: [m[K‘[01m[Kmsg[m[K’ was not declared in this scope
  200 |         if ([01;31m[Kmsg[m[K->data == 3)
      |             [01;31m[K^~~[m[K
[01m[K/home/sshyuk/ros2_ws/src/crawling_robot_controller/src/position_control.cpp:200:13:[m[K [01;36m[Knote: [m[Ksuggested alternatives:
In file included from [01m[K/opt/ros/humble/include/builtin_interfaces/builtin_interfaces/msg/duration.hpp:7[m[K,
                 from [01m[K/opt/ros/humble/include/rclcpp/rclcpp/duration.hpp:20[m[K,
                 from [01m[K/opt/ros/humble/include/rclcpp/rclcpp/qos.hpp:20[m[K,
                 from [01m[K/opt/ros/humble/include/rclcpp/rclcpp/node_interfaces/node_graph_interface.hpp:32[m[K,
                 from [01m[K/opt/ros/humble/include/rclcpp/rclcpp/client.hpp:42[m[K,
                 from [01m[K/opt/ros/humble/include/rclcpp/rclcpp/callback_group.hpp:24[m[K,
                 from [01m[K/opt/ros/humble/include/rclcpp/rclcpp/any_executable.hpp:20[m[K,
                 from [01m[K/opt/ros/humble/include/rclcpp/rclcpp/memory_strategy.hpp:25[m[K,
                 from [01m[K/opt/ros/humble/include/rclcpp/rclcpp/memory_strategies.hpp:18[m[K,
                 from [01m[K/opt/ros/humble/include/rclcpp/rclcpp/executor_options.hpp:20[m[K,
                 from [01m[K/opt/ros/humble/include/rclcpp/rclcpp/executor.hpp:37[m[K,
                 from [01m[K/opt/ros/humble/include/rclcpp/rclcpp/executors/multi_threaded_executor.hpp:25[m[K,
                 from [01m[K/opt/ros/humble/include/rclcpp/rclcpp/executors.hpp:21[m[K,
                 from [01m[K/opt/ros/humble/include/rclcpp/rclcpp/rclcpp.hpp:155[m[K,
                 from [01m[K/home/sshyuk/ros2_ws/src/crawling_robot_controller/include/crawling_robot_controller/define.h:4[m[K,
                 from [01m[K/home/sshyuk/ros2_ws/src/crawling_robot_controller/src/position_control.cpp:1[m[K:
[01m[K/opt/ros/humble/include/builtin_interfaces/builtin_interfaces/msg/detail/duration__struct.hpp:27:11:[m[K [01;36m[Knote: [m[K  ‘[01m[Kbuiltin_interfaces::msg[m[K’
   27 | namespace [01;36m[Kmsg[m[K
      |           [01;36m[K^~~[m[K
In file included from [01m[K/opt/ros/humble/include/rcl_interfaces/rcl_interfaces/msg/set_parameters_result.hpp:7[m[K,
                 from [01m[K/opt/ros/humble/include/rclcpp/rclcpp/qos_overriding_options.hpp:28[m[K,
                 from [01m[K/opt/ros/humble/include/rclcpp/rclcpp/subscription_options.hpp:30[m[K,
                 from [01m[K/opt/ros/humble/include/rclcpp/rclcpp/subscription.hpp:45[m[K,
                 from [01m[K/opt/ros/humble/include/rclcpp/rclcpp/any_executable.hpp:25[m[K,
                 from [01m[K/opt/ros/humble/include/rclcpp/rclcpp/memory_strategy.hpp:25[m[K,
                 from [01m[K/opt/ros/humble/include/rclcpp/rclcpp/memory_strategies.hpp:18[m[K,
                 from [01m[K/opt/ros/humble/include/rclcpp/rclcpp/executor_options.hpp:20[m[K,
                 from [01m[K/opt/ros/humble/include/rclcpp/rclcpp/executor.hpp:37[m[K,
                 from [01m[K/opt/ros/humble/include/rclcpp/rclcpp/executors/multi_threaded_executor.hpp:25[m[K,
                 from [01m[K/opt/ros/humble/include/rclcpp/rclcpp/executors.hpp:21[m[K,
                 from [01m[K/opt/ros/humble/include/rclcpp/rclcpp/rclcpp.hpp:155[m[K,
                 from [01m[K/home/sshyuk/ros2_ws/src/crawling_robot_controller/include/crawling_robot_controller/define.h:4[m[K,
                 from [01m[K/home/sshyuk/ros2_ws/src/crawling_robot_controller/src/position_control.cpp:1[m[K:
[01m[K/opt/ros/humble/include/rcl_interfaces/rcl_interfaces/msg/detail/set_parameters_result__struct.hpp:27:11:[m[K [01;36m[Knote: [m[K  ‘[01m[Krcl_interfaces::msg[m[K’
   27 | namespace [01;36m[Kmsg[m[K
      |           [01;36m[K^~~[m[K
In file included from [01m[K/opt/ros/humble/include/statistics_msgs/statistics_msgs/msg/detail/metrics_message__struct.hpp:23[m[K,
                 from [01m[K/opt/ros/humble/include/statistics_msgs/statistics_msgs/msg/metrics_message.hpp:7[m[K,
                 from [01m[K/opt/ros/humble/include/libstatistics_collector/libstatistics_collector/collector/generate_statistics_message.hpp:21[m[K,
                 from [01m[K/opt/ros/humble/include/rclcpp/rclcpp/topic_statistics/subscription_topic_statistics.hpp:23[m[K,
                 from [01m[K/opt/ros/humble/include/rclcpp/rclcpp/subscription.hpp:50[m[K,
                 from [01m[K/opt/ros/humble/include/rclcpp/rclcpp/any_executable.hpp:25[m[K,
                 from [01m[K/opt/ros/humble/include/rclcpp/rclcpp/memory_strategy.hpp:25[m[K,
                 from [01m[K/opt/ros/humble/include/rclcpp/rclcpp/memory_strategies.hpp:18[m[K,
                 from [01m[K/opt/ros/humble/include/rclcpp/rclcpp/executor_options.hpp:20[m[K,
                 from [01m[K/opt/ros/humble/include/rclcpp/rclcpp/executor.hpp:37[m[K,
                 from [01m[K/opt/ros/humble/include/rclcpp/rclcpp/executors/multi_threaded_executor.hpp:25[m[K,
                 from [01m[K/opt/ros/humble/include/rclcpp/rclcpp/executors.hpp:21[m[K,
                 from [01m[K/opt/ros/humble/include/rclcpp/rclcpp/rclcpp.hpp:155[m[K,
                 from [01m[K/home/sshyuk/ros2_ws/src/crawling_robot_controller/include/crawling_robot_controller/define.h:4[m[K,
                 from [01m[K/home/sshyuk/ros2_ws/src/crawling_robot_controller/src/position_control.cpp:1[m[K:
[01m[K/opt/ros/humble/include/statistics_msgs/statistics_msgs/msg/detail/statistic_data_point__struct.hpp:27:11:[m[K [01;36m[Knote: [m[K  ‘[01m[Kstatistics_msgs::msg[m[K’
   27 | namespace [01;36m[Kmsg[m[K
      |           [01;36m[K^~~[m[K
In file included from [01m[K/opt/ros/humble/include/geometry_msgs/geometry_msgs/msg/detail/twist__struct.hpp:21[m[K,
                 from [01m[K/opt/ros/humble/include/geometry_msgs/geometry_msgs/msg/twist.hpp:7[m[K,
                 from [01m[K/home/sshyuk/ros2_ws/src/crawling_robot_controller/include/crawling_robot_controller/define.h:5[m[K,
                 from [01m[K/home/sshyuk/ros2_ws/src/crawling_robot_controller/src/position_control.cpp:1[m[K:
[01m[K/opt/ros/humble/include/geometry_msgs/geometry_msgs/msg/detail/vector3__struct.hpp:27:11:[m[K [01;36m[Knote: [m[K  ‘[01m[Kgeometry_msgs::msg[m[K’
   27 | namespace [01;36m[Kmsg[m[K
      |           [01;36m[K^~~[m[K
In file included from [01m[K/opt/ros/humble/include/std_msgs/std_msgs/msg/detail/multi_array_layout__struct.hpp:20[m[K,
                 from [01m[K/opt/ros/humble/include/std_msgs/std_msgs/msg/detail/int8_multi_array__struct.hpp:20[m[K,
                 from [01m[K/opt/ros/humble/include/std_msgs/std_msgs/msg/int8_multi_array.hpp:7[m[K,
                 from [01m[K/home/sshyuk/ros2_ws/src/crawling_robot_controller/src/position_control.cpp:4[m[K:
[01m[K/opt/ros/humble/include/std_msgs/std_msgs/msg/detail/multi_array_dimension__struct.hpp:27:11:[m[K [01;36m[Knote: [m[K  ‘[01m[Kstd_msgs::msg[m[K’
   27 | namespace [01;36m[Kmsg[m[K
      |           [01;36m[K^~~[m[K
[01m[K/home/sshyuk/ros2_ws/src/crawling_robot_controller/src/position_control.cpp:220:9:[m[K [01;31m[Kerror: [m[K‘[01m[Kelse[m[K’ without a previous ‘[01m[Kif[m[K’
  220 |         [01;31m[Kelse[m[K
      |         [01;31m[K^~~~[m[K
[01m[K/home/sshyuk/ros2_ws/src/crawling_robot_controller/src/position_control.cpp:[m[K At global scope:
[01m[K/home/sshyuk/ros2_ws/src/crawling_robot_controller/src/position_control.cpp:228:21:[m[K [01;31m[Kerror: [m[Kexpected constructor, destructor, or type conversion before ‘[01m[K;[m[K’ token
  228 |     KILL_dynamixel()[01;31m[K;[m[K
      |                     [01;31m[K^[m[K
[01m[K/home/sshyuk/ros2_ws/src/crawling_robot_controller/src/position_control.cpp:229:5:[m[K [01;31m[Kerror: [m[Kexpected unqualified-id before ‘[01m[Kreturn[m[K’
  229 |     [01;31m[Kreturn[m[K 0;
      |     [01;31m[K^~~~~~[m[K
[01m[K/home/sshyuk/ros2_ws/src/crawling_robot_controller/src/position_control.cpp:230:1:[m[K [01;31m[Kerror: [m[Kexpected declaration before ‘[01m[K}[m[K’ token
  230 | [01;31m[K}[m[K
      | [01;31m[K^[m[K
gmake[2]: *** [CMakeFiles/position_control.dir/build.make:76: CMakeFiles/position_control.dir/src/position_control.cpp.o] Error 1
gmake[1]: *** [CMakeFiles/Makefile2:137: CMakeFiles/position_control.dir/all] Error 2
gmake: *** [Makefile:146: all] Error 2
