[0.014s] Invoking command in '/home/sshyuk/ros2_ws/build/crawling_robot_controller': CMAKE_PREFIX_PATH=${CMAKE_PREFIX_PATH}:/home/sshyuk/ros2_ws/install/keyboard:/home/sshyuk/ros2_ws/install/crawling_sunghyuk:/opt/ros/humble /usr/bin/cmake --build /home/sshyuk/ros2_ws/build/crawling_robot_controller -- -j20 -l20
[0.170s] [35m[1mConsolidate compiler generated dependencies of target position_control[0m
[0.170s] [ 50%] [32mBuilding CXX object CMakeFiles/position_control.dir/src/position_control.cpp.o[0m
[1.479s] [01m[K/home/sshyuk/ros2_ws/src/crawling_robot_controller/src/position_control.cpp:[m[K In function ‘[01m[Kvoid keyboard_callback(std_msgs::msg::Int8_<std::allocator<void> >::SharedPtr)[m[K’:
[1.479s] [01m[K/home/sshyuk/ros2_ws/src/crawling_robot_controller/src/position_control.cpp:25:13:[m[K [01;31m[Kerror: [m[K‘[01m[Kfree_theta1[m[K’ was not declared in this scope
[1.479s]    25 |             [01;31m[Kfree_theta1[m[K += delta;
[1.479s]       |             [01;31m[K^~~~~~~~~~~[m[K
[1.481s] [01m[K/home/sshyuk/ros2_ws/src/crawling_robot_controller/src/position_control.cpp:25:28:[m[K [01;31m[Kerror: [m[K‘[01m[Kdelta[m[K’ was not declared in this scope
[1.481s]    25 |             free_theta1 += [01;31m[Kdelta[m[K;
[1.481s]       |                            [01;31m[K^~~~~[m[K
[1.483s] [01m[K/home/sshyuk/ros2_ws/src/crawling_robot_controller/src/position_control.cpp:27:13:[m[K [01;31m[Kerror: [m[K‘[01m[Kfree_theta1[m[K’ was not declared in this scope
[1.483s]    27 |             [01;31m[Kfree_theta1[m[K -= delta;
[1.483s]       |             [01;31m[K^~~~~~~~~~~[m[K
[1.485s] [01m[K/home/sshyuk/ros2_ws/src/crawling_robot_controller/src/position_control.cpp:27:28:[m[K [01;31m[Kerror: [m[K‘[01m[Kdelta[m[K’ was not declared in this scope
[1.485s]    27 |             free_theta1 -= [01;31m[Kdelta[m[K;
[1.485s]       |                            [01;31m[K^~~~~[m[K
[1.487s] [01m[K/home/sshyuk/ros2_ws/src/crawling_robot_controller/src/position_control.cpp:29:13:[m[K [01;31m[Kerror: [m[K‘[01m[Kfree_theta2[m[K’ was not declared in this scope
[1.488s]    29 |             [01;31m[Kfree_theta2[m[K += delta;
[1.488s]       |             [01;31m[K^~~~~~~~~~~[m[K
[1.489s] [01m[K/home/sshyuk/ros2_ws/src/crawling_robot_controller/src/position_control.cpp:29:28:[m[K [01;31m[Kerror: [m[K‘[01m[Kdelta[m[K’ was not declared in this scope
[1.489s]    29 |             free_theta2 += [01;31m[Kdelta[m[K;
[1.489s]       |                            [01;31m[K^~~~~[m[K
[1.492s] [01m[K/home/sshyuk/ros2_ws/src/crawling_robot_controller/src/position_control.cpp:31:13:[m[K [01;31m[Kerror: [m[K‘[01m[Kfree_theta2[m[K’ was not declared in this scope
[1.492s]    31 |             [01;31m[Kfree_theta2[m[K -= delta;
[1.492s]       |             [01;31m[K^~~~~~~~~~~[m[K
[1.494s] [01m[K/home/sshyuk/ros2_ws/src/crawling_robot_controller/src/position_control.cpp:31:28:[m[K [01;31m[Kerror: [m[K‘[01m[Kdelta[m[K’ was not declared in this scope
[1.494s]    31 |             free_theta2 -= [01;31m[Kdelta[m[K;
[1.494s]       |                            [01;31m[K^~~~~[m[K
[1.496s] [01m[K/home/sshyuk/ros2_ws/src/crawling_robot_controller/src/position_control.cpp:35:9:[m[K [01;31m[Kerror: [m[K‘[01m[Kfree_theta3[m[K’ was not declared in this scope
[1.496s]    35 |         [01;31m[Kfree_theta3[m[K = -(free_theta1 + free_theta2);
[1.496s]       |         [01;31m[K^~~~~~~~~~~[m[K
[1.499s] [01m[K/home/sshyuk/ros2_ws/src/crawling_robot_controller/src/position_control.cpp:35:25:[m[K [01;31m[Kerror: [m[K‘[01m[Kfree_theta1[m[K’ was not declared in this scope
[1.499s]    35 |         free_theta3 = -([01;31m[Kfree_theta1[m[K + free_theta2);
[1.499s]       |                         [01;31m[K^~~~~~~~~~~[m[K
[1.501s] [01m[K/home/sshyuk/ros2_ws/src/crawling_robot_controller/src/position_control.cpp:35:39:[m[K [01;31m[Kerror: [m[K‘[01m[Kfree_theta2[m[K’ was not declared in this scope
[1.501s]    35 |         free_theta3 = -(free_theta1 + [01;31m[Kfree_theta2[m[K);
[1.501s]       |                                       [01;31m[K^~~~~~~~~~~[m[K
[1.504s] [01m[K/home/sshyuk/ros2_ws/src/crawling_robot_controller/src/position_control.cpp:[m[K In function ‘[01m[Kvoid path_free()[m[K’:
[1.504s] [01m[K/home/sshyuk/ros2_ws/src/crawling_robot_controller/src/position_control.cpp:93:29:[m[K [01;31m[Kerror: [m[K‘[01m[Kfree_theta1[m[K’ was not declared in this scope
[1.504s]    93 |     base_A_ref_pos = M_PI + [01;31m[Kfree_theta1[m[K;
[1.504s]       |                             [01;31m[K^~~~~~~~~~~[m[K
[1.507s] [01m[K/home/sshyuk/ros2_ws/src/crawling_robot_controller/src/position_control.cpp:94:30:[m[K [01;31m[Kerror: [m[K‘[01m[Kfree_theta2[m[K’ was not declared in this scope
[1.507s]    94 |     elbow_ref_pos   = M_PI + [01;31m[Kfree_theta2[m[K;
[1.507s]       |                              [01;31m[K^~~~~~~~~~~[m[K
[1.509s] [01m[K/home/sshyuk/ros2_ws/src/crawling_robot_controller/src/position_control.cpp:95:30:[m[K [01;31m[Kerror: [m[K‘[01m[Kfree_theta3[m[K’ was not declared in this scope
[1.509s]    95 |     ee_A_ref_pos    = M_PI + [01;31m[Kfree_theta3[m[K;
[1.509s]       |                              [01;31m[K^~~~~~~~~~~[m[K
[1.539s] In file included from [01m[K/opt/ros/humble/include/rclcpp/rclcpp/logging.hpp:24[m[K,
[1.539s]                  from [01m[K/opt/ros/humble/include/rclcpp/rclcpp/client.hpp:40[m[K,
[1.539s]                  from [01m[K/opt/ros/humble/include/rclcpp/rclcpp/callback_group.hpp:24[m[K,
[1.539s]                  from [01m[K/opt/ros/humble/include/rclcpp/rclcpp/any_executable.hpp:20[m[K,
[1.539s]                  from [01m[K/opt/ros/humble/include/rclcpp/rclcpp/memory_strategy.hpp:25[m[K,
[1.539s]                  from [01m[K/opt/ros/humble/include/rclcpp/rclcpp/memory_strategies.hpp:18[m[K,
[1.539s]                  from [01m[K/opt/ros/humble/include/rclcpp/rclcpp/executor_options.hpp:20[m[K,
[1.539s]                  from [01m[K/opt/ros/humble/include/rclcpp/rclcpp/executor.hpp:37[m[K,
[1.539s]                  from [01m[K/opt/ros/humble/include/rclcpp/rclcpp/executors/multi_threaded_executor.hpp:25[m[K,
[1.539s]                  from [01m[K/opt/ros/humble/include/rclcpp/rclcpp/executors.hpp:21[m[K,
[1.539s]                  from [01m[K/opt/ros/humble/include/rclcpp/rclcpp/rclcpp.hpp:155[m[K,
[1.539s]                  from [01m[K/home/sshyuk/ros2_ws/src/crawling_robot_controller/include/crawling_robot_controller/define.h:4[m[K,
[1.539s]                  from [01m[K/home/sshyuk/ros2_ws/src/crawling_robot_controller/src/position_control.cpp:1[m[K:
[1.539s] [01m[K/home/sshyuk/ros2_ws/src/crawling_robot_controller/src/position_control.cpp:[m[K In function ‘[01m[Kint main(int, char**)[m[K’:
[1.539s] [01m[K/home/sshyuk/ros2_ws/src/crawling_robot_controller/src/position_control.cpp:199:94:[m[K [01;31m[Kerror: [m[K‘[01m[Kmsg[m[K’ was not declared in this scope
[1.540s]   199 |         RCLCPP_INFO(rclcpp::get_logger("position_control"), "Received keyboard command: %d", [01;31m[Kmsg[m[K->data);
[1.540s]       |                                                                                              [01;31m[K^~~[m[K
[1.540s] [01m[K/home/sshyuk/ros2_ws/src/crawling_robot_controller/src/position_control.cpp:199:94:[m[K [01;36m[Knote: [m[Ksuggested alternatives:
[1.540s] In file included from [01m[K/opt/ros/humble/include/builtin_interfaces/builtin_interfaces/msg/duration.hpp:7[m[K,
[1.540s]                  from [01m[K/opt/ros/humble/include/rclcpp/rclcpp/duration.hpp:20[m[K,
[1.540s]                  from [01m[K/opt/ros/humble/include/rclcpp/rclcpp/qos.hpp:20[m[K,
[1.540s]                  from [01m[K/opt/ros/humble/include/rclcpp/rclcpp/node_interfaces/node_graph_interface.hpp:32[m[K,
[1.540s]                  from [01m[K/opt/ros/humble/include/rclcpp/rclcpp/client.hpp:42[m[K,
[1.563s]                  from [01m[K/opt/ros/humble/include/rclcpp/rclcpp/callback_group.hpp:24[m[K,
[1.563s]                  from [01m[K/opt/ros/humble/include/rclcpp/rclcpp/any_executable.hpp:20[m[K,
[1.563s]                  from [01m[K/opt/ros/humble/include/rclcpp/rclcpp/memory_strategy.hpp:25[m[K,
[1.563s]                  from [01m[K/opt/ros/humble/include/rclcpp/rclcpp/memory_strategies.hpp:18[m[K,
[1.563s]                  from [01m[K/opt/ros/humble/include/rclcpp/rclcpp/executor_options.hpp:20[m[K,
[1.563s]                  from [01m[K/opt/ros/humble/include/rclcpp/rclcpp/executor.hpp:37[m[K,
[1.563s]                  from [01m[K/opt/ros/humble/include/rclcpp/rclcpp/executors/multi_threaded_executor.hpp:25[m[K,
[1.563s]                  from [01m[K/opt/ros/humble/include/rclcpp/rclcpp/executors.hpp:21[m[K,
[1.563s]                  from [01m[K/opt/ros/humble/include/rclcpp/rclcpp/rclcpp.hpp:155[m[K,
[1.563s]                  from [01m[K/home/sshyuk/ros2_ws/src/crawling_robot_controller/include/crawling_robot_controller/define.h:4[m[K,
[1.563s]                  from [01m[K/home/sshyuk/ros2_ws/src/crawling_robot_controller/src/position_control.cpp:1[m[K:
[1.563s] [01m[K/opt/ros/humble/include/builtin_interfaces/builtin_interfaces/msg/detail/duration__struct.hpp:27:11:[m[K [01;36m[Knote: [m[K  ‘[01m[Kbuiltin_interfaces::msg[m[K’
[1.563s]    27 | namespace [01;36m[Kmsg[m[K
[1.563s]       |           [01;36m[K^~~[m[K
[1.563s] In file included from [01m[K/opt/ros/humble/include/rcl_interfaces/rcl_interfaces/msg/set_parameters_result.hpp:7[m[K,
[1.563s]                  from [01m[K/opt/ros/humble/include/rclcpp/rclcpp/qos_overriding_options.hpp:28[m[K,
[1.563s]                  from [01m[K/opt/ros/humble/include/rclcpp/rclcpp/subscription_options.hpp:30[m[K,
[1.563s]                  from [01m[K/opt/ros/humble/include/rclcpp/rclcpp/subscription.hpp:45[m[K,
[1.563s]                  from [01m[K/opt/ros/humble/include/rclcpp/rclcpp/any_executable.hpp:25[m[K,
[1.563s]                  from [01m[K/opt/ros/humble/include/rclcpp/rclcpp/memory_strategy.hpp:25[m[K,
[1.563s]                  from [01m[K/opt/ros/humble/include/rclcpp/rclcpp/memory_strategies.hpp:18[m[K,
[1.563s]                  from [01m[K/opt/ros/humble/include/rclcpp/rclcpp/executor_options.hpp:20[m[K,
[1.564s]                  from [01m[K/opt/ros/humble/include/rclcpp/rclcpp/executor.hpp:37[m[K,
[1.564s]                  from [01m[K/opt/ros/humble/include/rclcpp/rclcpp/executors/multi_threaded_executor.hpp:25[m[K,
[1.564s]                  from [01m[K/opt/ros/humble/include/rclcpp/rclcpp/executors.hpp:21[m[K,
[1.564s]                  from [01m[K/opt/ros/humble/include/rclcpp/rclcpp/rclcpp.hpp:155[m[K,
[1.564s]                  from [01m[K/home/sshyuk/ros2_ws/src/crawling_robot_controller/include/crawling_robot_controller/define.h:4[m[K,
[1.564s]                  from [01m[K/home/sshyuk/ros2_ws/src/crawling_robot_controller/src/position_control.cpp:1[m[K:
[1.564s] [01m[K/opt/ros/humble/include/rcl_interfaces/rcl_interfaces/msg/detail/set_parameters_result__struct.hpp:27:11:[m[K [01;36m[Knote: [m[K  ‘[01m[Krcl_interfaces::msg[m[K’
[1.564s]    27 | namespace [01;36m[Kmsg[m[K
[1.564s]       |           [01;36m[K^~~[m[K
[1.564s] In file included from [01m[K/opt/ros/humble/include/statistics_msgs/statistics_msgs/msg/detail/metrics_message__struct.hpp:23[m[K,
[1.564s]                  from [01m[K/opt/ros/humble/include/statistics_msgs/statistics_msgs/msg/metrics_message.hpp:7[m[K,
[1.564s]                  from [01m[K/opt/ros/humble/include/libstatistics_collector/libstatistics_collector/collector/generate_statistics_message.hpp:21[m[K,
[1.564s]                  from [01m[K/opt/ros/humble/include/rclcpp/rclcpp/topic_statistics/subscription_topic_statistics.hpp:23[m[K,
[1.564s]                  from [01m[K/opt/ros/humble/include/rclcpp/rclcpp/subscription.hpp:50[m[K,
[1.564s]                  from [01m[K/opt/ros/humble/include/rclcpp/rclcpp/any_executable.hpp:25[m[K,
[1.564s]                  from [01m[K/opt/ros/humble/include/rclcpp/rclcpp/memory_strategy.hpp:25[m[K,
[1.564s]                  from [01m[K/opt/ros/humble/include/rclcpp/rclcpp/memory_strategies.hpp:18[m[K,
[1.564s]                  from [01m[K/opt/ros/humble/include/rclcpp/rclcpp/executor_options.hpp:20[m[K,
[1.564s]                  from [01m[K/opt/ros/humble/include/rclcpp/rclcpp/executor.hpp:37[m[K,
[1.564s]                  from [01m[K/opt/ros/humble/include/rclcpp/rclcpp/executors/multi_threaded_executor.hpp:25[m[K,
[1.564s]                  from [01m[K/opt/ros/humble/include/rclcpp/rclcpp/executors.hpp:21[m[K,
[1.564s]                  from [01m[K/opt/ros/humble/include/rclcpp/rclcpp/rclcpp.hpp:155[m[K,
[1.564s]                  from [01m[K/home/sshyuk/ros2_ws/src/crawling_robot_controller/include/crawling_robot_controller/define.h:4[m[K,
[1.564s]                  from [01m[K/home/sshyuk/ros2_ws/src/crawling_robot_controller/src/position_control.cpp:1[m[K:
[1.564s] [01m[K/opt/ros/humble/include/statistics_msgs/statistics_msgs/msg/detail/statistic_data_point__struct.hpp:27:11:[m[K [01;36m[Knote: [m[K  ‘[01m[Kstatistics_msgs::msg[m[K’
[1.564s]    27 | namespace [01;36m[Kmsg[m[K
[1.564s]       |           [01;36m[K^~~[m[K
[1.564s] In file included from [01m[K/opt/ros/humble/include/geometry_msgs/geometry_msgs/msg/detail/twist__struct.hpp:21[m[K,
[1.564s]                  from [01m[K/opt/ros/humble/include/geometry_msgs/geometry_msgs/msg/twist.hpp:7[m[K,
[1.564s]                  from [01m[K/home/sshyuk/ros2_ws/src/crawling_robot_controller/include/crawling_robot_controller/define.h:5[m[K,
[1.564s]                  from [01m[K/home/sshyuk/ros2_ws/src/crawling_robot_controller/src/position_control.cpp:1[m[K:
[1.564s] [01m[K/opt/ros/humble/include/geometry_msgs/geometry_msgs/msg/detail/vector3__struct.hpp:27:11:[m[K [01;36m[Knote: [m[K  ‘[01m[Kgeometry_msgs::msg[m[K’
[1.564s]    27 | namespace [01;36m[Kmsg[m[K
[1.564s]       |           [01;36m[K^~~[m[K
[1.564s] In file included from [01m[K/opt/ros/humble/include/std_msgs/std_msgs/msg/detail/multi_array_layout__struct.hpp:20[m[K,
[1.564s]                  from [01m[K/opt/ros/humble/include/std_msgs/std_msgs/msg/detail/int8_multi_array__struct.hpp:20[m[K,
[1.564s]                  from [01m[K/opt/ros/humble/include/std_msgs/std_msgs/msg/int8_multi_array.hpp:7[m[K,
[1.564s]                  from [01m[K/home/sshyuk/ros2_ws/src/crawling_robot_controller/src/position_control.cpp:4[m[K:
[1.564s] [01m[K/opt/ros/humble/include/std_msgs/std_msgs/msg/detail/multi_array_dimension__struct.hpp:27:11:[m[K [01;36m[Knote: [m[K  ‘[01m[Kstd_msgs::msg[m[K’
[1.564s]    27 | namespace [01;36m[Kmsg[m[K
[1.565s]       |           [01;36m[K^~~[m[K
[1.565s] [01m[K/home/sshyuk/ros2_ws/src/crawling_robot_controller/src/position_control.cpp:200:13:[m[K [01;31m[Kerror: [m[K‘[01m[Kmsg[m[K’ was not declared in this scope
[1.565s]   200 |         if ([01;31m[Kmsg[m[K->data == 3)
[1.565s]       |             [01;31m[K^~~[m[K
[1.565s] [01m[K/home/sshyuk/ros2_ws/src/crawling_robot_controller/src/position_control.cpp:200:13:[m[K [01;36m[Knote: [m[Ksuggested alternatives:
[1.565s] In file included from [01m[K/opt/ros/humble/include/builtin_interfaces/builtin_interfaces/msg/duration.hpp:7[m[K,
[1.565s]                  from [01m[K/opt/ros/humble/include/rclcpp/rclcpp/duration.hpp:20[m[K,
[1.565s]                  from [01m[K/opt/ros/humble/include/rclcpp/rclcpp/qos.hpp:20[m[K,
[1.565s]                  from [01m[K/opt/ros/humble/include/rclcpp/rclcpp/node_interfaces/node_graph_interface.hpp:32[m[K,
[1.565s]                  from [01m[K/opt/ros/humble/include/rclcpp/rclcpp/client.hpp:42[m[K,
[1.565s]                  from [01m[K/opt/ros/humble/include/rclcpp/rclcpp/callback_group.hpp:24[m[K,
[1.565s]                  from [01m[K/opt/ros/humble/include/rclcpp/rclcpp/any_executable.hpp:20[m[K,
[1.565s]                  from [01m[K/opt/ros/humble/include/rclcpp/rclcpp/memory_strategy.hpp:25[m[K,
[1.565s]                  from [01m[K/opt/ros/humble/include/rclcpp/rclcpp/memory_strategies.hpp:18[m[K,
[1.565s]                  from [01m[K/opt/ros/humble/include/rclcpp/rclcpp/executor_options.hpp:20[m[K,
[1.565s]                  from [01m[K/opt/ros/humble/include/rclcpp/rclcpp/executor.hpp:37[m[K,
[1.565s]                  from [01m[K/opt/ros/humble/include/rclcpp/rclcpp/executors/multi_threaded_executor.hpp:25[m[K,
[1.565s]                  from [01m[K/opt/ros/humble/include/rclcpp/rclcpp/executors.hpp:21[m[K,
[1.565s]                  from [01m[K/opt/ros/humble/include/rclcpp/rclcpp/rclcpp.hpp:155[m[K,
[1.565s]                  from [01m[K/home/sshyuk/ros2_ws/src/crawling_robot_controller/include/crawling_robot_controller/define.h:4[m[K,
[1.565s]                  from [01m[K/home/sshyuk/ros2_ws/src/crawling_robot_controller/src/position_control.cpp:1[m[K:
[1.565s] [01m[K/opt/ros/humble/include/builtin_interfaces/builtin_interfaces/msg/detail/duration__struct.hpp:27:11:[m[K [01;36m[Knote: [m[K  ‘[01m[Kbuiltin_interfaces::msg[m[K’
[1.565s]    27 | namespace [01;36m[Kmsg[m[K
[1.565s]       |           [01;36m[K^~~[m[K
[1.565s] In file included from [01m[K/opt/ros/humble/include/rcl_interfaces/rcl_interfaces/msg/set_parameters_result.hpp:7[m[K,
[1.565s]                  from [01m[K/opt/ros/humble/include/rclcpp/rclcpp/qos_overriding_options.hpp:28[m[K,
[1.565s]                  from [01m[K/opt/ros/humble/include/rclcpp/rclcpp/subscription_options.hpp:30[m[K,
[1.565s]                  from [01m[K/opt/ros/humble/include/rclcpp/rclcpp/subscription.hpp:45[m[K,
[1.565s]                  from [01m[K/opt/ros/humble/include/rclcpp/rclcpp/any_executable.hpp:25[m[K,
[1.565s]                  from [01m[K/opt/ros/humble/include/rclcpp/rclcpp/memory_strategy.hpp:25[m[K,
[1.565s]                  from [01m[K/opt/ros/humble/include/rclcpp/rclcpp/memory_strategies.hpp:18[m[K,
[1.565s]                  from [01m[K/opt/ros/humble/include/rclcpp/rclcpp/executor_options.hpp:20[m[K,
[1.565s]                  from [01m[K/opt/ros/humble/include/rclcpp/rclcpp/executor.hpp:37[m[K,
[1.565s]                  from [01m[K/opt/ros/humble/include/rclcpp/rclcpp/executors/multi_threaded_executor.hpp:25[m[K,
[1.565s]                  from [01m[K/opt/ros/humble/include/rclcpp/rclcpp/executors.hpp:21[m[K,
[1.565s]                  from [01m[K/opt/ros/humble/include/rclcpp/rclcpp/rclcpp.hpp:155[m[K,
[1.565s]                  from [01m[K/home/sshyuk/ros2_ws/src/crawling_robot_controller/include/crawling_robot_controller/define.h:4[m[K,
[1.565s]                  from [01m[K/home/sshyuk/ros2_ws/src/crawling_robot_controller/src/position_control.cpp:1[m[K:
[1.565s] [01m[K/opt/ros/humble/include/rcl_interfaces/rcl_interfaces/msg/detail/set_parameters_result__struct.hpp:27:11:[m[K [01;36m[Knote: [m[K  ‘[01m[Krcl_interfaces::msg[m[K’
[1.565s]    27 | namespace [01;36m[Kmsg[m[K
[1.566s]       |           [01;36m[K^~~[m[K
[1.566s] In file included from [01m[K/opt/ros/humble/include/statistics_msgs/statistics_msgs/msg/detail/metrics_message__struct.hpp:23[m[K,
[1.566s]                  from [01m[K/opt/ros/humble/include/statistics_msgs/statistics_msgs/msg/metrics_message.hpp:7[m[K,
[1.566s]                  from [01m[K/opt/ros/humble/include/libstatistics_collector/libstatistics_collector/collector/generate_statistics_message.hpp:21[m[K,
[1.566s]                  from [01m[K/opt/ros/humble/include/rclcpp/rclcpp/topic_statistics/subscription_topic_statistics.hpp:23[m[K,
[1.566s]                  from [01m[K/opt/ros/humble/include/rclcpp/rclcpp/subscription.hpp:50[m[K,
[1.566s]                  from [01m[K/opt/ros/humble/include/rclcpp/rclcpp/any_executable.hpp:25[m[K,
[1.566s]                  from [01m[K/opt/ros/humble/include/rclcpp/rclcpp/memory_strategy.hpp:25[m[K,
[1.566s]                  from [01m[K/opt/ros/humble/include/rclcpp/rclcpp/memory_strategies.hpp:18[m[K,
[1.566s]                  from [01m[K/opt/ros/humble/include/rclcpp/rclcpp/executor_options.hpp:20[m[K,
[1.566s]                  from [01m[K/opt/ros/humble/include/rclcpp/rclcpp/executor.hpp:37[m[K,
[1.566s]                  from [01m[K/opt/ros/humble/include/rclcpp/rclcpp/executors/multi_threaded_executor.hpp:25[m[K,
[1.566s]                  from [01m[K/opt/ros/humble/include/rclcpp/rclcpp/executors.hpp:21[m[K,
[1.566s]                  from [01m[K/opt/ros/humble/include/rclcpp/rclcpp/rclcpp.hpp:155[m[K,
[1.566s]                  from [01m[K/home/sshyuk/ros2_ws/src/crawling_robot_controller/include/crawling_robot_controller/define.h:4[m[K,
[1.566s]                  from [01m[K/home/sshyuk/ros2_ws/src/crawling_robot_controller/src/position_control.cpp:1[m[K:
[1.566s] [01m[K/opt/ros/humble/include/statistics_msgs/statistics_msgs/msg/detail/statistic_data_point__struct.hpp:27:11:[m[K [01;36m[Knote: [m[K  ‘[01m[Kstatistics_msgs::msg[m[K’
[1.566s]    27 | namespace [01;36m[Kmsg[m[K
[1.566s]       |           [01;36m[K^~~[m[K
[1.566s] In file included from [01m[K/opt/ros/humble/include/geometry_msgs/geometry_msgs/msg/detail/twist__struct.hpp:21[m[K,
[1.566s]                  from [01m[K/opt/ros/humble/include/geometry_msgs/geometry_msgs/msg/twist.hpp:7[m[K,
[1.566s]                  from [01m[K/home/sshyuk/ros2_ws/src/crawling_robot_controller/include/crawling_robot_controller/define.h:5[m[K,
[1.566s]                  from [01m[K/home/sshyuk/ros2_ws/src/crawling_robot_controller/src/position_control.cpp:1[m[K:
[1.566s] [01m[K/opt/ros/humble/include/geometry_msgs/geometry_msgs/msg/detail/vector3__struct.hpp:27:11:[m[K [01;36m[Knote: [m[K  ‘[01m[Kgeometry_msgs::msg[m[K’
[1.566s]    27 | namespace [01;36m[Kmsg[m[K
[1.566s]       |           [01;36m[K^~~[m[K
[1.566s] In file included from [01m[K/opt/ros/humble/include/std_msgs/std_msgs/msg/detail/multi_array_layout__struct.hpp:20[m[K,
[1.566s]                  from [01m[K/opt/ros/humble/include/std_msgs/std_msgs/msg/detail/int8_multi_array__struct.hpp:20[m[K,
[1.566s]                  from [01m[K/opt/ros/humble/include/std_msgs/std_msgs/msg/int8_multi_array.hpp:7[m[K,
[1.566s]                  from [01m[K/home/sshyuk/ros2_ws/src/crawling_robot_controller/src/position_control.cpp:4[m[K:
[1.566s] [01m[K/opt/ros/humble/include/std_msgs/std_msgs/msg/detail/multi_array_dimension__struct.hpp:27:11:[m[K [01;36m[Knote: [m[K  ‘[01m[Kstd_msgs::msg[m[K’
[1.566s]    27 | namespace [01;36m[Kmsg[m[K
[1.566s]       |           [01;36m[K^~~[m[K
[1.566s] [01m[K/home/sshyuk/ros2_ws/src/crawling_robot_controller/src/position_control.cpp:220:9:[m[K [01;31m[Kerror: [m[K‘[01m[Kelse[m[K’ without a previous ‘[01m[Kif[m[K’
[1.566s]   220 |         [01;31m[Kelse[m[K
[1.566s]       |         [01;31m[K^~~~[m[K
[1.566s] [01m[K/home/sshyuk/ros2_ws/src/crawling_robot_controller/src/position_control.cpp:[m[K At global scope:
[1.566s] [01m[K/home/sshyuk/ros2_ws/src/crawling_robot_controller/src/position_control.cpp:228:21:[m[K [01;31m[Kerror: [m[Kexpected constructor, destructor, or type conversion before ‘[01m[K;[m[K’ token
[1.566s]   228 |     KILL_dynamixel()[01;31m[K;[m[K
[1.566s]       |                     [01;31m[K^[m[K
[1.566s] [01m[K/home/sshyuk/ros2_ws/src/crawling_robot_controller/src/position_control.cpp:229:5:[m[K [01;31m[Kerror: [m[Kexpected unqualified-id before ‘[01m[Kreturn[m[K’
[1.566s]   229 |     [01;31m[Kreturn[m[K 0;
[1.567s]       |     [01;31m[K^~~~~~[m[K
[1.567s] [01m[K/home/sshyuk/ros2_ws/src/crawling_robot_controller/src/position_control.cpp:230:1:[m[K [01;31m[Kerror: [m[Kexpected declaration before ‘[01m[K}[m[K’ token
[1.567s]   230 | [01;31m[K}[m[K
[1.567s]       | [01;31m[K^[m[K
[3.161s] gmake[2]: *** [CMakeFiles/position_control.dir/build.make:76: CMakeFiles/position_control.dir/src/position_control.cpp.o] Error 1
[3.162s] gmake[1]: *** [CMakeFiles/Makefile2:137: CMakeFiles/position_control.dir/all] Error 2
[3.162s] gmake: *** [Makefile:146: all] Error 2
[3.164s] Invoked command in '/home/sshyuk/ros2_ws/build/crawling_robot_controller' returned '2': CMAKE_PREFIX_PATH=${CMAKE_PREFIX_PATH}:/home/sshyuk/ros2_ws/install/keyboard:/home/sshyuk/ros2_ws/install/crawling_sunghyuk:/opt/ros/humble /usr/bin/cmake --build /home/sshyuk/ros2_ws/build/crawling_robot_controller -- -j20 -l20
