[0.008s] Invoking command in '/home/sshyuk/ros2_ws/build/crawling_robot_controller': CMAKE_PREFIX_PATH=${CMAKE_PREFIX_PATH}:/home/sshyuk/ros2_ws/install/crawling_sunghyuk:/opt/ros/humble /usr/bin/cmake /home/sshyuk/ros2_ws/src/crawling_robot_controller -DCMAKE_INSTALL_PREFIX=/home/sshyuk/ros2_ws/install/crawling_robot_controller
[0.049s] -- The C compiler identification is GNU 11.4.0
[0.089s] -- The CXX compiler identification is GNU 11.4.0
[0.095s] -- Detecting C compiler ABI info
[0.148s] -- Detecting C compiler ABI info - done
[0.154s] -- Check for working C compiler: /usr/bin/cc - skipped
[0.154s] -- Detecting C compile features
[0.154s] -- Detecting C compile features - done
[0.157s] -- Detecting CXX compiler ABI info
[0.225s] -- Detecting CXX compiler ABI info - done
[0.233s] -- Check for working CXX compiler: /usr/bin/c++ - skipped
[0.233s] -- Detecting CXX compile features
[0.233s] -- Detecting CXX compile features - done
[0.235s] -- Found ament_cmake: 1.3.11 (/opt/ros/humble/share/ament_cmake/cmake)
[0.348s] -- Found Python3: /usr/bin/python3 (found version "3.10.12") found components: Interpreter 
[0.406s] -- Found rclcpp: 16.0.11 (/opt/ros/humble/share/rclcpp/cmake)
[0.430s] -- Found rosidl_generator_c: 3.1.6 (/opt/ros/humble/share/rosidl_generator_c/cmake)
[0.432s] -- Found rosidl_adapter: 3.1.6 (/opt/ros/humble/share/rosidl_adapter/cmake)
[0.437s] -- Found rosidl_generator_cpp: 3.1.6 (/opt/ros/humble/share/rosidl_generator_cpp/cmake)
[0.444s] -- Using all available rosidl_typesupport_c: rosidl_typesupport_fastrtps_c;rosidl_typesupport_introspection_c
[0.454s] -- Using all available rosidl_typesupport_cpp: rosidl_typesupport_fastrtps_cpp;rosidl_typesupport_introspection_cpp
[0.480s] -- Found rmw_implementation_cmake: 6.1.2 (/opt/ros/humble/share/rmw_implementation_cmake/cmake)
[0.481s] -- Found rmw_fastrtps_cpp: 6.2.7 (/opt/ros/humble/share/rmw_fastrtps_cpp/cmake)
[0.546s] -- Found OpenSSL: /usr/lib/x86_64-linux-gnu/libcrypto.so (found version "3.0.2")  
[0.569s] -- Found FastRTPS: /opt/ros/humble/include  
[0.600s] -- Using RMW implementation 'rmw_fastrtps_cpp' as default
[0.606s] -- Looking for pthread.h
[0.687s] -- Looking for pthread.h - found
[0.687s] -- Performing Test CMAKE_HAVE_LIBC_PTHREAD
[0.768s] -- Performing Test CMAKE_HAVE_LIBC_PTHREAD - Success
[0.769s] -- Found Threads: TRUE  
[0.802s] -- Found dynamixel_sdk: 3.7.60 (/opt/ros/humble/share/dynamixel_sdk/cmake)
[0.804s] -- Found geometry_msgs: 4.2.4 (/opt/ros/humble/share/geometry_msgs/cmake)
[0.812s] -- Found ament_lint_auto: 0.12.11 (/opt/ros/humble/share/ament_lint_auto/cmake)
[0.862s] -- Added test 'copyright' to check source files copyright and LICENSE
[0.862s] -- Added test 'cppcheck' to perform static code analysis on C / C++ code
[0.863s] -- Configured cppcheck include dirs: /home/sshyuk/ros2_ws/src/crawling_robot_controller/include
[0.863s] -- Configured cppcheck exclude dirs and/or files: 
[0.863s] -- Added test 'lint_cmake' to check CMake code style
[0.864s] -- Added test 'uncrustify' to check C / C++ code style
[0.864s] -- Configured uncrustify additional arguments: 
[0.864s] -- Added test 'xmllint' to check XML markup files
[0.864s] -- Configuring done
[0.869s] -- Generating done
[0.872s] -- Build files have been written to: /home/sshyuk/ros2_ws/build/crawling_robot_controller
[0.877s] Invoked command in '/home/sshyuk/ros2_ws/build/crawling_robot_controller' returned '0': CMAKE_PREFIX_PATH=${CMAKE_PREFIX_PATH}:/home/sshyuk/ros2_ws/install/crawling_sunghyuk:/opt/ros/humble /usr/bin/cmake /home/sshyuk/ros2_ws/src/crawling_robot_controller -DCMAKE_INSTALL_PREFIX=/home/sshyuk/ros2_ws/install/crawling_robot_controller
[0.879s] Invoking command in '/home/sshyuk/ros2_ws/build/crawling_robot_controller': CMAKE_PREFIX_PATH=${CMAKE_PREFIX_PATH}:/home/sshyuk/ros2_ws/install/crawling_sunghyuk:/opt/ros/humble /usr/bin/cmake --build /home/sshyuk/ros2_ws/build/crawling_robot_controller -- -j20 -l20
[0.929s] [ 50%] [32mBuilding CXX object CMakeFiles/position_control.dir/src/position_control.cpp.o[0m
[3.486s] [100%] [32m[1mLinking CXX executable position_control[0m
[3.626s] [100%] Built target position_control
[3.640s] Invoked command in '/home/sshyuk/ros2_ws/build/crawling_robot_controller' returned '0': CMAKE_PREFIX_PATH=${CMAKE_PREFIX_PATH}:/home/sshyuk/ros2_ws/install/crawling_sunghyuk:/opt/ros/humble /usr/bin/cmake --build /home/sshyuk/ros2_ws/build/crawling_robot_controller -- -j20 -l20
[3.653s] Invoking command in '/home/sshyuk/ros2_ws/build/crawling_robot_controller': CMAKE_PREFIX_PATH=${CMAKE_PREFIX_PATH}:/home/sshyuk/ros2_ws/install/crawling_sunghyuk:/opt/ros/humble /usr/bin/cmake --install /home/sshyuk/ros2_ws/build/crawling_robot_controller
[3.664s] -- Install configuration: ""
[3.664s] -- Installing: /home/sshyuk/ros2_ws/install/crawling_robot_controller/lib/crawling_robot_controller/position_control
[3.666s] -- Set runtime path of "/home/sshyuk/ros2_ws/install/crawling_robot_controller/lib/crawling_robot_controller/position_control" to ""
[3.666s] -- Installing: /home/sshyuk/ros2_ws/install/crawling_robot_controller/share/ament_index/resource_index/package_run_dependencies/crawling_robot_controller
[3.666s] -- Installing: /home/sshyuk/ros2_ws/install/crawling_robot_controller/share/ament_index/resource_index/parent_prefix_path/crawling_robot_controller
[3.666s] -- Installing: /home/sshyuk/ros2_ws/install/crawling_robot_controller/share/crawling_robot_controller/environment/ament_prefix_path.sh
[3.666s] -- Installing: /home/sshyuk/ros2_ws/install/crawling_robot_controller/share/crawling_robot_controller/environment/ament_prefix_path.dsv
[3.666s] -- Installing: /home/sshyuk/ros2_ws/install/crawling_robot_controller/share/crawling_robot_controller/environment/path.sh
[3.667s] -- Installing: /home/sshyuk/ros2_ws/install/crawling_robot_controller/share/crawling_robot_controller/environment/path.dsv
[3.667s] -- Installing: /home/sshyuk/ros2_ws/install/crawling_robot_controller/share/crawling_robot_controller/local_setup.bash
[3.667s] -- Installing: /home/sshyuk/ros2_ws/install/crawling_robot_controller/share/crawling_robot_controller/local_setup.sh
[3.667s] -- Installing: /home/sshyuk/ros2_ws/install/crawling_robot_controller/share/crawling_robot_controller/local_setup.zsh
[3.667s] -- Installing: /home/sshyuk/ros2_ws/install/crawling_robot_controller/share/crawling_robot_controller/local_setup.dsv
[3.667s] -- Installing: /home/sshyuk/ros2_ws/install/crawling_robot_controller/share/crawling_robot_controller/package.dsv
[3.667s] -- Installing: /home/sshyuk/ros2_ws/install/crawling_robot_controller/share/ament_index/resource_index/packages/crawling_robot_controller
[3.667s] -- Installing: /home/sshyuk/ros2_ws/install/crawling_robot_controller/share/crawling_robot_controller/cmake/crawling_robot_controllerConfig.cmake
[3.667s] -- Installing: /home/sshyuk/ros2_ws/install/crawling_robot_controller/share/crawling_robot_controller/cmake/crawling_robot_controllerConfig-version.cmake
[3.667s] -- Installing: /home/sshyuk/ros2_ws/install/crawling_robot_controller/share/crawling_robot_controller/package.xml
[3.670s] Invoked command in '/home/sshyuk/ros2_ws/build/crawling_robot_controller' returned '0': CMAKE_PREFIX_PATH=${CMAKE_PREFIX_PATH}:/home/sshyuk/ros2_ws/install/crawling_sunghyuk:/opt/ros/humble /usr/bin/cmake --install /home/sshyuk/ros2_ws/build/crawling_robot_controller
