[0.523s] Invoking command in '/home/sshyuk/ros2_ws/build/crawling_sunghyuk': PYTHONPATH=/home/sshyuk/ros2_ws/build/crawling_sunghyuk/prefix_override:/usr/lib/python3/dist-packages/colcon_core/task/python/colcon_distutils_commands:/home/sshyuk/ros2_ws/install/crawling_sunghyuk/lib/python3.10/site-packages:${PYTHONPATH} /usr/bin/python3 -W ignore:setup.py install is deprecated -W ignore:easy_install command is deprecated setup.py develop --uninstall --editable --build-directory /home/sshyuk/ros2_ws/build/crawling_sunghyuk/build
[0.694s] running develop
[0.782s] Removing /home/sshyuk/ros2_ws/install/crawling_sunghyuk/lib/python3.10/site-packages/crawling-sunghyuk.egg-link (link to .)
[0.796s] Invoked command in '/home/sshyuk/ros2_ws/build/crawling_sunghyuk' returned '0': PYTHONPATH=/home/sshyuk/ros2_ws/build/crawling_sunghyuk/prefix_override:/usr/lib/python3/dist-packages/colcon_core/task/python/colcon_distutils_commands:/home/sshyuk/ros2_ws/install/crawling_sunghyuk/lib/python3.10/site-packages:${PYTHONPATH} /usr/bin/python3 -W ignore:setup.py install is deprecated -W ignore:easy_install command is deprecated setup.py develop --uninstall --editable --build-directory /home/sshyuk/ros2_ws/build/crawling_sunghyuk/build
[0.798s] Invoking command in '/home/sshyuk/ros2_ws/src/crawling_sunghyuk': PYTHONPATH=/home/sshyuk/ros2_ws/build/crawling_sunghyuk/prefix_override:/usr/lib/python3/dist-packages/colcon_core/task/python/colcon_distutils_commands:/home/sshyuk/ros2_ws/install/crawling_sunghyuk/lib/python3.10/site-packages:${PYTHONPATH} /usr/bin/python3 -W ignore:setup.py install is deprecated -W ignore:easy_install command is deprecated setup.py egg_info --egg-base ../../build/crawling_sunghyuk build --build-base /home/sshyuk/ros2_ws/build/crawling_sunghyuk/build install --record /home/sshyuk/ros2_ws/build/crawling_sunghyuk/install.log --single-version-externally-managed install_data --force
[0.943s] running egg_info
[0.944s] writing ../../build/crawling_sunghyuk/crawling_sunghyuk.egg-info/PKG-INFO
[0.944s] writing dependency_links to ../../build/crawling_sunghyuk/crawling_sunghyuk.egg-info/dependency_links.txt
[0.944s] writing entry points to ../../build/crawling_sunghyuk/crawling_sunghyuk.egg-info/entry_points.txt
[0.944s] writing requirements to ../../build/crawling_sunghyuk/crawling_sunghyuk.egg-info/requires.txt
[0.944s] writing top-level names to ../../build/crawling_sunghyuk/crawling_sunghyuk.egg-info/top_level.txt
[0.945s] reading manifest file '../../build/crawling_sunghyuk/crawling_sunghyuk.egg-info/SOURCES.txt'
[0.946s] writing manifest file '../../build/crawling_sunghyuk/crawling_sunghyuk.egg-info/SOURCES.txt'
[0.946s] running build
[0.946s] running build_py
[0.946s] running install
[0.946s] running install_lib
[0.947s] creating /home/sshyuk/ros2_ws/install/crawling_sunghyuk/lib/python3.10/site-packages/scripts
[0.947s] copying /home/sshyuk/ros2_ws/build/crawling_sunghyuk/build/lib/scripts/__init__.py -> /home/sshyuk/ros2_ws/install/crawling_sunghyuk/lib/python3.10/site-packages/scripts
[0.947s] copying /home/sshyuk/ros2_ws/build/crawling_sunghyuk/build/lib/scripts/gripper_control.py -> /home/sshyuk/ros2_ws/install/crawling_sunghyuk/lib/python3.10/site-packages/scripts
[0.947s] creating /home/sshyuk/ros2_ws/install/crawling_sunghyuk/lib/python3.10/site-packages/crawling_sunghyuk
[0.947s] copying /home/sshyuk/ros2_ws/build/crawling_sunghyuk/build/lib/crawling_sunghyuk/__init__.py -> /home/sshyuk/ros2_ws/install/crawling_sunghyuk/lib/python3.10/site-packages/crawling_sunghyuk
[0.947s] copying /home/sshyuk/ros2_ws/build/crawling_sunghyuk/build/lib/crawling_sunghyuk/gripper_control.py -> /home/sshyuk/ros2_ws/install/crawling_sunghyuk/lib/python3.10/site-packages/crawling_sunghyuk
[0.948s] byte-compiling /home/sshyuk/ros2_ws/install/crawling_sunghyuk/lib/python3.10/site-packages/scripts/__init__.py to __init__.cpython-310.pyc
[0.948s] byte-compiling /home/sshyuk/ros2_ws/install/crawling_sunghyuk/lib/python3.10/site-packages/scripts/gripper_control.py to gripper_control.cpython-310.pyc
[0.948s] byte-compiling /home/sshyuk/ros2_ws/install/crawling_sunghyuk/lib/python3.10/site-packages/crawling_sunghyuk/__init__.py to __init__.cpython-310.pyc
[0.948s] byte-compiling /home/sshyuk/ros2_ws/install/crawling_sunghyuk/lib/python3.10/site-packages/crawling_sunghyuk/gripper_control.py to gripper_control.cpython-310.pyc
[0.949s] running install_data
[0.949s] copying resource/crawling_sunghyuk -> /home/sshyuk/ros2_ws/install/crawling_sunghyuk/share/ament_index/resource_index/packages
[0.949s] copying package.xml -> /home/sshyuk/ros2_ws/install/crawling_sunghyuk/share/crawling_sunghyuk
[0.949s] running install_egg_info
[0.950s] Copying ../../build/crawling_sunghyuk/crawling_sunghyuk.egg-info to /home/sshyuk/ros2_ws/install/crawling_sunghyuk/lib/python3.10/site-packages/crawling_sunghyuk-0.0.0-py3.10.egg-info
[0.950s] running install_scripts
[0.965s] Installing gripper_control script to /home/sshyuk/ros2_ws/install/crawling_sunghyuk/lib/crawling_sunghyuk
[0.965s] writing list of installed files to '/home/sshyuk/ros2_ws/build/crawling_sunghyuk/install.log'
[0.980s] Invoked command in '/home/sshyuk/ros2_ws/src/crawling_sunghyuk' returned '0': PYTHONPATH=/home/sshyuk/ros2_ws/build/crawling_sunghyuk/prefix_override:/usr/lib/python3/dist-packages/colcon_core/task/python/colcon_distutils_commands:/home/sshyuk/ros2_ws/install/crawling_sunghyuk/lib/python3.10/site-packages:${PYTHONPATH} /usr/bin/python3 -W ignore:setup.py install is deprecated -W ignore:easy_install command is deprecated setup.py egg_info --egg-base ../../build/crawling_sunghyuk build --build-base /home/sshyuk/ros2_ws/build/crawling_sunghyuk/build install --record /home/sshyuk/ros2_ws/build/crawling_sunghyuk/install.log --single-version-externally-managed install_data --force
