[0.532s] Invoking command in '/home/sshyuk/ros2_ws/src/crawling_sunghyuk': PYTHONPATH=/home/sshyuk/ros2_ws/build/crawling_sunghyuk/prefix_override:/usr/lib/python3/dist-packages/colcon_core/task/python/colcon_distutils_commands:/home/sshyuk/ros2_ws/install/crawling_sunghyuk/lib/python3.10/site-packages:${PYTHONPATH} /usr/bin/python3 -W ignore:setup.py install is deprecated -W ignore:easy_install command is deprecated setup.py egg_info --egg-base ../../build/crawling_sunghyuk build --build-base /home/sshyuk/ros2_ws/build/crawling_sunghyuk/build install --record /home/sshyuk/ros2_ws/build/crawling_sunghyuk/install.log --single-version-externally-managed install_data
[0.674s] running egg_info
[0.674s] writing ../../build/crawling_sunghyuk/crawling_sunghyuk.egg-info/PKG-INFO
[0.674s] writing dependency_links to ../../build/crawling_sunghyuk/crawling_sunghyuk.egg-info/dependency_links.txt
[0.674s] writing entry points to ../../build/crawling_sunghyuk/crawling_sunghyuk.egg-info/entry_points.txt
[0.674s] writing requirements to ../../build/crawling_sunghyuk/crawling_sunghyuk.egg-info/requires.txt
[0.674s] writing top-level names to ../../build/crawling_sunghyuk/crawling_sunghyuk.egg-info/top_level.txt
[0.675s] reading manifest file '../../build/crawling_sunghyuk/crawling_sunghyuk.egg-info/SOURCES.txt'
[0.676s] writing manifest file '../../build/crawling_sunghyuk/crawling_sunghyuk.egg-info/SOURCES.txt'
[0.676s] running build
[0.676s] running build_py
[0.676s] running install
[0.676s] running install_lib
[0.677s] running install_data
[0.677s] running install_egg_info
[0.678s] removing '/home/sshyuk/ros2_ws/install/crawling_sunghyuk/lib/python3.10/site-packages/crawling_sunghyuk-0.0.0-py3.10.egg-info' (and everything under it)
[0.678s] Copying ../../build/crawling_sunghyuk/crawling_sunghyuk.egg-info to /home/sshyuk/ros2_ws/install/crawling_sunghyuk/lib/python3.10/site-packages/crawling_sunghyuk-0.0.0-py3.10.egg-info
[0.678s] running install_scripts
[0.692s] Installing gripper_control script to /home/sshyuk/ros2_ws/install/crawling_sunghyuk/lib/crawling_sunghyuk
[0.692s] writing list of installed files to '/home/sshyuk/ros2_ws/build/crawling_sunghyuk/install.log'
[0.709s] Invoked command in '/home/sshyuk/ros2_ws/src/crawling_sunghyuk' returned '0': PYTHONPATH=/home/sshyuk/ros2_ws/build/crawling_sunghyuk/prefix_override:/usr/lib/python3/dist-packages/colcon_core/task/python/colcon_distutils_commands:/home/sshyuk/ros2_ws/install/crawling_sunghyuk/lib/python3.10/site-packages:${PYTHONPATH} /usr/bin/python3 -W ignore:setup.py install is deprecated -W ignore:easy_install command is deprecated setup.py egg_info --egg-base ../../build/crawling_sunghyuk build --build-base /home/sshyuk/ros2_ws/build/crawling_sunghyuk/build install --record /home/sshyuk/ros2_ws/build/crawling_sunghyuk/install.log --single-version-externally-managed install_data
