[0.067s] DEBUG:colcon:Command line arguments: ['/usr/bin/colcon', 'build']
[0.067s] DEBUG:colcon:Parsed command line arguments: Namespace(log_base=None, log_level=None, verb_name='build', build_base='build', install_base='install', merge_install=False, symlink_install=False, test_result_base=None, continue_on_error=False, executor='parallel', parallel_workers=20, event_handlers=None, ignore_user_meta=False, metas=['./colcon.meta'], base_paths=['.'], packages_ignore=None, packages_ignore_regex=None, paths=None, packages_up_to=None, packages_up_to_regex=None, packages_above=None, packages_above_and_dependencies=None, packages_above_depth=None, packages_select_by_dep=None, packages_skip_by_dep=None, packages_skip_up_to=None, packages_select_build_failed=False, packages_skip_build_finished=False, packages_select_test_failures=False, packages_skip_test_passed=False, packages_select=None, packages_skip=None, packages_select_regex=None, packages_skip_regex=None, packages_start=None, packages_end=None, allow_overriding=[], cmake_args=None, cmake_target=None, cmake_target_skip_unavailable=False, cmake_clean_cache=False, cmake_clean_first=False, cmake_force_configure=False, ament_cmake_args=None, catkin_cmake_args=None, catkin_skip_building_tests=False, mixin_files=None, mixin=None, verb_parser=<colcon_mixin.mixin.mixin_argument.MixinArgumentDecorator object at 0x7fc663051690>, verb_extension=<colcon_core.verb.build.BuildVerb object at 0x7fc6631d2fe0>, main=<bound method BuildVerb.main of <colcon_core.verb.build.BuildVerb object at 0x7fc6631d2fe0>>, mixin_verb=('build',))
[0.173s] Level 1:colcon.colcon_core.package_discovery:discover_packages(colcon_meta) check parameters
[0.173s] Level 1:colcon.colcon_core.package_discovery:discover_packages(recursive) check parameters
[0.174s] Level 1:colcon.colcon_core.package_discovery:discover_packages(ignore) check parameters
[0.174s] Level 1:colcon.colcon_core.package_discovery:discover_packages(path) check parameters
[0.174s] Level 1:colcon.colcon_core.package_discovery:discover_packages(colcon_meta) discover
[0.174s] Level 1:colcon.colcon_core.package_discovery:discover_packages(recursive) discover
[0.174s] INFO:colcon.colcon_core.package_discovery:Crawling recursively for packages in '/home/sshyuk/ros2_ws'
[0.174s] Level 1:colcon.colcon_core.package_identification:_identify(.) by extensions ['ignore', 'ignore_ament_install']
[0.174s] Level 1:colcon.colcon_core.package_identification:_identify(.) by extension 'ignore'
[0.174s] Level 1:colcon.colcon_core.package_identification:_identify(.) by extension 'ignore_ament_install'
[0.174s] Level 1:colcon.colcon_core.package_identification:_identify(.) by extensions ['colcon_pkg']
[0.174s] Level 1:colcon.colcon_core.package_identification:_identify(.) by extension 'colcon_pkg'
[0.174s] Level 1:colcon.colcon_core.package_identification:_identify(.) by extensions ['colcon_meta']
[0.174s] Level 1:colcon.colcon_core.package_identification:_identify(.) by extension 'colcon_meta'
[0.174s] Level 1:colcon.colcon_core.package_identification:_identify(.) by extensions ['ros']
[0.174s] Level 1:colcon.colcon_core.package_identification:_identify(.) by extension 'ros'
[0.181s] Level 1:colcon.colcon_core.package_identification:_identify(.) by extensions ['cmake', 'python']
[0.181s] Level 1:colcon.colcon_core.package_identification:_identify(.) by extension 'cmake'
[0.181s] Level 1:colcon.colcon_core.package_identification:_identify(.) by extension 'python'
[0.181s] Level 1:colcon.colcon_core.package_identification:_identify(.) by extensions ['python_setup_py']
[0.181s] Level 1:colcon.colcon_core.package_identification:_identify(.) by extension 'python_setup_py'
[0.181s] Level 1:colcon.colcon_core.package_identification:_identify(build) by extensions ['ignore', 'ignore_ament_install']
[0.181s] Level 1:colcon.colcon_core.package_identification:_identify(build) by extension 'ignore'
[0.181s] Level 1:colcon.colcon_core.package_identification:_identify(build) ignored
[0.181s] Level 1:colcon.colcon_core.package_identification:_identify(install) by extensions ['ignore', 'ignore_ament_install']
[0.181s] Level 1:colcon.colcon_core.package_identification:_identify(install) by extension 'ignore'
[0.181s] Level 1:colcon.colcon_core.package_identification:_identify(install) ignored
[0.181s] Level 1:colcon.colcon_core.package_identification:_identify(log) by extensions ['ignore', 'ignore_ament_install']
[0.181s] Level 1:colcon.colcon_core.package_identification:_identify(log) by extension 'ignore'
[0.181s] Level 1:colcon.colcon_core.package_identification:_identify(log) ignored
[0.181s] Level 1:colcon.colcon_core.package_identification:_identify(src) by extensions ['ignore', 'ignore_ament_install']
[0.181s] Level 1:colcon.colcon_core.package_identification:_identify(src) by extension 'ignore'
[0.181s] Level 1:colcon.colcon_core.package_identification:_identify(src) by extension 'ignore_ament_install'
[0.181s] Level 1:colcon.colcon_core.package_identification:_identify(src) by extensions ['colcon_pkg']
[0.181s] Level 1:colcon.colcon_core.package_identification:_identify(src) by extension 'colcon_pkg'
[0.182s] Level 1:colcon.colcon_core.package_identification:_identify(src) by extensions ['colcon_meta']
[0.182s] Level 1:colcon.colcon_core.package_identification:_identify(src) by extension 'colcon_meta'
[0.182s] Level 1:colcon.colcon_core.package_identification:_identify(src) by extensions ['ros']
[0.182s] Level 1:colcon.colcon_core.package_identification:_identify(src) by extension 'ros'
[0.182s] Level 1:colcon.colcon_core.package_identification:_identify(src) by extensions ['cmake', 'python']
[0.182s] Level 1:colcon.colcon_core.package_identification:_identify(src) by extension 'cmake'
[0.182s] Level 1:colcon.colcon_core.package_identification:_identify(src) by extension 'python'
[0.182s] Level 1:colcon.colcon_core.package_identification:_identify(src) by extensions ['python_setup_py']
[0.182s] Level 1:colcon.colcon_core.package_identification:_identify(src) by extension 'python_setup_py'
[0.182s] Level 1:colcon.colcon_core.package_identification:_identify(src/crawling_robot_controller) by extensions ['ignore', 'ignore_ament_install']
[0.182s] Level 1:colcon.colcon_core.package_identification:_identify(src/crawling_robot_controller) by extension 'ignore'
[0.182s] Level 1:colcon.colcon_core.package_identification:_identify(src/crawling_robot_controller) by extension 'ignore_ament_install'
[0.182s] Level 1:colcon.colcon_core.package_identification:_identify(src/crawling_robot_controller) by extensions ['colcon_pkg']
[0.182s] Level 1:colcon.colcon_core.package_identification:_identify(src/crawling_robot_controller) by extension 'colcon_pkg'
[0.182s] Level 1:colcon.colcon_core.package_identification:_identify(src/crawling_robot_controller) by extensions ['colcon_meta']
[0.182s] Level 1:colcon.colcon_core.package_identification:_identify(src/crawling_robot_controller) by extension 'colcon_meta'
[0.182s] Level 1:colcon.colcon_core.package_identification:_identify(src/crawling_robot_controller) by extensions ['ros']
[0.182s] Level 1:colcon.colcon_core.package_identification:_identify(src/crawling_robot_controller) by extension 'ros'
[0.184s] DEBUG:colcon.colcon_core.package_identification:Package 'src/crawling_robot_controller' with type 'ros.ament_cmake' and name 'crawling_robot_controller'
[0.184s] Level 1:colcon.colcon_core.package_identification:_identify(src/crawling_sunghyuk) by extensions ['ignore', 'ignore_ament_install']
[0.184s] Level 1:colcon.colcon_core.package_identification:_identify(src/crawling_sunghyuk) by extension 'ignore'
[0.184s] Level 1:colcon.colcon_core.package_identification:_identify(src/crawling_sunghyuk) by extension 'ignore_ament_install'
[0.184s] Level 1:colcon.colcon_core.package_identification:_identify(src/crawling_sunghyuk) by extensions ['colcon_pkg']
[0.184s] Level 1:colcon.colcon_core.package_identification:_identify(src/crawling_sunghyuk) by extension 'colcon_pkg'
[0.184s] Level 1:colcon.colcon_core.package_identification:_identify(src/crawling_sunghyuk) by extensions ['colcon_meta']
[0.184s] Level 1:colcon.colcon_core.package_identification:_identify(src/crawling_sunghyuk) by extension 'colcon_meta'
[0.184s] Level 1:colcon.colcon_core.package_identification:_identify(src/crawling_sunghyuk) by extensions ['ros']
[0.184s] Level 1:colcon.colcon_core.package_identification:_identify(src/crawling_sunghyuk) by extension 'ros'
[0.184s] DEBUG:colcon.colcon_core.package_identification:Package 'src/crawling_sunghyuk' with type 'ros.ament_python' and name 'crawling_sunghyuk'
[0.184s] Level 1:colcon.colcon_core.package_identification:_identify(src/keyboard) by extensions ['ignore', 'ignore_ament_install']
[0.184s] Level 1:colcon.colcon_core.package_identification:_identify(src/keyboard) by extension 'ignore'
[0.184s] Level 1:colcon.colcon_core.package_identification:_identify(src/keyboard) by extension 'ignore_ament_install'
[0.184s] Level 1:colcon.colcon_core.package_identification:_identify(src/keyboard) by extensions ['colcon_pkg']
[0.184s] Level 1:colcon.colcon_core.package_identification:_identify(src/keyboard) by extension 'colcon_pkg'
[0.184s] Level 1:colcon.colcon_core.package_identification:_identify(src/keyboard) by extensions ['colcon_meta']
[0.184s] Level 1:colcon.colcon_core.package_identification:_identify(src/keyboard) by extension 'colcon_meta'
[0.184s] Level 1:colcon.colcon_core.package_identification:_identify(src/keyboard) by extensions ['ros']
[0.184s] Level 1:colcon.colcon_core.package_identification:_identify(src/keyboard) by extension 'ros'
[0.185s] DEBUG:colcon.colcon_core.package_identification:Package 'src/keyboard' with type 'ros.ament_python' and name 'keyboard'
[0.185s] Level 1:colcon.colcon_core.package_discovery:discover_packages(recursive) using defaults
[0.185s] Level 1:colcon.colcon_core.package_discovery:discover_packages(ignore) discover
[0.185s] Level 1:colcon.colcon_core.package_discovery:discover_packages(ignore) using defaults
[0.185s] Level 1:colcon.colcon_core.package_discovery:discover_packages(path) discover
[0.185s] Level 1:colcon.colcon_core.package_discovery:discover_packages(path) using defaults
[0.203s] Level 1:colcon.colcon_core.package_discovery:discover_packages(prefix_path) check parameters
[0.203s] Level 1:colcon.colcon_core.package_discovery:discover_packages(prefix_path) discover
[0.204s] DEBUG:colcon.colcon_installed_package_information.package_discovery:Found 3 installed packages in /home/sshyuk/ros2_ws/install
[0.205s] DEBUG:colcon.colcon_installed_package_information.package_discovery:Found 296 installed packages in /opt/ros/humble
[0.205s] Level 1:colcon.colcon_core.package_discovery:discover_packages(prefix_path) using defaults
[0.228s] Level 5:colcon.colcon_core.verb:set package 'crawling_robot_controller' build argument 'cmake_args' from command line to 'None'
[0.228s] Level 5:colcon.colcon_core.verb:set package 'crawling_robot_controller' build argument 'cmake_target' from command line to 'None'
[0.228s] Level 5:colcon.colcon_core.verb:set package 'crawling_robot_controller' build argument 'cmake_target_skip_unavailable' from command line to 'False'
[0.228s] Level 5:colcon.colcon_core.verb:set package 'crawling_robot_controller' build argument 'cmake_clean_cache' from command line to 'False'
[0.228s] Level 5:colcon.colcon_core.verb:set package 'crawling_robot_controller' build argument 'cmake_clean_first' from command line to 'False'
[0.228s] Level 5:colcon.colcon_core.verb:set package 'crawling_robot_controller' build argument 'cmake_force_configure' from command line to 'False'
[0.229s] Level 5:colcon.colcon_core.verb:set package 'crawling_robot_controller' build argument 'ament_cmake_args' from command line to 'None'
[0.229s] Level 5:colcon.colcon_core.verb:set package 'crawling_robot_controller' build argument 'catkin_cmake_args' from command line to 'None'
[0.229s] Level 5:colcon.colcon_core.verb:set package 'crawling_robot_controller' build argument 'catkin_skip_building_tests' from command line to 'False'
[0.229s] DEBUG:colcon.colcon_core.verb:Building package 'crawling_robot_controller' with the following arguments: {'ament_cmake_args': None, 'build_base': '/home/sshyuk/ros2_ws/build/crawling_robot_controller', 'catkin_cmake_args': None, 'catkin_skip_building_tests': False, 'cmake_args': None, 'cmake_clean_cache': False, 'cmake_clean_first': False, 'cmake_force_configure': False, 'cmake_target': None, 'cmake_target_skip_unavailable': False, 'install_base': '/home/sshyuk/ros2_ws/install/crawling_robot_controller', 'merge_install': False, 'path': '/home/sshyuk/ros2_ws/src/crawling_robot_controller', 'symlink_install': False, 'test_result_base': None}
[0.229s] Level 5:colcon.colcon_core.verb:set package 'crawling_sunghyuk' build argument 'cmake_args' from command line to 'None'
[0.229s] Level 5:colcon.colcon_core.verb:set package 'crawling_sunghyuk' build argument 'cmake_target' from command line to 'None'
[0.229s] Level 5:colcon.colcon_core.verb:set package 'crawling_sunghyuk' build argument 'cmake_target_skip_unavailable' from command line to 'False'
[0.229s] Level 5:colcon.colcon_core.verb:set package 'crawling_sunghyuk' build argument 'cmake_clean_cache' from command line to 'False'
[0.229s] Level 5:colcon.colcon_core.verb:set package 'crawling_sunghyuk' build argument 'cmake_clean_first' from command line to 'False'
[0.229s] Level 5:colcon.colcon_core.verb:set package 'crawling_sunghyuk' build argument 'cmake_force_configure' from command line to 'False'
[0.229s] Level 5:colcon.colcon_core.verb:set package 'crawling_sunghyuk' build argument 'ament_cmake_args' from command line to 'None'
[0.229s] Level 5:colcon.colcon_core.verb:set package 'crawling_sunghyuk' build argument 'catkin_cmake_args' from command line to 'None'
[0.229s] Level 5:colcon.colcon_core.verb:set package 'crawling_sunghyuk' build argument 'catkin_skip_building_tests' from command line to 'False'
[0.229s] DEBUG:colcon.colcon_core.verb:Building package 'crawling_sunghyuk' with the following arguments: {'ament_cmake_args': None, 'build_base': '/home/sshyuk/ros2_ws/build/crawling_sunghyuk', 'catkin_cmake_args': None, 'catkin_skip_building_tests': False, 'cmake_args': None, 'cmake_clean_cache': False, 'cmake_clean_first': False, 'cmake_force_configure': False, 'cmake_target': None, 'cmake_target_skip_unavailable': False, 'install_base': '/home/sshyuk/ros2_ws/install/crawling_sunghyuk', 'merge_install': False, 'path': '/home/sshyuk/ros2_ws/src/crawling_sunghyuk', 'symlink_install': False, 'test_result_base': None}
[0.229s] Level 5:colcon.colcon_core.verb:set package 'keyboard' build argument 'cmake_args' from command line to 'None'
[0.229s] Level 5:colcon.colcon_core.verb:set package 'keyboard' build argument 'cmake_target' from command line to 'None'
[0.229s] Level 5:colcon.colcon_core.verb:set package 'keyboard' build argument 'cmake_target_skip_unavailable' from command line to 'False'
[0.229s] Level 5:colcon.colcon_core.verb:set package 'keyboard' build argument 'cmake_clean_cache' from command line to 'False'
[0.229s] Level 5:colcon.colcon_core.verb:set package 'keyboard' build argument 'cmake_clean_first' from command line to 'False'
[0.229s] Level 5:colcon.colcon_core.verb:set package 'keyboard' build argument 'cmake_force_configure' from command line to 'False'
[0.229s] Level 5:colcon.colcon_core.verb:set package 'keyboard' build argument 'ament_cmake_args' from command line to 'None'
[0.229s] Level 5:colcon.colcon_core.verb:set package 'keyboard' build argument 'catkin_cmake_args' from command line to 'None'
[0.229s] Level 5:colcon.colcon_core.verb:set package 'keyboard' build argument 'catkin_skip_building_tests' from command line to 'False'
[0.229s] DEBUG:colcon.colcon_core.verb:Building package 'keyboard' with the following arguments: {'ament_cmake_args': None, 'build_base': '/home/sshyuk/ros2_ws/build/keyboard', 'catkin_cmake_args': None, 'catkin_skip_building_tests': False, 'cmake_args': None, 'cmake_clean_cache': False, 'cmake_clean_first': False, 'cmake_force_configure': False, 'cmake_target': None, 'cmake_target_skip_unavailable': False, 'install_base': '/home/sshyuk/ros2_ws/install/keyboard', 'merge_install': False, 'path': '/home/sshyuk/ros2_ws/src/keyboard', 'symlink_install': False, 'test_result_base': None}
[0.229s] INFO:colcon.colcon_core.executor:Executing jobs using 'parallel' executor
[0.230s] DEBUG:colcon.colcon_parallel_executor.executor.parallel:run_until_complete
[0.230s] INFO:colcon.colcon_ros.task.ament_cmake.build:Building ROS package in '/home/sshyuk/ros2_ws/src/crawling_robot_controller' with build type 'ament_cmake'
[0.230s] INFO:colcon.colcon_cmake.task.cmake.build:Building CMake package in '/home/sshyuk/ros2_ws/src/crawling_robot_controller'
[0.232s] INFO:colcon.colcon_core.plugin_system:Skipping extension 'colcon_core.shell.bat': Not used on non-Windows systems
[0.232s] INFO:colcon.colcon_core.shell:Skip shell extension 'powershell' for command environment: Not usable outside of PowerShell
[0.232s] DEBUG:colcon.colcon_core.shell:Skip shell extension 'dsv' for command environment
[0.234s] INFO:colcon.colcon_ros.task.ament_python.build:Building ROS package in '/home/sshyuk/ros2_ws/src/crawling_sunghyuk' with build type 'ament_python'
[0.234s] Level 1:colcon.colcon_core.shell:create_environment_hook('crawling_sunghyuk', 'ament_prefix_path')
[0.234s] INFO:colcon.colcon_core.shell:Creating environment hook '/home/sshyuk/ros2_ws/install/crawling_sunghyuk/share/crawling_sunghyuk/hook/ament_prefix_path.ps1'
[0.235s] INFO:colcon.colcon_core.shell:Creating environment descriptor '/home/sshyuk/ros2_ws/install/crawling_sunghyuk/share/crawling_sunghyuk/hook/ament_prefix_path.dsv'
[0.235s] INFO:colcon.colcon_core.shell:Creating environment hook '/home/sshyuk/ros2_ws/install/crawling_sunghyuk/share/crawling_sunghyuk/hook/ament_prefix_path.sh'
[0.235s] INFO:colcon.colcon_core.shell:Skip shell extension 'powershell' for command environment: Not usable outside of PowerShell
[0.235s] DEBUG:colcon.colcon_core.shell:Skip shell extension 'dsv' for command environment
[0.237s] INFO:colcon.colcon_ros.task.ament_python.build:Building ROS package in '/home/sshyuk/ros2_ws/src/keyboard' with build type 'ament_python'
[0.237s] Level 1:colcon.colcon_core.shell:create_environment_hook('keyboard', 'ament_prefix_path')
[0.238s] INFO:colcon.colcon_core.shell:Creating environment hook '/home/sshyuk/ros2_ws/install/keyboard/share/keyboard/hook/ament_prefix_path.ps1'
[0.238s] INFO:colcon.colcon_core.shell:Creating environment descriptor '/home/sshyuk/ros2_ws/install/keyboard/share/keyboard/hook/ament_prefix_path.dsv'
[0.238s] INFO:colcon.colcon_core.shell:Creating environment hook '/home/sshyuk/ros2_ws/install/keyboard/share/keyboard/hook/ament_prefix_path.sh'
[0.238s] INFO:colcon.colcon_core.shell:Skip shell extension 'powershell' for command environment: Not usable outside of PowerShell
[0.238s] DEBUG:colcon.colcon_core.shell:Skip shell extension 'dsv' for command environment
[0.244s] DEBUG:colcon.colcon_core.event_handler.log_command:Invoking command in '/home/sshyuk/ros2_ws/build/crawling_robot_controller': CMAKE_PREFIX_PATH=${CMAKE_PREFIX_PATH}:/home/sshyuk/ros2_ws/install/crawling_sunghyuk:/opt/ros/humble /usr/bin/cmake --build /home/sshyuk/ros2_ws/build/crawling_robot_controller -- -j20 -l20
[0.401s] INFO:colcon.colcon_core.task.python.build:Building Python package in '/home/sshyuk/ros2_ws/src/crawling_sunghyuk'
[0.401s] INFO:colcon.colcon_core.shell:Skip shell extension 'powershell' for command environment: Not usable outside of PowerShell
[0.401s] DEBUG:colcon.colcon_core.shell:Skip shell extension 'dsv' for command environment
[0.555s] INFO:colcon.colcon_core.task.python.build:Building Python package in '/home/sshyuk/ros2_ws/src/keyboard'
[0.556s] INFO:colcon.colcon_core.shell:Skip shell extension 'powershell' for command environment: Not usable outside of PowerShell
[0.556s] DEBUG:colcon.colcon_core.shell:Skip shell extension 'dsv' for command environment
[0.762s] DEBUG:colcon.colcon_core.event_handler.log_command:Invoking command in '/home/sshyuk/ros2_ws/src/crawling_sunghyuk': PYTHONPATH=/home/sshyuk/ros2_ws/build/crawling_sunghyuk/prefix_override:/usr/lib/python3/dist-packages/colcon_core/task/python/colcon_distutils_commands:/home/sshyuk/ros2_ws/install/crawling_sunghyuk/lib/python3.10/site-packages:${PYTHONPATH} /usr/bin/python3 -W ignore:setup.py install is deprecated -W ignore:easy_install command is deprecated setup.py egg_info --egg-base ../../build/crawling_sunghyuk build --build-base /home/sshyuk/ros2_ws/build/crawling_sunghyuk/build install --record /home/sshyuk/ros2_ws/build/crawling_sunghyuk/install.log --single-version-externally-managed install_data
[0.770s] DEBUG:colcon.colcon_core.event_handler.log_command:Invoking command in '/home/sshyuk/ros2_ws/src/keyboard': PYTHONPATH=/home/sshyuk/ros2_ws/build/keyboard/prefix_override:/usr/lib/python3/dist-packages/colcon_core/task/python/colcon_distutils_commands:/home/sshyuk/ros2_ws/install/keyboard/lib/python3.10/site-packages:${PYTHONPATH} /usr/bin/python3 -W ignore:setup.py install is deprecated -W ignore:easy_install command is deprecated setup.py egg_info --egg-base ../../build/keyboard build --build-base /home/sshyuk/ros2_ws/build/keyboard/build install --record /home/sshyuk/ros2_ws/build/keyboard/install.log --single-version-externally-managed install_data
[0.939s] DEBUG:colcon.colcon_core.event_handler.log_command:Invoked command in '/home/sshyuk/ros2_ws/src/crawling_sunghyuk' returned '0': PYTHONPATH=/home/sshyuk/ros2_ws/build/crawling_sunghyuk/prefix_override:/usr/lib/python3/dist-packages/colcon_core/task/python/colcon_distutils_commands:/home/sshyuk/ros2_ws/install/crawling_sunghyuk/lib/python3.10/site-packages:${PYTHONPATH} /usr/bin/python3 -W ignore:setup.py install is deprecated -W ignore:easy_install command is deprecated setup.py egg_info --egg-base ../../build/crawling_sunghyuk build --build-base /home/sshyuk/ros2_ws/build/crawling_sunghyuk/build install --record /home/sshyuk/ros2_ws/build/crawling_sunghyuk/install.log --single-version-externally-managed install_data
[0.941s] Level 1:colcon.colcon_core.environment:checking '/home/sshyuk/ros2_ws/install/crawling_sunghyuk' for CMake module files
[0.942s] Level 1:colcon.colcon_core.environment:checking '/home/sshyuk/ros2_ws/install/crawling_sunghyuk' for CMake config files
[0.942s] Level 1:colcon.colcon_core.environment:checking '/home/sshyuk/ros2_ws/install/crawling_sunghyuk/lib'
[0.942s] Level 1:colcon.colcon_core.environment:checking '/home/sshyuk/ros2_ws/install/crawling_sunghyuk/bin'
[0.942s] Level 1:colcon.colcon_core.environment:checking '/home/sshyuk/ros2_ws/install/crawling_sunghyuk/lib/pkgconfig/crawling_sunghyuk.pc'
[0.943s] Level 1:colcon.colcon_core.environment:checking '/home/sshyuk/ros2_ws/install/crawling_sunghyuk/lib/python3.10/site-packages'
[0.943s] Level 1:colcon.colcon_core.shell:create_environment_hook('crawling_sunghyuk', 'pythonpath')
[0.943s] INFO:colcon.colcon_core.shell:Creating environment hook '/home/sshyuk/ros2_ws/install/crawling_sunghyuk/share/crawling_sunghyuk/hook/pythonpath.ps1'
[0.943s] INFO:colcon.colcon_core.shell:Creating environment descriptor '/home/sshyuk/ros2_ws/install/crawling_sunghyuk/share/crawling_sunghyuk/hook/pythonpath.dsv'
[0.943s] INFO:colcon.colcon_core.shell:Creating environment hook '/home/sshyuk/ros2_ws/install/crawling_sunghyuk/share/crawling_sunghyuk/hook/pythonpath.sh'
[0.944s] Level 1:colcon.colcon_core.environment:checking '/home/sshyuk/ros2_ws/install/crawling_sunghyuk/bin'
[0.944s] Level 1:colcon.colcon_core.environment:create_environment_scripts_only(crawling_sunghyuk)
[0.944s] INFO:colcon.colcon_core.shell:Creating package script '/home/sshyuk/ros2_ws/install/crawling_sunghyuk/share/crawling_sunghyuk/package.ps1'
[0.944s] INFO:colcon.colcon_core.shell:Creating package descriptor '/home/sshyuk/ros2_ws/install/crawling_sunghyuk/share/crawling_sunghyuk/package.dsv'
[0.945s] INFO:colcon.colcon_core.shell:Creating package script '/home/sshyuk/ros2_ws/install/crawling_sunghyuk/share/crawling_sunghyuk/package.sh'
[0.945s] INFO:colcon.colcon_core.shell:Creating package script '/home/sshyuk/ros2_ws/install/crawling_sunghyuk/share/crawling_sunghyuk/package.bash'
[0.946s] INFO:colcon.colcon_core.shell:Creating package script '/home/sshyuk/ros2_ws/install/crawling_sunghyuk/share/crawling_sunghyuk/package.zsh'
[0.946s] Level 1:colcon.colcon_core.environment:create_file_with_runtime_dependencies(/home/sshyuk/ros2_ws/install/crawling_sunghyuk/share/colcon-core/packages/crawling_sunghyuk)
[0.956s] Level 1:colcon.colcon_core.environment:checking '/home/sshyuk/ros2_ws/install/keyboard' for CMake module files
[0.957s] DEBUG:colcon.colcon_core.event_handler.log_command:Invoked command in '/home/sshyuk/ros2_ws/src/keyboard' returned '0': PYTHONPATH=/home/sshyuk/ros2_ws/build/keyboard/prefix_override:/usr/lib/python3/dist-packages/colcon_core/task/python/colcon_distutils_commands:/home/sshyuk/ros2_ws/install/keyboard/lib/python3.10/site-packages:${PYTHONPATH} /usr/bin/python3 -W ignore:setup.py install is deprecated -W ignore:easy_install command is deprecated setup.py egg_info --egg-base ../../build/keyboard build --build-base /home/sshyuk/ros2_ws/build/keyboard/build install --record /home/sshyuk/ros2_ws/build/keyboard/install.log --single-version-externally-managed install_data
[0.957s] Level 1:colcon.colcon_core.environment:checking '/home/sshyuk/ros2_ws/install/keyboard' for CMake config files
[0.958s] Level 1:colcon.colcon_core.environment:checking '/home/sshyuk/ros2_ws/install/keyboard/lib'
[0.958s] Level 1:colcon.colcon_core.environment:checking '/home/sshyuk/ros2_ws/install/keyboard/bin'
[0.958s] Level 1:colcon.colcon_core.environment:checking '/home/sshyuk/ros2_ws/install/keyboard/lib/pkgconfig/keyboard.pc'
[0.958s] Level 1:colcon.colcon_core.environment:checking '/home/sshyuk/ros2_ws/install/keyboard/lib/python3.10/site-packages'
[0.958s] Level 1:colcon.colcon_core.shell:create_environment_hook('keyboard', 'pythonpath')
[0.958s] INFO:colcon.colcon_core.shell:Creating environment hook '/home/sshyuk/ros2_ws/install/keyboard/share/keyboard/hook/pythonpath.ps1'
[0.958s] INFO:colcon.colcon_core.shell:Creating environment descriptor '/home/sshyuk/ros2_ws/install/keyboard/share/keyboard/hook/pythonpath.dsv'
[0.959s] INFO:colcon.colcon_core.shell:Creating environment hook '/home/sshyuk/ros2_ws/install/keyboard/share/keyboard/hook/pythonpath.sh'
[0.959s] Level 1:colcon.colcon_core.environment:checking '/home/sshyuk/ros2_ws/install/keyboard/bin'
[0.959s] Level 1:colcon.colcon_core.environment:create_environment_scripts_only(keyboard)
[0.959s] INFO:colcon.colcon_core.shell:Creating package script '/home/sshyuk/ros2_ws/install/keyboard/share/keyboard/package.ps1'
[0.960s] INFO:colcon.colcon_core.shell:Creating package descriptor '/home/sshyuk/ros2_ws/install/keyboard/share/keyboard/package.dsv'
[0.960s] INFO:colcon.colcon_core.shell:Creating package script '/home/sshyuk/ros2_ws/install/keyboard/share/keyboard/package.sh'
[0.960s] INFO:colcon.colcon_core.shell:Creating package script '/home/sshyuk/ros2_ws/install/keyboard/share/keyboard/package.bash'
[0.960s] INFO:colcon.colcon_core.shell:Creating package script '/home/sshyuk/ros2_ws/install/keyboard/share/keyboard/package.zsh'
[0.961s] Level 1:colcon.colcon_core.environment:create_file_with_runtime_dependencies(/home/sshyuk/ros2_ws/install/keyboard/share/colcon-core/packages/keyboard)
[3.554s] DEBUG:colcon.colcon_core.event_handler.log_command:Invoked command in '/home/sshyuk/ros2_ws/build/crawling_robot_controller' returned '2': CMAKE_PREFIX_PATH=${CMAKE_PREFIX_PATH}:/home/sshyuk/ros2_ws/install/crawling_sunghyuk:/opt/ros/humble /usr/bin/cmake --build /home/sshyuk/ros2_ws/build/crawling_robot_controller -- -j20 -l20
[3.554s] Level 1:colcon.colcon_core.environment:create_environment_scripts_only(crawling_robot_controller)
[3.554s] Level 1:colcon.colcon_core.environment:checking '/home/sshyuk/ros2_ws/install/crawling_robot_controller' for CMake module files
[3.554s] Level 1:colcon.colcon_core.environment:checking '/home/sshyuk/ros2_ws/install/crawling_robot_controller' for CMake config files
[3.555s] Level 1:colcon.colcon_core.shell:create_environment_hook('crawling_robot_controller', 'cmake_prefix_path')
[3.555s] INFO:colcon.colcon_core.shell:Creating environment hook '/home/sshyuk/ros2_ws/install/crawling_robot_controller/share/crawling_robot_controller/hook/cmake_prefix_path.ps1'
[3.555s] INFO:colcon.colcon_core.shell:Creating environment descriptor '/home/sshyuk/ros2_ws/install/crawling_robot_controller/share/crawling_robot_controller/hook/cmake_prefix_path.dsv'
[3.555s] INFO:colcon.colcon_core.shell:Creating environment hook '/home/sshyuk/ros2_ws/install/crawling_robot_controller/share/crawling_robot_controller/hook/cmake_prefix_path.sh'
[3.556s] Level 1:colcon.colcon_core.environment:checking '/home/sshyuk/ros2_ws/install/crawling_robot_controller/lib'
[3.556s] Level 1:colcon.colcon_core.environment:checking '/home/sshyuk/ros2_ws/install/crawling_robot_controller/bin'
[3.556s] Level 1:colcon.colcon_core.environment:checking '/home/sshyuk/ros2_ws/install/crawling_robot_controller/lib/pkgconfig/crawling_robot_controller.pc'
[3.556s] Level 1:colcon.colcon_core.environment:checking '/home/sshyuk/ros2_ws/install/crawling_robot_controller/lib/python3.10/site-packages'
[3.556s] Level 1:colcon.colcon_core.environment:checking '/home/sshyuk/ros2_ws/install/crawling_robot_controller/bin'
[3.556s] INFO:colcon.colcon_core.shell:Creating package script '/home/sshyuk/ros2_ws/install/crawling_robot_controller/share/crawling_robot_controller/package.ps1'
[3.556s] INFO:colcon.colcon_core.shell:Creating package descriptor '/home/sshyuk/ros2_ws/install/crawling_robot_controller/share/crawling_robot_controller/package.dsv'
[3.557s] INFO:colcon.colcon_core.shell:Creating package script '/home/sshyuk/ros2_ws/install/crawling_robot_controller/share/crawling_robot_controller/package.sh'
[3.557s] INFO:colcon.colcon_core.shell:Creating package script '/home/sshyuk/ros2_ws/install/crawling_robot_controller/share/crawling_robot_controller/package.bash'
[3.557s] INFO:colcon.colcon_core.shell:Creating package script '/home/sshyuk/ros2_ws/install/crawling_robot_controller/share/crawling_robot_controller/package.zsh'
[3.557s] Level 1:colcon.colcon_core.environment:create_file_with_runtime_dependencies(/home/sshyuk/ros2_ws/install/crawling_robot_controller/share/colcon-core/packages/crawling_robot_controller)
[3.568s] DEBUG:colcon.colcon_parallel_executor.executor.parallel:closing loop
[3.568s] DEBUG:colcon.colcon_parallel_executor.executor.parallel:loop closed
[3.568s] DEBUG:colcon.colcon_parallel_executor.executor.parallel:run_until_complete finished with '2'
[3.568s] DEBUG:colcon.colcon_core.event_reactor:joining thread
[3.574s] INFO:colcon.colcon_core.plugin_system:Skipping extension 'colcon_notification.desktop_notification.terminal_notifier': Not used on non-Darwin systems
[3.574s] INFO:colcon.colcon_core.plugin_system:Skipping extension 'colcon_notification.desktop_notification.win32': Not used on non-Windows systems
[3.574s] INFO:colcon.colcon_notification.desktop_notification:Sending desktop notification using 'notify2'
[3.598s] DEBUG:colcon.colcon_core.event_reactor:joined thread
[3.598s] INFO:colcon.colcon_core.shell:Creating prefix script '/home/sshyuk/ros2_ws/install/local_setup.ps1'
[3.600s] INFO:colcon.colcon_core.shell:Creating prefix util module '/home/sshyuk/ros2_ws/install/_local_setup_util_ps1.py'
[3.601s] INFO:colcon.colcon_core.shell:Creating prefix chain script '/home/sshyuk/ros2_ws/install/setup.ps1'
[3.603s] INFO:colcon.colcon_core.shell:Creating prefix script '/home/sshyuk/ros2_ws/install/local_setup.sh'
[3.603s] INFO:colcon.colcon_core.shell:Creating prefix util module '/home/sshyuk/ros2_ws/install/_local_setup_util_sh.py'
[3.604s] INFO:colcon.colcon_core.shell:Creating prefix chain script '/home/sshyuk/ros2_ws/install/setup.sh'
[3.605s] INFO:colcon.colcon_core.shell:Creating prefix script '/home/sshyuk/ros2_ws/install/local_setup.bash'
[3.606s] INFO:colcon.colcon_core.shell:Creating prefix chain script '/home/sshyuk/ros2_ws/install/setup.bash'
[3.607s] INFO:colcon.colcon_core.shell:Creating prefix script '/home/sshyuk/ros2_ws/install/local_setup.zsh'
[3.607s] INFO:colcon.colcon_core.shell:Creating prefix chain script '/home/sshyuk/ros2_ws/install/setup.zsh'
