running egg_info
writing ../../build/keyboard/keyboard.egg-info/PKG-INFO
writing dependency_links to ../../build/keyboard/keyboard.egg-info/dependency_links.txt
writing entry points to ../../build/keyboard/keyboard.egg-info/entry_points.txt
writing requirements to ../../build/keyboard/keyboard.egg-info/requires.txt
writing top-level names to ../../build/keyboard/keyboard.egg-info/top_level.txt
reading manifest file '../../build/keyboard/keyboard.egg-info/SOURCES.txt'
writing manifest file '../../build/keyboard/keyboard.egg-info/SOURCES.txt'
running build
running build_py
copying keyboard/keyboard.py -> /home/sshyuk/ros2_ws/build/keyboard/build/lib/keyboard
running install
running install_lib
copying /home/sshyuk/ros2_ws/build/keyboard/build/lib/keyboard/keyboard.py -> /home/sshyuk/ros2_ws/install/keyboard/lib/python3.10/site-packages/keyboard
byte-compiling /home/sshyuk/ros2_ws/install/keyboard/lib/python3.10/site-packages/keyboard/keyboard.py to keyboard.cpython-310.pyc
running install_data
running install_egg_info
Sorry: IndentationError: expected an indented block after 'if' statement on line 45 (keyboard.py, line 47)
removing '/home/sshyuk/ros2_ws/install/keyboard/lib/python3.10/site-packages/keyboard-0.0.0-py3.10.egg-info' (and everything under it)
Copying ../../build/keyboard/keyboard.egg-info to /home/sshyuk/ros2_ws/install/keyboard/lib/python3.10/site-packages/keyboard-0.0.0-py3.10.egg-info
running install_scripts
Installing keyboard_teleop script to /home/sshyuk/ros2_ws/install/keyboard/lib/keyboard
writing list of installed files to '/home/sshyuk/ros2_ws/build/keyboard/install.log'
