[0.015s] Invoking command in '/home/sshyuk/ros2_ws/build/crawling_robot_controller': CMAKE_PREFIX_PATH=${CMAKE_PREFIX_PATH}:/home/sshyuk/ros2_ws/install/keyboard:/home/sshyuk/ros2_ws/install/crawling_sunghyuk:/opt/ros/humble /usr/bin/cmake --build /home/sshyuk/ros2_ws/build/crawling_robot_controller -- -j20 -l20
[0.178s] [35m[1mConsolidate compiler generated dependencies of target position_control[0m
[0.178s] [100%] Built target position_control
[0.359s] Invoked command in '/home/sshyuk/ros2_ws/build/crawling_robot_controller' returned '0': CMAKE_PREFIX_PATH=${CMAKE_PREFIX_PATH}:/home/sshyuk/ros2_ws/install/keyboard:/home/sshyuk/ros2_ws/install/crawling_sunghyuk:/opt/ros/humble /usr/bin/cmake --build /home/sshyuk/ros2_ws/build/crawling_robot_controller -- -j20 -l20
[0.367s] Invoking command in '/home/sshyuk/ros2_ws/build/crawling_robot_controller': CMAKE_PREFIX_PATH=${CMAKE_PREFIX_PATH}:/home/sshyuk/ros2_ws/install/keyboard:/home/sshyuk/ros2_ws/install/crawling_sunghyuk:/opt/ros/humble /usr/bin/cmake --install /home/sshyuk/ros2_ws/build/crawling_robot_controller
[0.374s] -- Install configuration: ""
[0.375s] -- Execute custom install script
[0.375s] -- Up-to-date symlink: /home/sshyuk/ros2_ws/install/crawling_robot_controller/lib/crawling_robot_controller/position_control
[0.376s] -- Up-to-date symlink: /home/sshyuk/ros2_ws/install/crawling_robot_controller/share/crawling_robot_controller//launch/robot_launch.py
[0.376s] -- Up-to-date symlink: /home/sshyuk/ros2_ws/install/crawling_robot_controller/share/ament_index/resource_index/package_run_dependencies/crawling_robot_controller
[0.377s] -- Up-to-date symlink: /home/sshyuk/ros2_ws/install/crawling_robot_controller/share/ament_index/resource_index/parent_prefix_path/crawling_robot_controller
[0.377s] -- Up-to-date symlink: /home/sshyuk/ros2_ws/install/crawling_robot_controller/share/crawling_robot_controller/environment/ament_prefix_path.sh
[0.377s] -- Up-to-date symlink: /home/sshyuk/ros2_ws/install/crawling_robot_controller/share/crawling_robot_controller/environment/ament_prefix_path.dsv
[0.378s] -- Up-to-date symlink: /home/sshyuk/ros2_ws/install/crawling_robot_controller/share/crawling_robot_controller/environment/path.sh
[0.378s] -- Up-to-date symlink: /home/sshyuk/ros2_ws/install/crawling_robot_controller/share/crawling_robot_controller/environment/path.dsv
[0.378s] -- Up-to-date symlink: /home/sshyuk/ros2_ws/install/crawling_robot_controller/share/crawling_robot_controller/local_setup.bash
[0.378s] -- Up-to-date symlink: /home/sshyuk/ros2_ws/install/crawling_robot_controller/share/crawling_robot_controller/local_setup.sh
[0.379s] -- Up-to-date symlink: /home/sshyuk/ros2_ws/install/crawling_robot_controller/share/crawling_robot_controller/local_setup.zsh
[0.379s] -- Up-to-date symlink: /home/sshyuk/ros2_ws/install/crawling_robot_controller/share/crawling_robot_controller/local_setup.dsv
[0.379s] -- Symlinking: /home/sshyuk/ros2_ws/install/crawling_robot_controller/share/crawling_robot_controller/package.dsv
[0.385s] -- Up-to-date symlink: /home/sshyuk/ros2_ws/install/crawling_robot_controller/share/ament_index/resource_index/packages/crawling_robot_controller
[0.385s] -- Up-to-date symlink: /home/sshyuk/ros2_ws/install/crawling_robot_controller/share/crawling_robot_controller/cmake/crawling_robot_controllerConfig.cmake
[0.385s] -- Up-to-date symlink: /home/sshyuk/ros2_ws/install/crawling_robot_controller/share/crawling_robot_controller/cmake/crawling_robot_controllerConfig-version.cmake
[0.386s] -- Up-to-date symlink: /home/sshyuk/ros2_ws/install/crawling_robot_controller/share/crawling_robot_controller/package.xml
[0.387s] Invoked command in '/home/sshyuk/ros2_ws/build/crawling_robot_controller' returned '0': CMAKE_PREFIX_PATH=${CMAKE_PREFIX_PATH}:/home/sshyuk/ros2_ws/install/keyboard:/home/sshyuk/ros2_ws/install/crawling_sunghyuk:/opt/ros/humble /usr/bin/cmake --install /home/sshyuk/ros2_ws/build/crawling_robot_controller
