[0.533s] Invoking command in '/home/sshyuk/ros2_ws/src/keyboard': PYTHONPATH=/home/sshyuk/ros2_ws/build/keyboard/prefix_override:/usr/lib/python3/dist-packages/colcon_core/task/python/colcon_distutils_commands:/home/sshyuk/ros2_ws/install/keyboard/lib/python3.10/site-packages:${PYTHONPATH} /usr/bin/python3 -W ignore:setup.py install is deprecated -W ignore:easy_install command is deprecated setup.py egg_info --egg-base ../../build/keyboard build --build-base /home/sshyuk/ros2_ws/build/keyboard/build install --record /home/sshyuk/ros2_ws/build/keyboard/install.log --single-version-externally-managed install_data
[0.696s] running egg_info
[0.696s] writing ../../build/keyboard/keyboard.egg-info/PKG-INFO
[0.696s] writing dependency_links to ../../build/keyboard/keyboard.egg-info/dependency_links.txt
[0.696s] writing entry points to ../../build/keyboard/keyboard.egg-info/entry_points.txt
[0.696s] writing requirements to ../../build/keyboard/keyboard.egg-info/requires.txt
[0.697s] writing top-level names to ../../build/keyboard/keyboard.egg-info/top_level.txt
[0.697s] reading manifest file '../../build/keyboard/keyboard.egg-info/SOURCES.txt'
[0.698s] writing manifest file '../../build/keyboard/keyboard.egg-info/SOURCES.txt'
[0.698s] running build
[0.698s] running build_py
[0.698s] running install
[0.698s] running install_lib
[0.699s] running install_data
[0.699s] running install_egg_info
[0.700s] removing '/home/sshyuk/ros2_ws/install/keyboard/lib/python3.10/site-packages/keyboard-0.0.0-py3.10.egg-info' (and everything under it)
[0.700s] Copying ../../build/keyboard/keyboard.egg-info to /home/sshyuk/ros2_ws/install/keyboard/lib/python3.10/site-packages/keyboard-0.0.0-py3.10.egg-info
[0.701s] running install_scripts
[0.715s] Installing keyboard_teleop script to /home/sshyuk/ros2_ws/install/keyboard/lib/keyboard
[0.715s] writing list of installed files to '/home/sshyuk/ros2_ws/build/keyboard/install.log'
[0.730s] Invoked command in '/home/sshyuk/ros2_ws/src/keyboard' returned '0': PYTHONPATH=/home/sshyuk/ros2_ws/build/keyboard/prefix_override:/usr/lib/python3/dist-packages/colcon_core/task/python/colcon_distutils_commands:/home/sshyuk/ros2_ws/install/keyboard/lib/python3.10/site-packages:${PYTHONPATH} /usr/bin/python3 -W ignore:setup.py install is deprecated -W ignore:easy_install command is deprecated setup.py egg_info --egg-base ../../build/keyboard build --build-base /home/sshyuk/ros2_ws/build/keyboard/build install --record /home/sshyuk/ros2_ws/build/keyboard/install.log --single-version-externally-managed install_data
