[0.069s] DEBUG:colcon:Command line arguments: ['/usr/bin/colcon', 'build', '--symlink-install']
[0.069s] DEBUG:colcon:Parsed command line arguments: Namespace(log_base=None, log_level=None, verb_name='build', build_base='build', install_base='install', merge_install=False, symlink_install=True, test_result_base=None, continue_on_error=False, executor='parallel', parallel_workers=20, event_handlers=None, ignore_user_meta=False, metas=['./colcon.meta'], base_paths=['.'], packages_ignore=None, packages_ignore_regex=None, paths=None, packages_up_to=None, packages_up_to_regex=None, packages_above=None, packages_above_and_dependencies=None, packages_above_depth=None, packages_select_by_dep=None, packages_skip_by_dep=None, packages_skip_up_to=None, packages_select_build_failed=False, packages_skip_build_finished=False, packages_select_test_failures=False, packages_skip_test_passed=False, packages_select=None, packages_skip=None, packages_select_regex=None, packages_skip_regex=None, packages_start=None, packages_end=None, allow_overriding=[], cmake_args=None, cmake_target=None, cmake_target_skip_unavailable=False, cmake_clean_cache=False, cmake_clean_first=False, cmake_force_configure=False, ament_cmake_args=None, catkin_cmake_args=None, catkin_skip_building_tests=False, mixin_files=None, mixin=None, verb_parser=<colcon_mixin.mixin.mixin_argument.MixinArgumentDecorator object at 0x7f4695a51960>, verb_extension=<colcon_core.verb.build.BuildVerb object at 0x7f4695bcf2b0>, main=<bound method BuildVerb.main of <colcon_core.verb.build.BuildVerb object at 0x7f4695bcf2b0>>, mixin_verb=('build',))
[0.165s] Level 1:colcon.colcon_core.package_discovery:discover_packages(colcon_meta) check parameters
[0.165s] Level 1:colcon.colcon_core.package_discovery:discover_packages(recursive) check parameters
[0.165s] Level 1:colcon.colcon_core.package_discovery:discover_packages(ignore) check parameters
[0.166s] Level 1:colcon.colcon_core.package_discovery:discover_packages(path) check parameters
[0.166s] Level 1:colcon.colcon_core.package_discovery:discover_packages(colcon_meta) discover
[0.166s] Level 1:colcon.colcon_core.package_discovery:discover_packages(recursive) discover
[0.166s] INFO:colcon.colcon_core.package_discovery:Crawling recursively for packages in '/home/sshyuk/ros2_ws'
[0.166s] Level 1:colcon.colcon_core.package_identification:_identify(.) by extensions ['ignore', 'ignore_ament_install']
[0.166s] Level 1:colcon.colcon_core.package_identification:_identify(.) by extension 'ignore'
[0.166s] Level 1:colcon.colcon_core.package_identification:_identify(.) by extension 'ignore_ament_install'
[0.166s] Level 1:colcon.colcon_core.package_identification:_identify(.) by extensions ['colcon_pkg']
[0.166s] Level 1:colcon.colcon_core.package_identification:_identify(.) by extension 'colcon_pkg'
[0.166s] Level 1:colcon.colcon_core.package_identification:_identify(.) by extensions ['colcon_meta']
[0.166s] Level 1:colcon.colcon_core.package_identification:_identify(.) by extension 'colcon_meta'
[0.166s] Level 1:colcon.colcon_core.package_identification:_identify(.) by extensions ['ros']
[0.166s] Level 1:colcon.colcon_core.package_identification:_identify(.) by extension 'ros'
[0.173s] Level 1:colcon.colcon_core.package_identification:_identify(.) by extensions ['cmake', 'python']
[0.173s] Level 1:colcon.colcon_core.package_identification:_identify(.) by extension 'cmake'
[0.173s] Level 1:colcon.colcon_core.package_identification:_identify(.) by extension 'python'
[0.173s] Level 1:colcon.colcon_core.package_identification:_identify(.) by extensions ['python_setup_py']
[0.173s] Level 1:colcon.colcon_core.package_identification:_identify(.) by extension 'python_setup_py'
[0.173s] Level 1:colcon.colcon_core.package_identification:_identify(build) by extensions ['ignore', 'ignore_ament_install']
[0.173s] Level 1:colcon.colcon_core.package_identification:_identify(build) by extension 'ignore'
[0.173s] Level 1:colcon.colcon_core.package_identification:_identify(build) ignored
[0.173s] Level 1:colcon.colcon_core.package_identification:_identify(install) by extensions ['ignore', 'ignore_ament_install']
[0.173s] Level 1:colcon.colcon_core.package_identification:_identify(install) by extension 'ignore'
[0.173s] Level 1:colcon.colcon_core.package_identification:_identify(install) ignored
[0.173s] Level 1:colcon.colcon_core.package_identification:_identify(log) by extensions ['ignore', 'ignore_ament_install']
[0.173s] Level 1:colcon.colcon_core.package_identification:_identify(log) by extension 'ignore'
[0.173s] Level 1:colcon.colcon_core.package_identification:_identify(log) ignored
[0.173s] Level 1:colcon.colcon_core.package_identification:_identify(src) by extensions ['ignore', 'ignore_ament_install']
[0.174s] Level 1:colcon.colcon_core.package_identification:_identify(src) by extension 'ignore'
[0.174s] Level 1:colcon.colcon_core.package_identification:_identify(src) by extension 'ignore_ament_install'
[0.174s] Level 1:colcon.colcon_core.package_identification:_identify(src) by extensions ['colcon_pkg']
[0.174s] Level 1:colcon.colcon_core.package_identification:_identify(src) by extension 'colcon_pkg'
[0.174s] Level 1:colcon.colcon_core.package_identification:_identify(src) by extensions ['colcon_meta']
[0.174s] Level 1:colcon.colcon_core.package_identification:_identify(src) by extension 'colcon_meta'
[0.174s] Level 1:colcon.colcon_core.package_identification:_identify(src) by extensions ['ros']
[0.174s] Level 1:colcon.colcon_core.package_identification:_identify(src) by extension 'ros'
[0.174s] Level 1:colcon.colcon_core.package_identification:_identify(src) by extensions ['cmake', 'python']
[0.174s] Level 1:colcon.colcon_core.package_identification:_identify(src) by extension 'cmake'
[0.174s] Level 1:colcon.colcon_core.package_identification:_identify(src) by extension 'python'
[0.174s] Level 1:colcon.colcon_core.package_identification:_identify(src) by extensions ['python_setup_py']
[0.174s] Level 1:colcon.colcon_core.package_identification:_identify(src) by extension 'python_setup_py'
[0.174s] Level 1:colcon.colcon_core.package_identification:_identify(src/crawling_robot_controller) by extensions ['ignore', 'ignore_ament_install']
[0.174s] Level 1:colcon.colcon_core.package_identification:_identify(src/crawling_robot_controller) by extension 'ignore'
[0.174s] Level 1:colcon.colcon_core.package_identification:_identify(src/crawling_robot_controller) by extension 'ignore_ament_install'
[0.174s] Level 1:colcon.colcon_core.package_identification:_identify(src/crawling_robot_controller) by extensions ['colcon_pkg']
[0.174s] Level 1:colcon.colcon_core.package_identification:_identify(src/crawling_robot_controller) by extension 'colcon_pkg'
[0.174s] Level 1:colcon.colcon_core.package_identification:_identify(src/crawling_robot_controller) by extensions ['colcon_meta']
[0.174s] Level 1:colcon.colcon_core.package_identification:_identify(src/crawling_robot_controller) by extension 'colcon_meta'
[0.174s] Level 1:colcon.colcon_core.package_identification:_identify(src/crawling_robot_controller) by extensions ['ros']
[0.174s] Level 1:colcon.colcon_core.package_identification:_identify(src/crawling_robot_controller) by extension 'ros'
[0.176s] DEBUG:colcon.colcon_core.package_identification:Package 'src/crawling_robot_controller' with type 'ros.ament_cmake' and name 'crawling_robot_controller'
[0.176s] Level 1:colcon.colcon_core.package_identification:_identify(src/crawling_sunghyuk) by extensions ['ignore', 'ignore_ament_install']
[0.176s] Level 1:colcon.colcon_core.package_identification:_identify(src/crawling_sunghyuk) by extension 'ignore'
[0.176s] Level 1:colcon.colcon_core.package_identification:_identify(src/crawling_sunghyuk) by extension 'ignore_ament_install'
[0.176s] Level 1:colcon.colcon_core.package_identification:_identify(src/crawling_sunghyuk) by extensions ['colcon_pkg']
[0.176s] Level 1:colcon.colcon_core.package_identification:_identify(src/crawling_sunghyuk) by extension 'colcon_pkg'
[0.176s] Level 1:colcon.colcon_core.package_identification:_identify(src/crawling_sunghyuk) by extensions ['colcon_meta']
[0.176s] Level 1:colcon.colcon_core.package_identification:_identify(src/crawling_sunghyuk) by extension 'colcon_meta'
[0.176s] Level 1:colcon.colcon_core.package_identification:_identify(src/crawling_sunghyuk) by extensions ['ros']
[0.176s] Level 1:colcon.colcon_core.package_identification:_identify(src/crawling_sunghyuk) by extension 'ros'
[0.176s] DEBUG:colcon.colcon_core.package_identification:Package 'src/crawling_sunghyuk' with type 'ros.ament_python' and name 'crawling_sunghyuk'
[0.176s] Level 1:colcon.colcon_core.package_identification:_identify(src/keyboard) by extensions ['ignore', 'ignore_ament_install']
[0.176s] Level 1:colcon.colcon_core.package_identification:_identify(src/keyboard) by extension 'ignore'
[0.176s] Level 1:colcon.colcon_core.package_identification:_identify(src/keyboard) by extension 'ignore_ament_install'
[0.176s] Level 1:colcon.colcon_core.package_identification:_identify(src/keyboard) by extensions ['colcon_pkg']
[0.176s] Level 1:colcon.colcon_core.package_identification:_identify(src/keyboard) by extension 'colcon_pkg'
[0.176s] Level 1:colcon.colcon_core.package_identification:_identify(src/keyboard) by extensions ['colcon_meta']
[0.177s] Level 1:colcon.colcon_core.package_identification:_identify(src/keyboard) by extension 'colcon_meta'
[0.177s] Level 1:colcon.colcon_core.package_identification:_identify(src/keyboard) by extensions ['ros']
[0.177s] Level 1:colcon.colcon_core.package_identification:_identify(src/keyboard) by extension 'ros'
[0.177s] DEBUG:colcon.colcon_core.package_identification:Package 'src/keyboard' with type 'ros.ament_python' and name 'keyboard'
[0.177s] Level 1:colcon.colcon_core.package_discovery:discover_packages(recursive) using defaults
[0.177s] Level 1:colcon.colcon_core.package_discovery:discover_packages(ignore) discover
[0.177s] Level 1:colcon.colcon_core.package_discovery:discover_packages(ignore) using defaults
[0.177s] Level 1:colcon.colcon_core.package_discovery:discover_packages(path) discover
[0.177s] Level 1:colcon.colcon_core.package_discovery:discover_packages(path) using defaults
[0.196s] Level 1:colcon.colcon_core.package_discovery:discover_packages(prefix_path) check parameters
[0.196s] Level 1:colcon.colcon_core.package_discovery:discover_packages(prefix_path) discover
[0.197s] DEBUG:colcon.colcon_installed_package_information.package_discovery:Found 1 installed packages in /home/sshyuk/ros2_ws/src/crawling_robot_controller/install
[0.197s] DEBUG:colcon.colcon_installed_package_information.package_discovery:Found 3 installed packages in /home/sshyuk/ros2_ws/install
[0.198s] DEBUG:colcon.colcon_installed_package_information.package_discovery:Found 296 installed packages in /opt/ros/humble
[0.199s] Level 1:colcon.colcon_core.package_discovery:discover_packages(prefix_path) using defaults
[0.222s] Level 5:colcon.colcon_core.verb:set package 'crawling_robot_controller' build argument 'cmake_args' from command line to 'None'
[0.222s] Level 5:colcon.colcon_core.verb:set package 'crawling_robot_controller' build argument 'cmake_target' from command line to 'None'
[0.222s] Level 5:colcon.colcon_core.verb:set package 'crawling_robot_controller' build argument 'cmake_target_skip_unavailable' from command line to 'False'
[0.222s] Level 5:colcon.colcon_core.verb:set package 'crawling_robot_controller' build argument 'cmake_clean_cache' from command line to 'False'
[0.222s] Level 5:colcon.colcon_core.verb:set package 'crawling_robot_controller' build argument 'cmake_clean_first' from command line to 'False'
[0.222s] Level 5:colcon.colcon_core.verb:set package 'crawling_robot_controller' build argument 'cmake_force_configure' from command line to 'False'
[0.223s] Level 5:colcon.colcon_core.verb:set package 'crawling_robot_controller' build argument 'ament_cmake_args' from command line to 'None'
[0.223s] Level 5:colcon.colcon_core.verb:set package 'crawling_robot_controller' build argument 'catkin_cmake_args' from command line to 'None'
[0.223s] Level 5:colcon.colcon_core.verb:set package 'crawling_robot_controller' build argument 'catkin_skip_building_tests' from command line to 'False'
[0.223s] DEBUG:colcon.colcon_core.verb:Building package 'crawling_robot_controller' with the following arguments: {'ament_cmake_args': None, 'build_base': '/home/sshyuk/ros2_ws/build/crawling_robot_controller', 'catkin_cmake_args': None, 'catkin_skip_building_tests': False, 'cmake_args': None, 'cmake_clean_cache': False, 'cmake_clean_first': False, 'cmake_force_configure': False, 'cmake_target': None, 'cmake_target_skip_unavailable': False, 'install_base': '/home/sshyuk/ros2_ws/install/crawling_robot_controller', 'merge_install': False, 'path': '/home/sshyuk/ros2_ws/src/crawling_robot_controller', 'symlink_install': True, 'test_result_base': None}
[0.223s] Level 5:colcon.colcon_core.verb:set package 'crawling_sunghyuk' build argument 'cmake_args' from command line to 'None'
[0.223s] Level 5:colcon.colcon_core.verb:set package 'crawling_sunghyuk' build argument 'cmake_target' from command line to 'None'
[0.223s] Level 5:colcon.colcon_core.verb:set package 'crawling_sunghyuk' build argument 'cmake_target_skip_unavailable' from command line to 'False'
[0.223s] Level 5:colcon.colcon_core.verb:set package 'crawling_sunghyuk' build argument 'cmake_clean_cache' from command line to 'False'
[0.223s] Level 5:colcon.colcon_core.verb:set package 'crawling_sunghyuk' build argument 'cmake_clean_first' from command line to 'False'
[0.223s] Level 5:colcon.colcon_core.verb:set package 'crawling_sunghyuk' build argument 'cmake_force_configure' from command line to 'False'
[0.223s] Level 5:colcon.colcon_core.verb:set package 'crawling_sunghyuk' build argument 'ament_cmake_args' from command line to 'None'
[0.223s] Level 5:colcon.colcon_core.verb:set package 'crawling_sunghyuk' build argument 'catkin_cmake_args' from command line to 'None'
[0.223s] Level 5:colcon.colcon_core.verb:set package 'crawling_sunghyuk' build argument 'catkin_skip_building_tests' from command line to 'False'
[0.223s] DEBUG:colcon.colcon_core.verb:Building package 'crawling_sunghyuk' with the following arguments: {'ament_cmake_args': None, 'build_base': '/home/sshyuk/ros2_ws/build/crawling_sunghyuk', 'catkin_cmake_args': None, 'catkin_skip_building_tests': False, 'cmake_args': None, 'cmake_clean_cache': False, 'cmake_clean_first': False, 'cmake_force_configure': False, 'cmake_target': None, 'cmake_target_skip_unavailable': False, 'install_base': '/home/sshyuk/ros2_ws/install/crawling_sunghyuk', 'merge_install': False, 'path': '/home/sshyuk/ros2_ws/src/crawling_sunghyuk', 'symlink_install': True, 'test_result_base': None}
[0.223s] Level 5:colcon.colcon_core.verb:set package 'keyboard' build argument 'cmake_args' from command line to 'None'
[0.223s] Level 5:colcon.colcon_core.verb:set package 'keyboard' build argument 'cmake_target' from command line to 'None'
[0.223s] Level 5:colcon.colcon_core.verb:set package 'keyboard' build argument 'cmake_target_skip_unavailable' from command line to 'False'
[0.223s] Level 5:colcon.colcon_core.verb:set package 'keyboard' build argument 'cmake_clean_cache' from command line to 'False'
[0.223s] Level 5:colcon.colcon_core.verb:set package 'keyboard' build argument 'cmake_clean_first' from command line to 'False'
[0.223s] Level 5:colcon.colcon_core.verb:set package 'keyboard' build argument 'cmake_force_configure' from command line to 'False'
[0.223s] Level 5:colcon.colcon_core.verb:set package 'keyboard' build argument 'ament_cmake_args' from command line to 'None'
[0.223s] Level 5:colcon.colcon_core.verb:set package 'keyboard' build argument 'catkin_cmake_args' from command line to 'None'
[0.223s] Level 5:colcon.colcon_core.verb:set package 'keyboard' build argument 'catkin_skip_building_tests' from command line to 'False'
[0.223s] DEBUG:colcon.colcon_core.verb:Building package 'keyboard' with the following arguments: {'ament_cmake_args': None, 'build_base': '/home/sshyuk/ros2_ws/build/keyboard', 'catkin_cmake_args': None, 'catkin_skip_building_tests': False, 'cmake_args': None, 'cmake_clean_cache': False, 'cmake_clean_first': False, 'cmake_force_configure': False, 'cmake_target': None, 'cmake_target_skip_unavailable': False, 'install_base': '/home/sshyuk/ros2_ws/install/keyboard', 'merge_install': False, 'path': '/home/sshyuk/ros2_ws/src/keyboard', 'symlink_install': True, 'test_result_base': None}
[0.223s] INFO:colcon.colcon_core.executor:Executing jobs using 'parallel' executor
[0.224s] DEBUG:colcon.colcon_parallel_executor.executor.parallel:run_until_complete
[0.224s] INFO:colcon.colcon_ros.task.ament_cmake.build:Building ROS package in '/home/sshyuk/ros2_ws/src/crawling_robot_controller' with build type 'ament_cmake'
[0.224s] INFO:colcon.colcon_cmake.task.cmake.build:Building CMake package in '/home/sshyuk/ros2_ws/src/crawling_robot_controller'
[0.226s] INFO:colcon.colcon_core.plugin_system:Skipping extension 'colcon_core.shell.bat': Not used on non-Windows systems
[0.226s] INFO:colcon.colcon_core.shell:Skip shell extension 'powershell' for command environment: Not usable outside of PowerShell
[0.226s] DEBUG:colcon.colcon_core.shell:Skip shell extension 'dsv' for command environment
[0.229s] INFO:colcon.colcon_ros.task.ament_python.build:Building ROS package in '/home/sshyuk/ros2_ws/src/crawling_sunghyuk' with build type 'ament_python'
[0.229s] Level 1:colcon.colcon_core.shell:create_environment_hook('crawling_sunghyuk', 'ament_prefix_path')
[0.229s] INFO:colcon.colcon_core.shell:Creating environment hook '/home/sshyuk/ros2_ws/install/crawling_sunghyuk/share/crawling_sunghyuk/hook/ament_prefix_path.ps1'
[0.229s] INFO:colcon.colcon_core.shell:Creating environment descriptor '/home/sshyuk/ros2_ws/install/crawling_sunghyuk/share/crawling_sunghyuk/hook/ament_prefix_path.dsv'
[0.230s] INFO:colcon.colcon_core.shell:Creating environment hook '/home/sshyuk/ros2_ws/install/crawling_sunghyuk/share/crawling_sunghyuk/hook/ament_prefix_path.sh'
[0.230s] INFO:colcon.colcon_core.shell:Skip shell extension 'powershell' for command environment: Not usable outside of PowerShell
[0.230s] DEBUG:colcon.colcon_core.shell:Skip shell extension 'dsv' for command environment
[0.232s] INFO:colcon.colcon_ros.task.ament_python.build:Building ROS package in '/home/sshyuk/ros2_ws/src/keyboard' with build type 'ament_python'
[0.232s] Level 1:colcon.colcon_core.shell:create_environment_hook('keyboard', 'ament_prefix_path')
[0.232s] INFO:colcon.colcon_core.shell:Creating environment hook '/home/sshyuk/ros2_ws/install/keyboard/share/keyboard/hook/ament_prefix_path.ps1'
[0.233s] INFO:colcon.colcon_core.shell:Creating environment descriptor '/home/sshyuk/ros2_ws/install/keyboard/share/keyboard/hook/ament_prefix_path.dsv'
[0.233s] INFO:colcon.colcon_core.shell:Creating environment hook '/home/sshyuk/ros2_ws/install/keyboard/share/keyboard/hook/ament_prefix_path.sh'
[0.233s] INFO:colcon.colcon_core.shell:Skip shell extension 'powershell' for command environment: Not usable outside of PowerShell
[0.233s] DEBUG:colcon.colcon_core.shell:Skip shell extension 'dsv' for command environment
[0.241s] DEBUG:colcon.colcon_core.event_handler.log_command:Invoking command in '/home/sshyuk/ros2_ws/build/crawling_robot_controller': CMAKE_PREFIX_PATH=${CMAKE_PREFIX_PATH}:/home/sshyuk/ros2_ws/install/keyboard:/home/sshyuk/ros2_ws/install/crawling_sunghyuk:/opt/ros/humble /usr/bin/cmake /home/sshyuk/ros2_ws/src/crawling_robot_controller -DAMENT_CMAKE_SYMLINK_INSTALL=1 -DCMAKE_INSTALL_PREFIX=/home/sshyuk/ros2_ws/install/crawling_robot_controller
[0.393s] INFO:colcon.colcon_core.task.python.build:Building Python package in '/home/sshyuk/ros2_ws/src/crawling_sunghyuk'
[0.393s] INFO:colcon.colcon_core.shell:Skip shell extension 'powershell' for command environment: Not usable outside of PowerShell
[0.393s] DEBUG:colcon.colcon_core.shell:Skip shell extension 'dsv' for command environment
[0.550s] INFO:colcon.colcon_core.task.python.build:Building Python package in '/home/sshyuk/ros2_ws/src/keyboard'
[0.550s] INFO:colcon.colcon_core.shell:Skip shell extension 'powershell' for command environment: Not usable outside of PowerShell
[0.550s] DEBUG:colcon.colcon_core.shell:Skip shell extension 'dsv' for command environment
[0.582s] DEBUG:colcon.colcon_core.event_handler.log_command:Invoked command in '/home/sshyuk/ros2_ws/build/crawling_robot_controller' returned '0': CMAKE_PREFIX_PATH=${CMAKE_PREFIX_PATH}:/home/sshyuk/ros2_ws/install/keyboard:/home/sshyuk/ros2_ws/install/crawling_sunghyuk:/opt/ros/humble /usr/bin/cmake /home/sshyuk/ros2_ws/src/crawling_robot_controller -DAMENT_CMAKE_SYMLINK_INSTALL=1 -DCMAKE_INSTALL_PREFIX=/home/sshyuk/ros2_ws/install/crawling_robot_controller
[0.584s] DEBUG:colcon.colcon_core.event_handler.log_command:Invoking command in '/home/sshyuk/ros2_ws/build/crawling_robot_controller': CMAKE_PREFIX_PATH=${CMAKE_PREFIX_PATH}:/home/sshyuk/ros2_ws/install/keyboard:/home/sshyuk/ros2_ws/install/crawling_sunghyuk:/opt/ros/humble /usr/bin/cmake --build /home/sshyuk/ros2_ws/build/crawling_robot_controller -- -j20 -l20
[0.755s] DEBUG:colcon.colcon_core.task.python.build:While undoing a previous installation files outside the Python library path are being ignored: /home/sshyuk/ros2_ws/install/crawling_sunghyuk/share/ament_index/resource_index/packages/crawling_sunghyuk
[0.755s] DEBUG:colcon.colcon_core.task.python.build:While undoing a previous installation files outside the Python library path are being ignored: /home/sshyuk/ros2_ws/install/crawling_sunghyuk/share/crawling_sunghyuk/package.xml
[0.756s] DEBUG:colcon.colcon_core.task.python.build:While undoing a previous installation files outside the Python library path are being ignored: /home/sshyuk/ros2_ws/install/crawling_sunghyuk/lib/crawling_sunghyuk/gripper_control
[0.757s] DEBUG:colcon.colcon_core.event_handler.log_command:Invoking command in '/home/sshyuk/ros2_ws/build/crawling_sunghyuk': PYTHONPATH=/home/sshyuk/ros2_ws/build/crawling_sunghyuk/prefix_override:/usr/lib/python3/dist-packages/colcon_core/task/python/colcon_distutils_commands:/home/sshyuk/ros2_ws/install/crawling_sunghyuk/lib/python3.10/site-packages:${PYTHONPATH} /usr/bin/python3 -W ignore:setup.py install is deprecated -W ignore:easy_install command is deprecated setup.py develop --editable --build-directory /home/sshyuk/ros2_ws/build/crawling_sunghyuk/build --no-deps symlink_data --force
[0.759s] DEBUG:colcon.colcon_core.task.python.build:While undoing a previous installation files outside the Python library path are being ignored: /home/sshyuk/ros2_ws/install/keyboard/share/ament_index/resource_index/packages/keyboard
[0.759s] DEBUG:colcon.colcon_core.task.python.build:While undoing a previous installation files outside the Python library path are being ignored: /home/sshyuk/ros2_ws/install/keyboard/share/keyboard/package.xml
[0.759s] DEBUG:colcon.colcon_core.task.python.build:While undoing a previous installation files outside the Python library path are being ignored: /home/sshyuk/ros2_ws/install/keyboard/lib/keyboard/keyboard_teleop
[0.761s] DEBUG:colcon.colcon_core.event_handler.log_command:Invoking command in '/home/sshyuk/ros2_ws/build/keyboard': PYTHONPATH=/home/sshyuk/ros2_ws/build/keyboard/prefix_override:/usr/lib/python3/dist-packages/colcon_core/task/python/colcon_distutils_commands:/home/sshyuk/ros2_ws/install/keyboard/lib/python3.10/site-packages:${PYTHONPATH} /usr/bin/python3 -W ignore:setup.py install is deprecated -W ignore:easy_install command is deprecated setup.py develop --editable --build-directory /home/sshyuk/ros2_ws/build/keyboard/build --no-deps symlink_data --force
[0.925s] DEBUG:colcon.colcon_core.event_handler.log_command:Invoked command in '/home/sshyuk/ros2_ws/build/crawling_robot_controller' returned '0': CMAKE_PREFIX_PATH=${CMAKE_PREFIX_PATH}:/home/sshyuk/ros2_ws/install/keyboard:/home/sshyuk/ros2_ws/install/crawling_sunghyuk:/opt/ros/humble /usr/bin/cmake --build /home/sshyuk/ros2_ws/build/crawling_robot_controller -- -j20 -l20
[0.933s] DEBUG:colcon.colcon_core.event_handler.log_command:Invoking command in '/home/sshyuk/ros2_ws/build/crawling_robot_controller': CMAKE_PREFIX_PATH=${CMAKE_PREFIX_PATH}:/home/sshyuk/ros2_ws/install/keyboard:/home/sshyuk/ros2_ws/install/crawling_sunghyuk:/opt/ros/humble /usr/bin/cmake --install /home/sshyuk/ros2_ws/build/crawling_robot_controller
[1.021s] Level 1:colcon.colcon_core.shell:create_environment_hook('crawling_sunghyuk', 'pythonpath_develop')
[1.021s] INFO:colcon.colcon_core.shell:Creating environment hook '/home/sshyuk/ros2_ws/build/crawling_sunghyuk/share/crawling_sunghyuk/hook/pythonpath_develop.ps1'
[1.022s] DEBUG:colcon.colcon_core.event_handler.log_command:Invoked command in '/home/sshyuk/ros2_ws/build/crawling_sunghyuk' returned '0': PYTHONPATH=/home/sshyuk/ros2_ws/build/crawling_sunghyuk/prefix_override:/usr/lib/python3/dist-packages/colcon_core/task/python/colcon_distutils_commands:/home/sshyuk/ros2_ws/install/crawling_sunghyuk/lib/python3.10/site-packages:${PYTHONPATH} /usr/bin/python3 -W ignore:setup.py install is deprecated -W ignore:easy_install command is deprecated setup.py develop --editable --build-directory /home/sshyuk/ros2_ws/build/crawling_sunghyuk/build --no-deps symlink_data --force
[1.022s] INFO:colcon.colcon_core.shell:Creating environment descriptor '/home/sshyuk/ros2_ws/build/crawling_sunghyuk/share/crawling_sunghyuk/hook/pythonpath_develop.dsv'
[1.023s] INFO:colcon.colcon_core.shell:Creating environment hook '/home/sshyuk/ros2_ws/build/crawling_sunghyuk/share/crawling_sunghyuk/hook/pythonpath_develop.sh'
[1.025s] Level 1:colcon.colcon_core.environment:checking '/home/sshyuk/ros2_ws/install/crawling_sunghyuk' for CMake module files
[1.025s] Level 1:colcon.colcon_core.environment:checking '/home/sshyuk/ros2_ws/install/crawling_sunghyuk' for CMake config files
[1.026s] Level 1:colcon.colcon_core.environment:checking '/home/sshyuk/ros2_ws/install/crawling_sunghyuk/lib'
[1.026s] Level 1:colcon.colcon_core.environment:checking '/home/sshyuk/ros2_ws/install/crawling_sunghyuk/bin'
[1.026s] Level 1:colcon.colcon_core.environment:checking '/home/sshyuk/ros2_ws/install/crawling_sunghyuk/lib/pkgconfig/crawling_sunghyuk.pc'
[1.026s] Level 1:colcon.colcon_core.environment:checking '/home/sshyuk/ros2_ws/install/crawling_sunghyuk/lib/python3.10/site-packages'
[1.026s] Level 1:colcon.colcon_core.shell:create_environment_hook('crawling_sunghyuk', 'pythonpath')
[1.026s] INFO:colcon.colcon_core.shell:Creating environment hook '/home/sshyuk/ros2_ws/install/crawling_sunghyuk/share/crawling_sunghyuk/hook/pythonpath.ps1'
[1.027s] INFO:colcon.colcon_core.shell:Creating environment descriptor '/home/sshyuk/ros2_ws/install/crawling_sunghyuk/share/crawling_sunghyuk/hook/pythonpath.dsv'
[1.027s] INFO:colcon.colcon_core.shell:Creating environment hook '/home/sshyuk/ros2_ws/install/crawling_sunghyuk/share/crawling_sunghyuk/hook/pythonpath.sh'
[1.027s] Level 1:colcon.colcon_core.environment:checking '/home/sshyuk/ros2_ws/install/crawling_sunghyuk/bin'
[1.027s] Level 1:colcon.colcon_core.environment:create_environment_scripts_only(crawling_sunghyuk)
[1.028s] INFO:colcon.colcon_core.shell:Creating package script '/home/sshyuk/ros2_ws/install/crawling_sunghyuk/share/crawling_sunghyuk/package.ps1'
[1.028s] INFO:colcon.colcon_core.shell:Creating package descriptor '/home/sshyuk/ros2_ws/install/crawling_sunghyuk/share/crawling_sunghyuk/package.dsv'
[1.029s] INFO:colcon.colcon_core.shell:Creating package script '/home/sshyuk/ros2_ws/install/crawling_sunghyuk/share/crawling_sunghyuk/package.sh'
[1.029s] INFO:colcon.colcon_core.shell:Creating package script '/home/sshyuk/ros2_ws/install/crawling_sunghyuk/share/crawling_sunghyuk/package.bash'
[1.030s] INFO:colcon.colcon_core.shell:Creating package script '/home/sshyuk/ros2_ws/install/crawling_sunghyuk/share/crawling_sunghyuk/package.zsh'
[1.030s] Level 1:colcon.colcon_core.environment:create_file_with_runtime_dependencies(/home/sshyuk/ros2_ws/install/crawling_sunghyuk/share/colcon-core/packages/crawling_sunghyuk)
[1.035s] Level 1:colcon.colcon_core.shell:create_environment_hook('keyboard', 'pythonpath_develop')
[1.035s] INFO:colcon.colcon_core.shell:Creating environment hook '/home/sshyuk/ros2_ws/build/keyboard/share/keyboard/hook/pythonpath_develop.ps1'
[1.035s] DEBUG:colcon.colcon_core.event_handler.log_command:Invoked command in '/home/sshyuk/ros2_ws/build/keyboard' returned '0': PYTHONPATH=/home/sshyuk/ros2_ws/build/keyboard/prefix_override:/usr/lib/python3/dist-packages/colcon_core/task/python/colcon_distutils_commands:/home/sshyuk/ros2_ws/install/keyboard/lib/python3.10/site-packages:${PYTHONPATH} /usr/bin/python3 -W ignore:setup.py install is deprecated -W ignore:easy_install command is deprecated setup.py develop --editable --build-directory /home/sshyuk/ros2_ws/build/keyboard/build --no-deps symlink_data --force
[1.036s] INFO:colcon.colcon_core.shell:Creating environment descriptor '/home/sshyuk/ros2_ws/build/keyboard/share/keyboard/hook/pythonpath_develop.dsv'
[1.036s] INFO:colcon.colcon_core.shell:Creating environment hook '/home/sshyuk/ros2_ws/build/keyboard/share/keyboard/hook/pythonpath_develop.sh'
[1.036s] Level 1:colcon.colcon_core.environment:checking '/home/sshyuk/ros2_ws/install/keyboard' for CMake module files
[1.037s] Level 1:colcon.colcon_core.environment:checking '/home/sshyuk/ros2_ws/install/keyboard' for CMake config files
[1.037s] Level 1:colcon.colcon_core.environment:checking '/home/sshyuk/ros2_ws/install/keyboard/lib'
[1.037s] Level 1:colcon.colcon_core.environment:checking '/home/sshyuk/ros2_ws/install/keyboard/bin'
[1.037s] Level 1:colcon.colcon_core.environment:checking '/home/sshyuk/ros2_ws/install/keyboard/lib/pkgconfig/keyboard.pc'
[1.037s] Level 1:colcon.colcon_core.environment:checking '/home/sshyuk/ros2_ws/install/keyboard/lib/python3.10/site-packages'
[1.037s] Level 1:colcon.colcon_core.shell:create_environment_hook('keyboard', 'pythonpath')
[1.037s] INFO:colcon.colcon_core.shell:Creating environment hook '/home/sshyuk/ros2_ws/install/keyboard/share/keyboard/hook/pythonpath.ps1'
[1.037s] INFO:colcon.colcon_core.shell:Creating environment descriptor '/home/sshyuk/ros2_ws/install/keyboard/share/keyboard/hook/pythonpath.dsv'
[1.038s] INFO:colcon.colcon_core.shell:Creating environment hook '/home/sshyuk/ros2_ws/install/keyboard/share/keyboard/hook/pythonpath.sh'
[1.038s] Level 1:colcon.colcon_core.environment:checking '/home/sshyuk/ros2_ws/install/keyboard/bin'
[1.038s] Level 1:colcon.colcon_core.environment:create_environment_scripts_only(keyboard)
[1.038s] INFO:colcon.colcon_core.shell:Creating package script '/home/sshyuk/ros2_ws/install/keyboard/share/keyboard/package.ps1'
[1.039s] INFO:colcon.colcon_core.shell:Creating package descriptor '/home/sshyuk/ros2_ws/install/keyboard/share/keyboard/package.dsv'
[1.039s] INFO:colcon.colcon_core.shell:Creating package script '/home/sshyuk/ros2_ws/install/keyboard/share/keyboard/package.sh'
[1.039s] INFO:colcon.colcon_core.shell:Creating package script '/home/sshyuk/ros2_ws/install/keyboard/share/keyboard/package.bash'
[1.039s] INFO:colcon.colcon_core.shell:Creating package script '/home/sshyuk/ros2_ws/install/keyboard/share/keyboard/package.zsh'
[1.039s] Level 1:colcon.colcon_core.environment:create_file_with_runtime_dependencies(/home/sshyuk/ros2_ws/install/keyboard/share/colcon-core/packages/keyboard)
[1.270s] Level 1:colcon.colcon_core.environment:create_environment_scripts_only(crawling_robot_controller)
[1.270s] Level 1:colcon.colcon_core.environment:checking '/home/sshyuk/ros2_ws/install/crawling_robot_controller' for CMake module files
[1.271s] DEBUG:colcon.colcon_core.event_handler.log_command:Invoked command in '/home/sshyuk/ros2_ws/build/crawling_robot_controller' returned '0': CMAKE_PREFIX_PATH=${CMAKE_PREFIX_PATH}:/home/sshyuk/ros2_ws/install/keyboard:/home/sshyuk/ros2_ws/install/crawling_sunghyuk:/opt/ros/humble /usr/bin/cmake --install /home/sshyuk/ros2_ws/build/crawling_robot_controller
[1.271s] Level 1:colcon.colcon_core.environment:checking '/home/sshyuk/ros2_ws/install/crawling_robot_controller' for CMake config files
[1.272s] Level 1:colcon.colcon_core.shell:create_environment_hook('crawling_robot_controller', 'cmake_prefix_path')
[1.272s] INFO:colcon.colcon_core.shell:Creating environment hook '/home/sshyuk/ros2_ws/install/crawling_robot_controller/share/crawling_robot_controller/hook/cmake_prefix_path.ps1'
[1.273s] INFO:colcon.colcon_core.shell:Creating environment descriptor '/home/sshyuk/ros2_ws/install/crawling_robot_controller/share/crawling_robot_controller/hook/cmake_prefix_path.dsv'
[1.273s] INFO:colcon.colcon_core.shell:Creating environment hook '/home/sshyuk/ros2_ws/install/crawling_robot_controller/share/crawling_robot_controller/hook/cmake_prefix_path.sh'
[1.274s] Level 1:colcon.colcon_core.environment:checking '/home/sshyuk/ros2_ws/install/crawling_robot_controller/lib'
[1.274s] Level 1:colcon.colcon_core.environment:checking '/home/sshyuk/ros2_ws/install/crawling_robot_controller/bin'
[1.274s] Level 1:colcon.colcon_core.environment:checking '/home/sshyuk/ros2_ws/install/crawling_robot_controller/lib/pkgconfig/crawling_robot_controller.pc'
[1.274s] Level 1:colcon.colcon_core.environment:checking '/home/sshyuk/ros2_ws/install/crawling_robot_controller/lib/python3.10/site-packages'
[1.275s] Level 1:colcon.colcon_core.environment:checking '/home/sshyuk/ros2_ws/install/crawling_robot_controller/bin'
[1.275s] INFO:colcon.colcon_core.shell:Creating package script '/home/sshyuk/ros2_ws/install/crawling_robot_controller/share/crawling_robot_controller/package.ps1'
[1.276s] INFO:colcon.colcon_core.shell:Creating package descriptor '/home/sshyuk/ros2_ws/install/crawling_robot_controller/share/crawling_robot_controller/package.dsv'
[1.276s] INFO:colcon.colcon_core.shell:Creating package script '/home/sshyuk/ros2_ws/install/crawling_robot_controller/share/crawling_robot_controller/package.sh'
[1.277s] INFO:colcon.colcon_core.shell:Creating package script '/home/sshyuk/ros2_ws/install/crawling_robot_controller/share/crawling_robot_controller/package.bash'
[1.277s] INFO:colcon.colcon_core.shell:Creating package script '/home/sshyuk/ros2_ws/install/crawling_robot_controller/share/crawling_robot_controller/package.zsh'
[1.277s] Level 1:colcon.colcon_core.environment:create_file_with_runtime_dependencies(/home/sshyuk/ros2_ws/install/crawling_robot_controller/share/colcon-core/packages/crawling_robot_controller)
[1.278s] Level 1:colcon.colcon_core.environment:create_environment_scripts_only(crawling_robot_controller)
[1.278s] Level 1:colcon.colcon_core.environment:checking '/home/sshyuk/ros2_ws/install/crawling_robot_controller' for CMake module files
[1.279s] Level 1:colcon.colcon_core.environment:checking '/home/sshyuk/ros2_ws/install/crawling_robot_controller' for CMake config files
[1.279s] Level 1:colcon.colcon_core.shell:create_environment_hook('crawling_robot_controller', 'cmake_prefix_path')
[1.280s] INFO:colcon.colcon_core.shell:Creating environment hook '/home/sshyuk/ros2_ws/install/crawling_robot_controller/share/crawling_robot_controller/hook/cmake_prefix_path.ps1'
[1.280s] INFO:colcon.colcon_core.shell:Creating environment descriptor '/home/sshyuk/ros2_ws/install/crawling_robot_controller/share/crawling_robot_controller/hook/cmake_prefix_path.dsv'
[1.280s] INFO:colcon.colcon_core.shell:Creating environment hook '/home/sshyuk/ros2_ws/install/crawling_robot_controller/share/crawling_robot_controller/hook/cmake_prefix_path.sh'
[1.281s] Level 1:colcon.colcon_core.environment:checking '/home/sshyuk/ros2_ws/install/crawling_robot_controller/lib'
[1.281s] Level 1:colcon.colcon_core.environment:checking '/home/sshyuk/ros2_ws/install/crawling_robot_controller/bin'
[1.281s] Level 1:colcon.colcon_core.environment:checking '/home/sshyuk/ros2_ws/install/crawling_robot_controller/lib/pkgconfig/crawling_robot_controller.pc'
[1.281s] Level 1:colcon.colcon_core.environment:checking '/home/sshyuk/ros2_ws/install/crawling_robot_controller/lib/python3.10/site-packages'
[1.282s] Level 1:colcon.colcon_core.environment:checking '/home/sshyuk/ros2_ws/install/crawling_robot_controller/bin'
[1.282s] INFO:colcon.colcon_core.shell:Creating package script '/home/sshyuk/ros2_ws/install/crawling_robot_controller/share/crawling_robot_controller/package.ps1'
[1.283s] INFO:colcon.colcon_core.shell:Creating package descriptor '/home/sshyuk/ros2_ws/install/crawling_robot_controller/share/crawling_robot_controller/package.dsv'
[1.283s] INFO:colcon.colcon_core.shell:Creating package script '/home/sshyuk/ros2_ws/install/crawling_robot_controller/share/crawling_robot_controller/package.sh'
[1.284s] INFO:colcon.colcon_core.shell:Creating package script '/home/sshyuk/ros2_ws/install/crawling_robot_controller/share/crawling_robot_controller/package.bash'
[1.284s] INFO:colcon.colcon_core.shell:Creating package script '/home/sshyuk/ros2_ws/install/crawling_robot_controller/share/crawling_robot_controller/package.zsh'
[1.284s] Level 1:colcon.colcon_core.environment:create_file_with_runtime_dependencies(/home/sshyuk/ros2_ws/install/crawling_robot_controller/share/colcon-core/packages/crawling_robot_controller)
[1.285s] DEBUG:colcon.colcon_parallel_executor.executor.parallel:closing loop
[1.285s] DEBUG:colcon.colcon_parallel_executor.executor.parallel:loop closed
[1.285s] DEBUG:colcon.colcon_parallel_executor.executor.parallel:run_until_complete finished with '0'
[1.285s] DEBUG:colcon.colcon_core.event_reactor:joining thread
[1.290s] INFO:colcon.colcon_core.plugin_system:Skipping extension 'colcon_notification.desktop_notification.terminal_notifier': Not used on non-Darwin systems
[1.290s] INFO:colcon.colcon_core.plugin_system:Skipping extension 'colcon_notification.desktop_notification.win32': Not used on non-Windows systems
[1.290s] INFO:colcon.colcon_notification.desktop_notification:Sending desktop notification using 'notify2'
[1.302s] DEBUG:colcon.colcon_core.event_reactor:joined thread
[1.302s] INFO:colcon.colcon_core.shell:Creating prefix script '/home/sshyuk/ros2_ws/install/local_setup.ps1'
[1.304s] INFO:colcon.colcon_core.shell:Creating prefix util module '/home/sshyuk/ros2_ws/install/_local_setup_util_ps1.py'
[1.305s] INFO:colcon.colcon_core.shell:Creating prefix chain script '/home/sshyuk/ros2_ws/install/setup.ps1'
[1.307s] INFO:colcon.colcon_core.shell:Creating prefix script '/home/sshyuk/ros2_ws/install/local_setup.sh'
[1.307s] INFO:colcon.colcon_core.shell:Creating prefix util module '/home/sshyuk/ros2_ws/install/_local_setup_util_sh.py'
[1.308s] INFO:colcon.colcon_core.shell:Creating prefix chain script '/home/sshyuk/ros2_ws/install/setup.sh'
[1.309s] INFO:colcon.colcon_core.shell:Creating prefix script '/home/sshyuk/ros2_ws/install/local_setup.bash'
[1.310s] INFO:colcon.colcon_core.shell:Creating prefix chain script '/home/sshyuk/ros2_ws/install/setup.bash'
[1.311s] INFO:colcon.colcon_core.shell:Creating prefix script '/home/sshyuk/ros2_ws/install/local_setup.zsh'
[1.312s] INFO:colcon.colcon_core.shell:Creating prefix chain script '/home/sshyuk/ros2_ws/install/setup.zsh'
