[0.007s] Invoking command in '/home/sshyuk/ros2_ws/src/crawling_robot_controller/build/crawling_robot_controller': CMAKE_PREFIX_PATH=${CMAKE_PREFIX_PATH}:/home/sshyuk/ros2_ws/install/keyboard:/home/sshyuk/ros2_ws/install/crawling_sunghyuk:/opt/ros/humble /usr/bin/cmake /home/sshyuk/ros2_ws/src/crawling_robot_controller -DAMENT_CMAKE_SYMLINK_INSTALL=1 -DCMAKE_INSTALL_PREFIX=/home/sshyuk/ros2_ws/src/crawling_robot_controller/install/crawling_robot_controller
[0.058s] -- The C compiler identification is GNU 11.4.0
[0.111s] -- The CXX compiler identification is GNU 11.4.0
[0.118s] -- Detecting C compiler ABI info
[0.204s] -- Detecting C compiler ABI info - done
[0.213s] -- Check for working C compiler: /usr/bin/cc - skipped
[0.213s] -- Detecting C compile features
[0.214s] -- Detecting C compile features - done
[0.216s] -- Detecting CXX compiler ABI info
[0.297s] -- Detecting CXX compiler ABI info - done
[0.306s] -- Check for working CXX compiler: /usr/bin/c++ - skipped
[0.306s] -- Detecting CXX compile features
[0.307s] -- Detecting CXX compile features - done
[0.309s] -- Found ament_cmake: 1.3.11 (/opt/ros/humble/share/ament_cmake/cmake)
[0.456s] -- Found Python3: /usr/bin/python3 (found version "3.10.12") found components: Interpreter 
[0.504s] -- Override CMake install command with custom implementation using symlinks instead of copying resources
[0.525s] -- Found rclcpp: 16.0.11 (/opt/ros/humble/share/rclcpp/cmake)
[0.555s] -- Found rosidl_generator_c: 3.1.6 (/opt/ros/humble/share/rosidl_generator_c/cmake)
[0.558s] -- Found rosidl_adapter: 3.1.6 (/opt/ros/humble/share/rosidl_adapter/cmake)
[0.563s] -- Found rosidl_generator_cpp: 3.1.6 (/opt/ros/humble/share/rosidl_generator_cpp/cmake)
[0.571s] -- Using all available rosidl_typesupport_c: rosidl_typesupport_fastrtps_c;rosidl_typesupport_introspection_c
[0.581s] -- Using all available rosidl_typesupport_cpp: rosidl_typesupport_fastrtps_cpp;rosidl_typesupport_introspection_cpp
[0.608s] -- Found rmw_implementation_cmake: 6.1.2 (/opt/ros/humble/share/rmw_implementation_cmake/cmake)
[0.610s] -- Found rmw_fastrtps_cpp: 6.2.7 (/opt/ros/humble/share/rmw_fastrtps_cpp/cmake)
[0.686s] -- Found OpenSSL: /usr/lib/x86_64-linux-gnu/libcrypto.so (found version "3.0.2")  
[0.714s] -- Found FastRTPS: /opt/ros/humble/include  
[0.760s] -- Using RMW implementation 'rmw_fastrtps_cpp' as default
[0.770s] -- Looking for pthread.h
[0.851s] -- Looking for pthread.h - found
[0.851s] -- Performing Test CMAKE_HAVE_LIBC_PTHREAD
[0.935s] -- Performing Test CMAKE_HAVE_LIBC_PTHREAD - Success
[0.936s] -- Found Threads: TRUE  
[0.978s] -- Found dynamixel_sdk: 3.7.60 (/opt/ros/humble/share/dynamixel_sdk/cmake)
[0.979s] -- Found geometry_msgs: 4.2.4 (/opt/ros/humble/share/geometry_msgs/cmake)
[0.988s] -- Found ament_lint_auto: 0.12.11 (/opt/ros/humble/share/ament_lint_auto/cmake)
[1.048s] -- Added test 'copyright' to check source files copyright and LICENSE
[1.050s] -- Added test 'cppcheck' to perform static code analysis on C / C++ code
[1.051s] -- Configured cppcheck include dirs: /home/sshyuk/ros2_ws/src/crawling_robot_controller/include
[1.051s] -- Configured cppcheck exclude dirs and/or files: 
[1.051s] -- Added test 'flake8' to check Python code syntax and style conventions
[1.052s] -- Added test 'lint_cmake' to check CMake code style
[1.052s] -- Added test 'pep257' to check Python code against some of the docstring style conventions in PEP 257
[1.055s] -- Added test 'uncrustify' to check C / C++ code style
[1.055s] -- Configured uncrustify additional arguments: 
[1.056s] -- Added test 'xmllint' to check XML markup files
[1.056s] -- Configuring done
[1.062s] -- Generating done
[1.064s] -- Build files have been written to: /home/sshyuk/ros2_ws/src/crawling_robot_controller/build/crawling_robot_controller
[1.069s] Invoked command in '/home/sshyuk/ros2_ws/src/crawling_robot_controller/build/crawling_robot_controller' returned '0': CMAKE_PREFIX_PATH=${CMAKE_PREFIX_PATH}:/home/sshyuk/ros2_ws/install/keyboard:/home/sshyuk/ros2_ws/install/crawling_sunghyuk:/opt/ros/humble /usr/bin/cmake /home/sshyuk/ros2_ws/src/crawling_robot_controller -DAMENT_CMAKE_SYMLINK_INSTALL=1 -DCMAKE_INSTALL_PREFIX=/home/sshyuk/ros2_ws/src/crawling_robot_controller/install/crawling_robot_controller
[1.071s] Invoking command in '/home/sshyuk/ros2_ws/src/crawling_robot_controller/build/crawling_robot_controller': CMAKE_PREFIX_PATH=${CMAKE_PREFIX_PATH}:/home/sshyuk/ros2_ws/install/keyboard:/home/sshyuk/ros2_ws/install/crawling_sunghyuk:/opt/ros/humble /usr/bin/cmake --build /home/sshyuk/ros2_ws/src/crawling_robot_controller/build/crawling_robot_controller -- -j20 -l20
[1.122s] [ 50%] [32mBuilding CXX object CMakeFiles/position_control.dir/src/position_control.cpp.o[0m
[2.620s] [01m[K/home/sshyuk/ros2_ws/src/crawling_robot_controller/src/position_control.cpp:[m[K In function ‘[01m[Kvoid path()[m[K’:
[2.620s] [01m[K/home/sshyuk/ros2_ws/src/crawling_robot_controller/src/position_control.cpp:178:22:[m[K [01;35m[Kwarning: [m[Kcomparison of integer expressions of different signedness: ‘[01m[Kint[m[K’ and ‘[01m[Kstd::vector<std::pair<double, double> >::size_type[m[K’ {aka ‘[01m[Klong unsigned int[m[K’} [[01;35m[K]8;;https://gcc.gnu.org/onlinedocs/gcc/Warning-Options.html#index-Wsign-compare-Wsign-compare]8;;[m[K]
[2.620s]   178 |     if ([01;35m[Ktarget_index < points.size()[m[K)
[2.620s]       |         [01;35m[K~~~~~~~~~~~~~^~~~~~~~~~~~~~~[m[K
[6.584s] [100%] [32m[1mLinking CXX executable position_control[0m
[6.856s] [100%] Built target position_control
[6.865s] Invoked command in '/home/sshyuk/ros2_ws/src/crawling_robot_controller/build/crawling_robot_controller' returned '0': CMAKE_PREFIX_PATH=${CMAKE_PREFIX_PATH}:/home/sshyuk/ros2_ws/install/keyboard:/home/sshyuk/ros2_ws/install/crawling_sunghyuk:/opt/ros/humble /usr/bin/cmake --build /home/sshyuk/ros2_ws/src/crawling_robot_controller/build/crawling_robot_controller -- -j20 -l20
[6.876s] Invoking command in '/home/sshyuk/ros2_ws/src/crawling_robot_controller/build/crawling_robot_controller': CMAKE_PREFIX_PATH=${CMAKE_PREFIX_PATH}:/home/sshyuk/ros2_ws/install/keyboard:/home/sshyuk/ros2_ws/install/crawling_sunghyuk:/opt/ros/humble /usr/bin/cmake --install /home/sshyuk/ros2_ws/src/crawling_robot_controller/build/crawling_robot_controller
[6.886s] -- Install configuration: ""
[6.887s] -- Execute custom install script
[6.888s] -- Symlinking: /home/sshyuk/ros2_ws/src/crawling_robot_controller/install/crawling_robot_controller/lib/crawling_robot_controller/position_control
[6.899s] -- Symlinking: /home/sshyuk/ros2_ws/src/crawling_robot_controller/install/crawling_robot_controller/share/crawling_robot_controller//launch/robot_launch.py
[6.910s] -- Symlinking: /home/sshyuk/ros2_ws/src/crawling_robot_controller/install/crawling_robot_controller/share/ament_index/resource_index/package_run_dependencies/crawling_robot_controller
[6.919s] -- Symlinking: /home/sshyuk/ros2_ws/src/crawling_robot_controller/install/crawling_robot_controller/share/ament_index/resource_index/parent_prefix_path/crawling_robot_controller
[6.929s] -- Symlinking: /home/sshyuk/ros2_ws/src/crawling_robot_controller/install/crawling_robot_controller/share/crawling_robot_controller/environment/ament_prefix_path.sh
[6.939s] -- Symlinking: /home/sshyuk/ros2_ws/src/crawling_robot_controller/install/crawling_robot_controller/share/crawling_robot_controller/environment/ament_prefix_path.dsv
[6.949s] -- Symlinking: /home/sshyuk/ros2_ws/src/crawling_robot_controller/install/crawling_robot_controller/share/crawling_robot_controller/environment/path.sh
[6.960s] -- Symlinking: /home/sshyuk/ros2_ws/src/crawling_robot_controller/install/crawling_robot_controller/share/crawling_robot_controller/environment/path.dsv
[6.971s] -- Symlinking: /home/sshyuk/ros2_ws/src/crawling_robot_controller/install/crawling_robot_controller/share/crawling_robot_controller/local_setup.bash
[6.983s] -- Symlinking: /home/sshyuk/ros2_ws/src/crawling_robot_controller/install/crawling_robot_controller/share/crawling_robot_controller/local_setup.sh
[6.991s] -- Symlinking: /home/sshyuk/ros2_ws/src/crawling_robot_controller/install/crawling_robot_controller/share/crawling_robot_controller/local_setup.zsh
[7.000s] -- Symlinking: /home/sshyuk/ros2_ws/src/crawling_robot_controller/install/crawling_robot_controller/share/crawling_robot_controller/local_setup.dsv
[7.010s] -- Symlinking: /home/sshyuk/ros2_ws/src/crawling_robot_controller/install/crawling_robot_controller/share/crawling_robot_controller/package.dsv
[7.021s] -- Symlinking: /home/sshyuk/ros2_ws/src/crawling_robot_controller/install/crawling_robot_controller/share/ament_index/resource_index/packages/crawling_robot_controller
[7.031s] -- Symlinking: /home/sshyuk/ros2_ws/src/crawling_robot_controller/install/crawling_robot_controller/share/crawling_robot_controller/cmake/crawling_robot_controllerConfig.cmake
[7.042s] -- Symlinking: /home/sshyuk/ros2_ws/src/crawling_robot_controller/install/crawling_robot_controller/share/crawling_robot_controller/cmake/crawling_robot_controllerConfig-version.cmake
[7.051s] -- Symlinking: /home/sshyuk/ros2_ws/src/crawling_robot_controller/install/crawling_robot_controller/share/crawling_robot_controller/package.xml
[7.065s] Invoked command in '/home/sshyuk/ros2_ws/src/crawling_robot_controller/build/crawling_robot_controller' returned '0': CMAKE_PREFIX_PATH=${CMAKE_PREFIX_PATH}:/home/sshyuk/ros2_ws/install/keyboard:/home/sshyuk/ros2_ws/install/crawling_sunghyuk:/opt/ros/humble /usr/bin/cmake --install /home/sshyuk/ros2_ws/src/crawling_robot_controller/build/crawling_robot_controller
