[0.541s] Invoking command in '/home/sshyuk/ros2_ws/src/crawling_sunghyuk': PYTHONPATH=/home/sshyuk/ros2_ws/build/crawling_sunghyuk/prefix_override:/usr/lib/python3/dist-packages/colcon_core/task/python/colcon_distutils_commands:/home/sshyuk/ros2_ws/install/crawling_sunghyuk/lib/python3.10/site-packages:${PYTHONPATH} /usr/bin/python3 -W ignore:setup.py install is deprecated -W ignore:easy_install command is deprecated setup.py egg_info --egg-base ../../build/crawling_sunghyuk build --build-base /home/sshyuk/ros2_ws/build/crawling_sunghyuk/build install --record /home/sshyuk/ros2_ws/build/crawling_sunghyuk/install.log --single-version-externally-managed install_data
[0.683s] running egg_info
[0.683s] writing ../../build/crawling_sunghyuk/crawling_sunghyuk.egg-info/PKG-INFO
[0.683s] writing dependency_links to ../../build/crawling_sunghyuk/crawling_sunghyuk.egg-info/dependency_links.txt
[0.683s] writing entry points to ../../build/crawling_sunghyuk/crawling_sunghyuk.egg-info/entry_points.txt
[0.683s] writing requirements to ../../build/crawling_sunghyuk/crawling_sunghyuk.egg-info/requires.txt
[0.684s] writing top-level names to ../../build/crawling_sunghyuk/crawling_sunghyuk.egg-info/top_level.txt
[0.684s] reading manifest file '../../build/crawling_sunghyuk/crawling_sunghyuk.egg-info/SOURCES.txt'
[0.685s] writing manifest file '../../build/crawling_sunghyuk/crawling_sunghyuk.egg-info/SOURCES.txt'
[0.685s] running build
[0.685s] running build_py
[0.685s] copying scripts/gripper_control.py -> /home/sshyuk/ros2_ws/build/crawling_sunghyuk/build/lib/scripts
[0.685s] copying crawling_sunghyuk/gripper_control.py -> /home/sshyuk/ros2_ws/build/crawling_sunghyuk/build/lib/crawling_sunghyuk
[0.685s] running install
[0.685s] running install_lib
[0.686s] copying /home/sshyuk/ros2_ws/build/crawling_sunghyuk/build/lib/scripts/gripper_control.py -> /home/sshyuk/ros2_ws/install/crawling_sunghyuk/lib/python3.10/site-packages/scripts
[0.686s] copying /home/sshyuk/ros2_ws/build/crawling_sunghyuk/build/lib/crawling_sunghyuk/gripper_control.py -> /home/sshyuk/ros2_ws/install/crawling_sunghyuk/lib/python3.10/site-packages/crawling_sunghyuk
[0.686s] byte-compiling /home/sshyuk/ros2_ws/install/crawling_sunghyuk/lib/python3.10/site-packages/scripts/gripper_control.py to gripper_control.cpython-310.pyc
[0.686s]   File "/home/sshyuk/ros2_ws/install/crawling_sunghyuk/lib/python3.10/site-packages/scripts/gripper_control.py", line 1
[0.687s]     import rclpy   /    / /////////////////////////////// //////////////////////////////////////////////
[0.687s]                    ^
[0.687s] SyntaxError: invalid syntax
[0.687s] 
[0.687s]   File "/home/sshyuk/ros2_ws/install/crawling_sunghyuk/lib/python3.10/site-packages/crawling_sunghyuk/gripper_control.py", line 1
[0.687s]     import rclpy ////////////////////////////////////////////////////////////////////////////////////
[0.687s]                  ^^
[0.687s] SyntaxError: invalid syntax
[0.687s] 
[0.687s] byte-compiling /home/sshyuk/ros2_ws/install/crawling_sunghyuk/lib/python3.10/site-packages/crawling_sunghyuk/gripper_control.py to gripper_control.cpython-310.pyc
[0.687s] running install_data
[0.687s] running install_egg_info
[0.688s] removing '/home/sshyuk/ros2_ws/install/crawling_sunghyuk/lib/python3.10/site-packages/crawling_sunghyuk-0.0.0-py3.10.egg-info' (and everything under it)
[0.689s] Copying ../../build/crawling_sunghyuk/crawling_sunghyuk.egg-info to /home/sshyuk/ros2_ws/install/crawling_sunghyuk/lib/python3.10/site-packages/crawling_sunghyuk-0.0.0-py3.10.egg-info
[0.689s] running install_scripts
[0.702s] Installing gripper_control script to /home/sshyuk/ros2_ws/install/crawling_sunghyuk/lib/crawling_sunghyuk
[0.702s] writing list of installed files to '/home/sshyuk/ros2_ws/build/crawling_sunghyuk/install.log'
[0.719s] Invoked command in '/home/sshyuk/ros2_ws/src/crawling_sunghyuk' returned '0': PYTHONPATH=/home/sshyuk/ros2_ws/build/crawling_sunghyuk/prefix_override:/usr/lib/python3/dist-packages/colcon_core/task/python/colcon_distutils_commands:/home/sshyuk/ros2_ws/install/crawling_sunghyuk/lib/python3.10/site-packages:${PYTHONPATH} /usr/bin/python3 -W ignore:setup.py install is deprecated -W ignore:easy_install command is deprecated setup.py egg_info --egg-base ../../build/crawling_sunghyuk build --build-base /home/sshyuk/ros2_ws/build/crawling_sunghyuk/build install --record /home/sshyuk/ros2_ws/build/crawling_sunghyuk/install.log --single-version-externally-managed install_data
