running egg_info
creating ../../build/keyboard/keyboard.egg-info
writing ../../build/keyboard/keyboard.egg-info/PKG-INFO
writing dependency_links to ../../build/keyboard/keyboard.egg-info/dependency_links.txt
writing entry points to ../../build/keyboard/keyboard.egg-info/entry_points.txt
writing requirements to ../../build/keyboard/keyboard.egg-info/requires.txt
writing top-level names to ../../build/keyboard/keyboard.egg-info/top_level.txt
writing manifest file '../../build/keyboard/keyboard.egg-info/SOURCES.txt'
reading manifest file '../../build/keyboard/keyboard.egg-info/SOURCES.txt'
writing manifest file '../../build/keyboard/keyboard.egg-info/SOURCES.txt'
running build
running build_py
creating /home/sshyuk/ros2_ws/build/keyboard/build
creating /home/sshyuk/ros2_ws/build/keyboard/build/lib
creating /home/sshyuk/ros2_ws/build/keyboard/build/lib/keyboard
copying keyboard/__init__.py -> /home/sshyuk/ros2_ws/build/keyboard/build/lib/keyboard
copying keyboard/keyboard.py -> /home/sshyuk/ros2_ws/build/keyboard/build/lib/keyboard
running install
running install_lib
creating /home/sshyuk/ros2_ws/install/keyboard/lib/python3.10/site-packages/keyboard
copying /home/sshyuk/ros2_ws/build/keyboard/build/lib/keyboard/__init__.py -> /home/sshyuk/ros2_ws/install/keyboard/lib/python3.10/site-packages/keyboard
copying /home/sshyuk/ros2_ws/build/keyboard/build/lib/keyboard/keyboard.py -> /home/sshyuk/ros2_ws/install/keyboard/lib/python3.10/site-packages/keyboard
byte-compiling /home/sshyuk/ros2_ws/install/keyboard/lib/python3.10/site-packages/keyboard/__init__.py to __init__.cpython-310.pyc
byte-compiling /home/sshyuk/ros2_ws/install/keyboard/lib/python3.10/site-packages/keyboard/keyboard.py to keyboard.cpython-310.pyc
running install_data
creating /home/sshyuk/ros2_ws/install/keyboard/share/ament_index
creating /home/sshyuk/ros2_ws/install/keyboard/share/ament_index/resource_index
creating /home/sshyuk/ros2_ws/install/keyboard/share/ament_index/resource_index/packages
copying resource/keyboard -> /home/sshyuk/ros2_ws/install/keyboard/share/ament_index/resource_index/packages
copying package.xml -> /home/sshyuk/ros2_ws/install/keyboard/share/keyboard
running install_egg_info
Copying ../../build/keyboard/keyboard.egg-info to /home/sshyuk/ros2_ws/install/keyboard/lib/python3.10/site-packages/keyboard-0.0.0-py3.10.egg-info
running install_scripts
writing list of installed files to '/home/sshyuk/ros2_ws/build/keyboard/install.log'
