[01m[K/home/sshyuk/ros2_ws/src/crawling_robot_controller/src/position_control.cpp:[m[K In function ‘[01m[Kvoid keyboard_callback(std_msgs::msg::Int8_<std::allocator<void> >::SharedPtr)[m[K’:
[01m[K/home/sshyuk/ros2_ws/src/crawling_robot_controller/src/position_control.cpp:78:31:[m[K [01;31m[Kerror: [m[Ktoo few arguments to function ‘[01m[Kstd::vector<std::pair<double, double> > getPoints(double, double)[m[K’
   78 |             points = [01;31m[KgetPoints(move_size)[m[K;
      |                      [01;31m[K~~~~~~~~~^~~~~~~~~~~[m[K
[01m[K/home/sshyuk/ros2_ws/src/crawling_robot_controller/src/position_control.cpp:15:40:[m[K [01;36m[Knote: [m[Kdeclared here
   15 | tor<std::pair<double, double>> [01;36m[KgetPoints[m[K(double move_size, double length_size) {
      |                                [01;36m[K^~~~~~~~~[m[K

[01m[K/home/sshyuk/ros2_ws/src/crawling_robot_controller/src/position_control.cpp:88:31:[m[K [01;31m[Kerror: [m[Ktoo few arguments to function ‘[01m[Kstd::vector<std::pair<double, double> > getPoints(double, double)[m[K’
   88 |             points = [01;31m[KgetPoints(move_size)[m[K;
      |                      [01;31m[K~~~~~~~~~^~~~~~~~~~~[m[K
[01m[K/home/sshyuk/ros2_ws/src/crawling_robot_controller/src/position_control.cpp:15:40:[m[K [01;36m[Knote: [m[Kdeclared here
   15 | tor<std::pair<double, double>> [01;36m[KgetPoints[m[K(double move_size, double length_size) {
      |                                [01;36m[K^~~~~~~~~[m[K

[01m[K/home/sshyuk/ros2_ws/src/crawling_robot_controller/src/position_control.cpp:[m[K In function ‘[01m[Kvoid path()[m[K’:
[01m[K/home/sshyuk/ros2_ws/src/crawling_robot_controller/src/position_control.cpp:136:22:[m[K [01;35m[Kwarning: [m[Kcomparison of integer expressions of different signedness: ‘[01m[Kint[m[K’ and ‘[01m[Kstd::vector<std::pair<double, double> >::size_type[m[K’ {aka ‘[01m[Klong unsigned int[m[K’} [[01;35m[K]8;;https://gcc.gnu.org/onlinedocs/gcc/Warning-Options.html#index-Wsign-compare-Wsign-compare]8;;[m[K]
  136 |     if ([01;35m[Ktarget_index < points.size()[m[K)
      |         [01;35m[K~~~~~~~~~~~~~^~~~~~~~~~~~~~~[m[K
gmake[2]: *** [CMakeFiles/position_control.dir/build.make:76: CMakeFiles/position_control.dir/src/position_control.cpp.o] Error 1
gmake[1]: *** [CMakeFiles/Makefile2:137: CMakeFiles/position_control.dir/all] Error 2
gmake: *** [Makefile:146: all] Error 2
