[35m[1mConsolidate compiler generated dependencies of target position_control[0m
[ 50%] [32mBuilding CXX object CMakeFiles/position_control.dir/src/position_control.cpp.o[0m
[01m[K/home/sshyuk/ros2_ws/src/crawling_robot_controller/src/position_control.cpp:11:8:[m[K [01;31m[Kerror: [m[Kredefinition of ‘[01m[Kdouble step_size[m[K’
   11 | double [01;31m[Kstep_size[m[K = 0.000;
      |        [01;31m[K^~~~~~~~~[m[K
In file included from [01m[K/home/sshyuk/ros2_ws/src/crawling_robot_controller/src/position_control.cpp:1[m[K:
[01m[K/home/sshyuk/ros2_ws/src/crawling_robot_controller/include/crawling_robot_controller/define.h:84:8:[m[K [01;36m[Knote: [m[K‘[01m[Kdouble step_size[m[K’ previously defined here
   84 | double [01;36m[Kstep_size[m[K = 0.005;
      |        [01;36m[K^~~~~~~~~[m[K
[01m[K/home/sshyuk/ros2_ws/src/crawling_robot_controller/src/position_control.cpp:25:40:[m[K [01;31m[Kerror: [m[Kredefinition of ‘[01m[Kstd::vector<std::pair<double, double> > points[m[K’
   25 | tor<std::pair<double, double>> [01;31m[Kpoints[m[K = getPoints(step_size);
      |                                [01;31m[K^~~~~~[m[K

In file included from [01m[K/home/sshyuk/ros2_ws/src/crawling_robot_controller/src/position_control.cpp:1[m[K:
[01m[K/home/sshyuk/ros2_ws/src/crawling_robot_controller/include/crawling_robot_controller/define.h:68:40:[m[K [01;36m[Knote: [m[K‘[01m[Kstd::vector<std::pair<double, double> > points[m[K’ previously declared here
   68 | vector<std::pair<double, double>> [01;36m[Kpoints[m[K =
      |                                   [01;36m[K^~~~~~[m[K

[01m[K/home/sshyuk/ros2_ws/src/crawling_robot_controller/src/position_control.cpp:[m[K In function ‘[01m[Kvoid path()[m[K’:
[01m[K/home/sshyuk/ros2_ws/src/crawling_robot_controller/src/position_control.cpp:125:22:[m[K [01;35m[Kwarning: [m[Kcomparison of integer expressions of different signedness: ‘[01m[Kint[m[K’ and ‘[01m[Kstd::vector<std::pair<double, double> >::size_type[m[K’ {aka ‘[01m[Klong unsigned int[m[K’} [[01;35m[K]8;;https://gcc.gnu.org/onlinedocs/gcc/Warning-Options.html#index-Wsign-compare-Wsign-compare]8;;[m[K]
  125 |     if ([01;35m[Ktarget_index < points.size()[m[K)
      |         [01;35m[K~~~~~~~~~~~~~^~~~~~~~~~~~~~~[m[K
gmake[2]: *** [CMakeFiles/position_control.dir/build.make:76: CMakeFiles/position_control.dir/src/position_control.cpp.o] Error 1
gmake[1]: *** [CMakeFiles/Makefile2:137: CMakeFiles/position_control.dir/all] Error 2
gmake: *** [Makefile:146: all] Error 2
