[0.012s] Invoking command in '/home/sshyuk/ros2_ws/build/crawling_robot_controller': CMAKE_PREFIX_PATH=${CMAKE_PREFIX_PATH}:/home/sshyuk/ros2_ws/install/keyboard:/home/sshyuk/ros2_ws/install/crawling_sunghyuk:/opt/ros/humble /usr/bin/cmake --build /home/sshyuk/ros2_ws/build/crawling_robot_controller -- -j20 -l20
[0.171s] [35m[1mConsolidate compiler generated dependencies of target position_control[0m
[0.171s] [ 50%] [32mBuilding CXX object CMakeFiles/position_control.dir/src/position_control.cpp.o[0m
[1.470s] [01m[K/home/sshyuk/ros2_ws/src/crawling_robot_controller/src/position_control.cpp:11:8:[m[K [01;31m[Kerror: [m[Kredefinition of ‘[01m[Kdouble step_size[m[K’
[1.470s]    11 | double [01;31m[Kstep_size[m[K = 0.000;
[1.470s]       |        [01;31m[K^~~~~~~~~[m[K
[1.470s] In file included from [01m[K/home/sshyuk/ros2_ws/src/crawling_robot_controller/src/position_control.cpp:1[m[K:
[1.470s] [01m[K/home/sshyuk/ros2_ws/src/crawling_robot_controller/include/crawling_robot_controller/define.h:84:8:[m[K [01;36m[Knote: [m[K‘[01m[Kdouble step_size[m[K’ previously defined here
[1.470s]    84 | double [01;36m[Kstep_size[m[K = 0.005;
[1.470s]       |        [01;36m[K^~~~~~~~~[m[K
[1.472s] [01m[K/home/sshyuk/ros2_ws/src/crawling_robot_controller/src/position_control.cpp:25:40:[m[K [01;31m[Kerror: [m[Kredefinition of ‘[01m[Kstd::vector<std::pair<double, double> > points[m[K’
[1.473s]    25 | tor<std::pair<double, double>> [01;31m[Kpoints[m[K = getPoints(step_size);
[1.473s]       |                                [01;31m[K^~~~~~[m[K
[1.473s] 
[1.473s] In file included from [01m[K/home/sshyuk/ros2_ws/src/crawling_robot_controller/src/position_control.cpp:1[m[K:
[1.473s] [01m[K/home/sshyuk/ros2_ws/src/crawling_robot_controller/include/crawling_robot_controller/define.h:68:40:[m[K [01;36m[Knote: [m[K‘[01m[Kstd::vector<std::pair<double, double> > points[m[K’ previously declared here
[1.473s]    68 | vector<std::pair<double, double>> [01;36m[Kpoints[m[K =
[1.473s]       |                                   [01;36m[K^~~~~~[m[K
[1.473s] 
[1.475s] [01m[K/home/sshyuk/ros2_ws/src/crawling_robot_controller/src/position_control.cpp:[m[K In function ‘[01m[Kvoid path()[m[K’:
[1.476s] [01m[K/home/sshyuk/ros2_ws/src/crawling_robot_controller/src/position_control.cpp:125:22:[m[K [01;35m[Kwarning: [m[Kcomparison of integer expressions of different signedness: ‘[01m[Kint[m[K’ and ‘[01m[Kstd::vector<std::pair<double, double> >::size_type[m[K’ {aka ‘[01m[Klong unsigned int[m[K’} [[01;35m[K]8;;https://gcc.gnu.org/onlinedocs/gcc/Warning-Options.html#index-Wsign-compare-Wsign-compare]8;;[m[K]
[1.476s]   125 |     if ([01;35m[Ktarget_index < points.size()[m[K)
[1.476s]       |         [01;35m[K~~~~~~~~~~~~~^~~~~~~~~~~~~~~[m[K
[3.078s] gmake[2]: *** [CMakeFiles/position_control.dir/build.make:76: CMakeFiles/position_control.dir/src/position_control.cpp.o] Error 1
[3.079s] gmake[1]: *** [CMakeFiles/Makefile2:137: CMakeFiles/position_control.dir/all] Error 2
[3.079s] gmake: *** [Makefile:146: all] Error 2
[3.081s] Invoked command in '/home/sshyuk/ros2_ws/build/crawling_robot_controller' returned '2': CMAKE_PREFIX_PATH=${CMAKE_PREFIX_PATH}:/home/sshyuk/ros2_ws/install/keyboard:/home/sshyuk/ros2_ws/install/crawling_sunghyuk:/opt/ros/humble /usr/bin/cmake --build /home/sshyuk/ros2_ws/build/crawling_robot_controller -- -j20 -l20
