-- Found ament_cmake: 1.3.11 (/opt/ros/humble/share/ament_cmake/cmake)
-- Override CMake install command with custom implementation using symlinks instead of copying resources
-- Found rclcpp: 16.0.11 (/opt/ros/humble/share/rclcpp/cmake)
-- Found rosidl_generator_c: 3.1.6 (/opt/ros/humble/share/rosidl_generator_c/cmake)
-- Found rosidl_adapter: 3.1.6 (/opt/ros/humble/share/rosidl_adapter/cmake)
-- Found rosidl_generator_cpp: 3.1.6 (/opt/ros/humble/share/rosidl_generator_cpp/cmake)
-- Using all available rosidl_typesupport_c: rosidl_typesupport_fastrtps_c;rosidl_typesupport_introspection_c
-- Using all available rosidl_typesupport_cpp: rosidl_typesupport_fastrtps_cpp;rosidl_typesupport_introspection_cpp
-- Found rmw_implementation_cmake: 6.1.2 (/opt/ros/humble/share/rmw_implementation_cmake/cmake)
-- Found rmw_fastrtps_cpp: 6.2.7 (/opt/ros/humble/share/rmw_fastrtps_cpp/cmake)
-- Using RMW implementation 'rmw_fastrtps_cpp' as default
-- Found dynamixel_sdk: 3.7.60 (/opt/ros/humble/share/dynamixel_sdk/cmake)
-- Found geometry_msgs: 4.2.4 (/opt/ros/humble/share/geometry_msgs/cmake)
-- Found ament_lint_auto: 0.12.11 (/opt/ros/humble/share/ament_lint_auto/cmake)
-- Added test 'copyright' to check source files copyright and LICENSE
-- Added test 'cppcheck' to perform static code analysis on C / C++ code
-- Configured cppcheck include dirs: /home/sshyuk/ros2_ws/src/crawling_robot_controller/include
-- Configured cppcheck exclude dirs and/or files: 
-- Added test 'flake8' to check Python code syntax and style conventions
-- Added test 'lint_cmake' to check CMake code style
-- Added test 'pep257' to check Python code against some of the docstring style conventions in PEP 257
-- Added test 'uncrustify' to check C / C++ code style
-- Configured uncrustify additional arguments: 
-- Added test 'xmllint' to check XML markup files
-- Configuring done
-- Generating done
-- Build files have been written to: /home/sshyuk/ros2_ws/build/crawling_robot_controller
[35m[1mConsolidate compiler generated dependencies of target position_control[0m
[100%] Built target position_control
-- Install configuration: ""
-- Execute custom install script
-- Up-to-date symlink: /home/sshyuk/ros2_ws/install/crawling_robot_controller/lib/crawling_robot_controller/position_control
-- Up-to-date symlink: /home/sshyuk/ros2_ws/install/crawling_robot_controller/share/crawling_robot_controller//launch/robot_launch.py
-- Up-to-date symlink: /home/sshyuk/ros2_ws/install/crawling_robot_controller/share/ament_index/resource_index/package_run_dependencies/crawling_robot_controller
-- Up-to-date symlink: /home/sshyuk/ros2_ws/install/crawling_robot_controller/share/ament_index/resource_index/parent_prefix_path/crawling_robot_controller
-- Up-to-date symlink: /home/sshyuk/ros2_ws/install/crawling_robot_controller/share/crawling_robot_controller/environment/ament_prefix_path.sh
-- Up-to-date symlink: /home/sshyuk/ros2_ws/install/crawling_robot_controller/share/crawling_robot_controller/environment/ament_prefix_path.dsv
-- Up-to-date symlink: /home/sshyuk/ros2_ws/install/crawling_robot_controller/share/crawling_robot_controller/environment/path.sh
-- Up-to-date symlink: /home/sshyuk/ros2_ws/install/crawling_robot_controller/share/crawling_robot_controller/environment/path.dsv
-- Up-to-date symlink: /home/sshyuk/ros2_ws/install/crawling_robot_controller/share/crawling_robot_controller/local_setup.bash
-- Up-to-date symlink: /home/sshyuk/ros2_ws/install/crawling_robot_controller/share/crawling_robot_controller/local_setup.sh
-- Up-to-date symlink: /home/sshyuk/ros2_ws/install/crawling_robot_controller/share/crawling_robot_controller/local_setup.zsh
-- Up-to-date symlink: /home/sshyuk/ros2_ws/install/crawling_robot_controller/share/crawling_robot_controller/local_setup.dsv
-- Symlinking: /home/sshyuk/ros2_ws/install/crawling_robot_controller/share/crawling_robot_controller/package.dsv
-- Up-to-date symlink: /home/sshyuk/ros2_ws/install/crawling_robot_controller/share/ament_index/resource_index/packages/crawling_robot_controller
-- Up-to-date symlink: /home/sshyuk/ros2_ws/install/crawling_robot_controller/share/crawling_robot_controller/cmake/crawling_robot_controllerConfig.cmake
-- Up-to-date symlink: /home/sshyuk/ros2_ws/install/crawling_robot_controller/share/crawling_robot_controller/cmake/crawling_robot_controllerConfig-version.cmake
-- Up-to-date symlink: /home/sshyuk/ros2_ws/install/crawling_robot_controller/share/crawling_robot_controller/package.xml
